Files already downloaded and verified
Files already downloaded and verified
Training Epoch: 1 [32/50000]	Loss: 4.5891	LR: 0.060000
Evaluating Network.....
Test set: Epoch: 1, Average loss: 0.1259, Top1Accuracy: 0.0633, Top3Accuracy: 0.1546, Top5Accuracy: 0.2353, Time consumed:3.84s

Training Epoch: 2 [32/50000]	Loss: 3.9151	LR: 0.058200
Evaluating Network.....
Test set: Epoch: 2, Average loss: 0.1169, Top1Accuracy: 0.1066, Top3Accuracy: 0.2447, Top5Accuracy: 0.3513, Time consumed:3.74s

Training Epoch: 3 [32/50000]	Loss: 3.7756	LR: 0.056454
Evaluating Network.....
Test set: Epoch: 3, Average loss: 0.1117, Top1Accuracy: 0.1384, Top3Accuracy: 0.2988, Top5Accuracy: 0.4075, Time consumed:3.87s

Training Epoch: 4 [32/50000]	Loss: 3.7577	LR: 0.054760
Evaluating Network.....
Test set: Epoch: 4, Average loss: 0.1015, Top1Accuracy: 0.1862, Top3Accuracy: 0.3752, Top5Accuracy: 0.4872, Time consumed:3.83s

Training Epoch: 5 [32/50000]	Loss: 3.2808	LR: 0.053118
Evaluating Network.....
Test set: Epoch: 5, Average loss: 0.1124, Top1Accuracy: 0.1437, Top3Accuracy: 0.3031, Top5Accuracy: 0.4017, Time consumed:4.00s

Training Epoch: 6 [32/50000]	Loss: 3.2084	LR: 0.051524
Evaluating Network.....
Test set: Epoch: 6, Average loss: 0.1067, Top1Accuracy: 0.1724, Top3Accuracy: 0.3479, Top5Accuracy: 0.4549, Time consumed:3.79s

Training Epoch: 7 [32/50000]	Loss: 3.4801	LR: 0.049978
Evaluating Network.....
Test set: Epoch: 7, Average loss: 0.0964, Top1Accuracy: 0.2323, Top3Accuracy: 0.4298, Top5Accuracy: 0.5372, Time consumed:4.01s

Training Epoch: 8 [32/50000]	Loss: 3.3897	LR: 0.048479
Evaluating Network.....
Test set: Epoch: 8, Average loss: 0.0998, Top1Accuracy: 0.2138, Top3Accuracy: 0.4112, Top5Accuracy: 0.5213, Time consumed:4.26s

Training Epoch: 9 [32/50000]	Loss: 2.9731	LR: 0.047025
Evaluating Network.....
Test set: Epoch: 9, Average loss: 0.0952, Top1Accuracy: 0.2332, Top3Accuracy: 0.4385, Top5Accuracy: 0.5567, Time consumed:4.56s

Training Epoch: 10 [32/50000]	Loss: 3.0340	LR: 0.045614
Evaluating Network.....
Test set: Epoch: 10, Average loss: 0.0880, Top1Accuracy: 0.2738, Top3Accuracy: 0.4864, Top5Accuracy: 0.5939, Time consumed:5.02s

Training Epoch: 11 [32/50000]	Loss: 2.5410	LR: 0.044245
Evaluating Network.....
Test set: Epoch: 11, Average loss: 0.0906, Top1Accuracy: 0.2553, Top3Accuracy: 0.4738, Top5Accuracy: 0.5849, Time consumed:5.06s

Training Epoch: 12 [32/50000]	Loss: 3.0286	LR: 0.042918
Evaluating Network.....
Test set: Epoch: 12, Average loss: 0.0826, Top1Accuracy: 0.3071, Top3Accuracy: 0.5272, Top5Accuracy: 0.6383, Time consumed:5.04s

Training Epoch: 13 [32/50000]	Loss: 2.3521	LR: 0.041631
Evaluating Network.....
Test set: Epoch: 13, Average loss: 0.0966, Top1Accuracy: 0.2251, Top3Accuracy: 0.4257, Top5Accuracy: 0.5342, Time consumed:5.10s

Training Epoch: 14 [32/50000]	Loss: 2.8569	LR: 0.040382
Evaluating Network.....
Test set: Epoch: 14, Average loss: 0.0913, Top1Accuracy: 0.2679, Top3Accuracy: 0.4858, Top5Accuracy: 0.5948, Time consumed:5.00s

Training Epoch: 15 [32/50000]	Loss: 2.5192	LR: 0.039170
Evaluating Network.....
Test set: Epoch: 15, Average loss: 0.0868, Top1Accuracy: 0.2810, Top3Accuracy: 0.5074, Top5Accuracy: 0.6247, Time consumed:5.04s

Training Epoch: 16 [32/50000]	Loss: 2.5717	LR: 0.037995
Evaluating Network.....
Test set: Epoch: 16, Average loss: 0.0817, Top1Accuracy: 0.3083, Top3Accuracy: 0.5356, Top5Accuracy: 0.6519, Time consumed:5.03s

Training Epoch: 17 [32/50000]	Loss: 2.8478	LR: 0.036855
Evaluating Network.....
Test set: Epoch: 17, Average loss: 0.0782, Top1Accuracy: 0.3347, Top3Accuracy: 0.5668, Top5Accuracy: 0.6734, Time consumed:4.42s

Training Epoch: 18 [32/50000]	Loss: 3.0016	LR: 0.035750
Evaluating Network.....
Test set: Epoch: 18, Average loss: 0.0872, Top1Accuracy: 0.2921, Top3Accuracy: 0.5073, Top5Accuracy: 0.6153, Time consumed:4.69s

Training Epoch: 19 [32/50000]	Loss: 2.5990	LR: 0.034677
Evaluating Network.....
Test set: Epoch: 19, Average loss: 0.0786, Top1Accuracy: 0.3307, Top3Accuracy: 0.5616, Top5Accuracy: 0.6732, Time consumed:4.48s

Training Epoch: 20 [32/50000]	Loss: 2.2354	LR: 0.033637
Evaluating Network.....
Test set: Epoch: 20, Average loss: 0.0789, Top1Accuracy: 0.3411, Top3Accuracy: 0.5621, Top5Accuracy: 0.6701, Time consumed:5.00s

Training Epoch: 21 [32/50000]	Loss: 2.6635	LR: 0.032628
Evaluating Network.....
Test set: Epoch: 21, Average loss: 0.0769, Top1Accuracy: 0.3543, Top3Accuracy: 0.5805, Top5Accuracy: 0.6818, Time consumed:5.01s

Training Epoch: 22 [32/50000]	Loss: 2.4699	LR: 0.031649
Evaluating Network.....
Test set: Epoch: 22, Average loss: 0.0734, Top1Accuracy: 0.3675, Top3Accuracy: 0.6068, Top5Accuracy: 0.7114, Time consumed:5.03s

Training Epoch: 23 [32/50000]	Loss: 2.5340	LR: 0.030699
Evaluating Network.....
Test set: Epoch: 23, Average loss: 0.0741, Top1Accuracy: 0.3664, Top3Accuracy: 0.5957, Top5Accuracy: 0.7018, Time consumed:5.08s

Training Epoch: 24 [32/50000]	Loss: 2.6315	LR: 0.029778
Evaluating Network.....
Test set: Epoch: 24, Average loss: 0.0751, Top1Accuracy: 0.3624, Top3Accuracy: 0.5901, Top5Accuracy: 0.6918, Time consumed:5.02s

Training Epoch: 25 [32/50000]	Loss: 2.2895	LR: 0.028885
Evaluating Network.....
Test set: Epoch: 25, Average loss: 0.0710, Top1Accuracy: 0.3820, Top3Accuracy: 0.6191, Top5Accuracy: 0.7244, Time consumed:5.00s

Training Epoch: 26 [32/50000]	Loss: 2.0736	LR: 0.028018
Evaluating Network.....
Test set: Epoch: 26, Average loss: 0.0739, Top1Accuracy: 0.3755, Top3Accuracy: 0.5990, Top5Accuracy: 0.6994, Time consumed:5.04s

Training Epoch: 27 [32/50000]	Loss: 2.4525	LR: 0.027178
Evaluating Network.....
Test set: Epoch: 27, Average loss: 0.0819, Top1Accuracy: 0.3340, Top3Accuracy: 0.5476, Top5Accuracy: 0.6562, Time consumed:5.01s

Training Epoch: 28 [32/50000]	Loss: 2.1971	LR: 0.026363
Evaluating Network.....
Test set: Epoch: 28, Average loss: 0.0734, Top1Accuracy: 0.3728, Top3Accuracy: 0.6048, Top5Accuracy: 0.7117, Time consumed:5.04s

Training Epoch: 29 [32/50000]	Loss: 2.4016	LR: 0.025572
Evaluating Network.....
Test set: Epoch: 29, Average loss: 0.0724, Top1Accuracy: 0.3866, Top3Accuracy: 0.6134, Top5Accuracy: 0.7157, Time consumed:5.06s

Training Epoch: 30 [32/50000]	Loss: 2.3258	LR: 0.024805
Evaluating Network.....
Test set: Epoch: 30, Average loss: 0.0678, Top1Accuracy: 0.4193, Top3Accuracy: 0.6477, Top5Accuracy: 0.7435, Time consumed:5.07s

Training Epoch: 31 [32/50000]	Loss: 2.3371	LR: 0.024060
Evaluating Network.....
Test set: Epoch: 31, Average loss: 0.0791, Top1Accuracy: 0.3467, Top3Accuracy: 0.5752, Top5Accuracy: 0.6787, Time consumed:5.02s

Training Epoch: 32 [32/50000]	Loss: 1.8184	LR: 0.023339
Evaluating Network.....
Test set: Epoch: 32, Average loss: 0.0670, Top1Accuracy: 0.4196, Top3Accuracy: 0.6492, Top5Accuracy: 0.7442, Time consumed:5.04s

Training Epoch: 33 [32/50000]	Loss: 1.9133	LR: 0.022638
Evaluating Network.....
Test set: Epoch: 33, Average loss: 0.0803, Top1Accuracy: 0.3403, Top3Accuracy: 0.5605, Top5Accuracy: 0.6626, Time consumed:5.01s

Training Epoch: 34 [32/50000]	Loss: 1.9314	LR: 0.021959
Evaluating Network.....
Test set: Epoch: 34, Average loss: 0.0680, Top1Accuracy: 0.4245, Top3Accuracy: 0.6421, Top5Accuracy: 0.7364, Time consumed:5.04s

Training Epoch: 35 [32/50000]	Loss: 2.6178	LR: 0.021301
Evaluating Network.....
Test set: Epoch: 35, Average loss: 0.0756, Top1Accuracy: 0.3740, Top3Accuracy: 0.6004, Top5Accuracy: 0.6992, Time consumed:5.01s

Training Epoch: 36 [32/50000]	Loss: 2.7442	LR: 0.020662
Evaluating Network.....
Test set: Epoch: 36, Average loss: 0.0707, Top1Accuracy: 0.3926, Top3Accuracy: 0.6252, Top5Accuracy: 0.7298, Time consumed:4.99s

Training Epoch: 37 [32/50000]	Loss: 2.1429	LR: 0.020042
Evaluating Network.....
Test set: Epoch: 37, Average loss: 0.0662, Top1Accuracy: 0.4245, Top3Accuracy: 0.6552, Top5Accuracy: 0.7577, Time consumed:4.98s

Training Epoch: 38 [32/50000]	Loss: 1.9509	LR: 0.019440
Evaluating Network.....
Test set: Epoch: 38, Average loss: 0.0688, Top1Accuracy: 0.4110, Top3Accuracy: 0.6449, Top5Accuracy: 0.7393, Time consumed:5.01s

Training Epoch: 39 [32/50000]	Loss: 2.6477	LR: 0.018857
Evaluating Network.....
Test set: Epoch: 39, Average loss: 0.0689, Top1Accuracy: 0.4113, Top3Accuracy: 0.6409, Top5Accuracy: 0.7428, Time consumed:5.01s

Training Epoch: 40 [32/50000]	Loss: 2.3197	LR: 0.018291
Evaluating Network.....
Test set: Epoch: 40, Average loss: 0.0612, Top1Accuracy: 0.4652, Top3Accuracy: 0.6856, Top5Accuracy: 0.7808, Time consumed:5.04s

Training Epoch: 41 [32/50000]	Loss: 2.0097	LR: 0.017743
Evaluating Network.....
Test set: Epoch: 41, Average loss: 0.0670, Top1Accuracy: 0.4220, Top3Accuracy: 0.6539, Top5Accuracy: 0.7515, Time consumed:5.03s

Training Epoch: 42 [32/50000]	Loss: 1.7123	LR: 0.017210
Evaluating Network.....
Test set: Epoch: 42, Average loss: 0.0636, Top1Accuracy: 0.4472, Top3Accuracy: 0.6750, Top5Accuracy: 0.7657, Time consumed:5.06s

Training Epoch: 43 [32/50000]	Loss: 1.8269	LR: 0.016694
Evaluating Network.....
Test set: Epoch: 43, Average loss: 0.0627, Top1Accuracy: 0.4522, Top3Accuracy: 0.6878, Top5Accuracy: 0.7799, Time consumed:5.01s

Training Epoch: 44 [32/50000]	Loss: 1.7140	LR: 0.016193
Evaluating Network.....
Test set: Epoch: 44, Average loss: 0.0644, Top1Accuracy: 0.4414, Top3Accuracy: 0.6714, Top5Accuracy: 0.7638, Time consumed:5.03s

Training Epoch: 45 [32/50000]	Loss: 2.2528	LR: 0.015708
Evaluating Network.....
Test set: Epoch: 45, Average loss: 0.0592, Top1Accuracy: 0.4814, Top3Accuracy: 0.7057, Top5Accuracy: 0.7968, Time consumed:5.04s

Training Epoch: 46 [32/50000]	Loss: 1.9887	LR: 0.015236
Evaluating Network.....
Test set: Epoch: 46, Average loss: 0.0584, Top1Accuracy: 0.4776, Top3Accuracy: 0.7110, Top5Accuracy: 0.8048, Time consumed:5.02s

Training Epoch: 47 [32/50000]	Loss: 1.9138	LR: 0.014779
Evaluating Network.....
Test set: Epoch: 47, Average loss: 0.0603, Top1Accuracy: 0.4708, Top3Accuracy: 0.6950, Top5Accuracy: 0.7930, Time consumed:5.04s

Training Epoch: 48 [32/50000]	Loss: 1.7332	LR: 0.014336
Evaluating Network.....
Test set: Epoch: 48, Average loss: 0.0611, Top1Accuracy: 0.4707, Top3Accuracy: 0.6895, Top5Accuracy: 0.7805, Time consumed:5.03s

Training Epoch: 49 [32/50000]	Loss: 1.8529	LR: 0.013906
Evaluating Network.....
Test set: Epoch: 49, Average loss: 0.0598, Top1Accuracy: 0.4712, Top3Accuracy: 0.7001, Top5Accuracy: 0.7905, Time consumed:5.02s

Training Epoch: 50 [32/50000]	Loss: 1.4830	LR: 0.013489
Evaluating Network.....
Test set: Epoch: 50, Average loss: 0.0601, Top1Accuracy: 0.4670, Top3Accuracy: 0.7028, Top5Accuracy: 0.7895, Time consumed:4.99s

Training Epoch: 51 [32/50000]	Loss: 1.9371	LR: 0.013084
Evaluating Network.....
Test set: Epoch: 51, Average loss: 0.0601, Top1Accuracy: 0.4759, Top3Accuracy: 0.6990, Top5Accuracy: 0.7881, Time consumed:5.01s

Training Epoch: 52 [32/50000]	Loss: 2.3257	LR: 0.012691
Evaluating Network.....
Test set: Epoch: 52, Average loss: 0.0595, Top1Accuracy: 0.4739, Top3Accuracy: 0.7045, Top5Accuracy: 0.7959, Time consumed:5.03s

Training Epoch: 53 [32/50000]	Loss: 2.3546	LR: 0.012311
Evaluating Network.....
Test set: Epoch: 53, Average loss: 0.0567, Top1Accuracy: 0.4970, Top3Accuracy: 0.7264, Top5Accuracy: 0.8087, Time consumed:5.04s

Training Epoch: 54 [32/50000]	Loss: 1.6058	LR: 0.011941
Evaluating Network.....
Test set: Epoch: 54, Average loss: 0.0608, Top1Accuracy: 0.4641, Top3Accuracy: 0.6971, Top5Accuracy: 0.7850, Time consumed:5.02s

Training Epoch: 55 [32/50000]	Loss: 2.0158	LR: 0.011583
Evaluating Network.....
Test set: Epoch: 55, Average loss: 0.0622, Top1Accuracy: 0.4588, Top3Accuracy: 0.6871, Top5Accuracy: 0.7776, Time consumed:5.03s

Training Epoch: 56 [32/50000]	Loss: 2.0122	LR: 0.011236
Evaluating Network.....
Test set: Epoch: 56, Average loss: 0.0573, Top1Accuracy: 0.4900, Top3Accuracy: 0.7200, Top5Accuracy: 0.8078, Time consumed:5.03s

Training Epoch: 57 [32/50000]	Loss: 2.3494	LR: 0.010899
Evaluating Network.....
Test set: Epoch: 57, Average loss: 0.0561, Top1Accuracy: 0.5028, Top3Accuracy: 0.7290, Top5Accuracy: 0.8135, Time consumed:5.04s

Training Epoch: 58 [32/50000]	Loss: 2.0481	LR: 0.010572
Evaluating Network.....
Test set: Epoch: 58, Average loss: 0.0590, Top1Accuracy: 0.4856, Top3Accuracy: 0.7122, Top5Accuracy: 0.8005, Time consumed:5.03s

Training Epoch: 59 [32/50000]	Loss: 1.8083	LR: 0.010254
Evaluating Network.....
Test set: Epoch: 59, Average loss: 0.0602, Top1Accuracy: 0.4794, Top3Accuracy: 0.7021, Top5Accuracy: 0.7877, Time consumed:5.03s

Training Epoch: 60 [32/50000]	Loss: 1.9139	LR: 0.009947
Evaluating Network.....
Test set: Epoch: 60, Average loss: 0.0545, Top1Accuracy: 0.5113, Top3Accuracy: 0.7372, Top5Accuracy: 0.8236, Time consumed:5.01s

Training Epoch: 61 [32/50000]	Loss: 1.7219	LR: 0.009648
Evaluating Network.....
Test set: Epoch: 61, Average loss: 0.0599, Top1Accuracy: 0.4783, Top3Accuracy: 0.7008, Top5Accuracy: 0.7904, Time consumed:5.06s

Training Epoch: 62 [32/50000]	Loss: 2.1567	LR: 0.009359
Evaluating Network.....
Test set: Epoch: 62, Average loss: 0.0531, Top1Accuracy: 0.5201, Top3Accuracy: 0.7521, Top5Accuracy: 0.8307, Time consumed:5.06s

Training Epoch: 63 [32/50000]	Loss: 1.5811	LR: 0.009078
Evaluating Network.....
Test set: Epoch: 63, Average loss: 0.0523, Top1Accuracy: 0.5254, Top3Accuracy: 0.7564, Top5Accuracy: 0.8365, Time consumed:5.03s

Training Epoch: 64 [32/50000]	Loss: 1.9645	LR: 0.008806
Evaluating Network.....
Test set: Epoch: 64, Average loss: 0.0529, Top1Accuracy: 0.5209, Top3Accuracy: 0.7472, Top5Accuracy: 0.8325, Time consumed:5.04s

Training Epoch: 65 [32/50000]	Loss: 1.6747	LR: 0.008542
Evaluating Network.....
Test set: Epoch: 65, Average loss: 0.0526, Top1Accuracy: 0.5294, Top3Accuracy: 0.7512, Top5Accuracy: 0.8308, Time consumed:5.07s

Training Epoch: 66 [32/50000]	Loss: 1.4695	LR: 0.008285
Evaluating Network.....
Test set: Epoch: 66, Average loss: 0.0528, Top1Accuracy: 0.5263, Top3Accuracy: 0.7509, Top5Accuracy: 0.8369, Time consumed:5.05s

Training Epoch: 67 [32/50000]	Loss: 2.1660	LR: 0.008037
Evaluating Network.....
Test set: Epoch: 67, Average loss: 0.0528, Top1Accuracy: 0.5345, Top3Accuracy: 0.7539, Top5Accuracy: 0.8345, Time consumed:4.92s

Training Epoch: 68 [32/50000]	Loss: 1.6226	LR: 0.007796
Evaluating Network.....
Test set: Epoch: 68, Average loss: 0.0526, Top1Accuracy: 0.5396, Top3Accuracy: 0.7502, Top5Accuracy: 0.8326, Time consumed:4.27s

Training Epoch: 69 [32/50000]	Loss: 1.8164	LR: 0.007562
Evaluating Network.....
Test set: Epoch: 69, Average loss: 0.0529, Top1Accuracy: 0.5340, Top3Accuracy: 0.7481, Top5Accuracy: 0.8294, Time consumed:3.94s

Training Epoch: 70 [32/50000]	Loss: 1.7239	LR: 0.007335
Evaluating Network.....
Test set: Epoch: 70, Average loss: 0.0528, Top1Accuracy: 0.5295, Top3Accuracy: 0.7499, Top5Accuracy: 0.8327, Time consumed:3.93s

Training Epoch: 71 [32/50000]	Loss: 1.6822	LR: 0.007115
Evaluating Network.....
Test set: Epoch: 71, Average loss: 0.0518, Top1Accuracy: 0.5352, Top3Accuracy: 0.7530, Top5Accuracy: 0.8333, Time consumed:4.03s

Training Epoch: 72 [32/50000]	Loss: 1.2854	LR: 0.006902
Evaluating Network.....
Test set: Epoch: 72, Average loss: 0.0511, Top1Accuracy: 0.5371, Top3Accuracy: 0.7627, Top5Accuracy: 0.8450, Time consumed:3.93s

Training Epoch: 73 [32/50000]	Loss: 1.1931	LR: 0.006694
Evaluating Network.....
Test set: Epoch: 73, Average loss: 0.0501, Top1Accuracy: 0.5507, Top3Accuracy: 0.7683, Top5Accuracy: 0.8470, Time consumed:4.03s

Training Epoch: 74 [32/50000]	Loss: 1.7888	LR: 0.006494
Evaluating Network.....
Test set: Epoch: 74, Average loss: 0.0488, Top1Accuracy: 0.5635, Top3Accuracy: 0.7737, Top5Accuracy: 0.8543, Time consumed:4.14s

Training Epoch: 75 [32/50000]	Loss: 1.8776	LR: 0.006299
Evaluating Network.....
Test set: Epoch: 75, Average loss: 0.0511, Top1Accuracy: 0.5405, Top3Accuracy: 0.7618, Top5Accuracy: 0.8431, Time consumed:4.28s

Training Epoch: 76 [32/50000]	Loss: 1.5712	LR: 0.006110
Evaluating Network.....
Test set: Epoch: 76, Average loss: 0.0499, Top1Accuracy: 0.5522, Top3Accuracy: 0.7722, Top5Accuracy: 0.8511, Time consumed:4.20s

Training Epoch: 77 [32/50000]	Loss: 1.4747	LR: 0.005927
Evaluating Network.....
Test set: Epoch: 77, Average loss: 0.0504, Top1Accuracy: 0.5505, Top3Accuracy: 0.7658, Top5Accuracy: 0.8403, Time consumed:5.03s

Training Epoch: 78 [32/50000]	Loss: 1.4289	LR: 0.005749
Evaluating Network.....
Test set: Epoch: 78, Average loss: 0.0488, Top1Accuracy: 0.5552, Top3Accuracy: 0.7790, Top5Accuracy: 0.8523, Time consumed:5.01s

Training Epoch: 79 [32/50000]	Loss: 2.0959	LR: 0.005576
Evaluating Network.....
Test set: Epoch: 79, Average loss: 0.0475, Top1Accuracy: 0.5704, Top3Accuracy: 0.7800, Top5Accuracy: 0.8571, Time consumed:5.02s

Training Epoch: 80 [32/50000]	Loss: 1.6702	LR: 0.005409
Evaluating Network.....
Test set: Epoch: 80, Average loss: 0.0486, Top1Accuracy: 0.5605, Top3Accuracy: 0.7783, Top5Accuracy: 0.8526, Time consumed:5.03s

Training Epoch: 81 [32/50000]	Loss: 1.6555	LR: 0.005247
Evaluating Network.....
Test set: Epoch: 81, Average loss: 0.0500, Top1Accuracy: 0.5534, Top3Accuracy: 0.7703, Top5Accuracy: 0.8487, Time consumed:5.03s

Training Epoch: 82 [32/50000]	Loss: 1.7129	LR: 0.005089
Evaluating Network.....
Test set: Epoch: 82, Average loss: 0.0498, Top1Accuracy: 0.5544, Top3Accuracy: 0.7668, Top5Accuracy: 0.8459, Time consumed:5.02s

Training Epoch: 83 [32/50000]	Loss: 1.9598	LR: 0.004937
Evaluating Network.....
Test set: Epoch: 83, Average loss: 0.0474, Top1Accuracy: 0.5722, Top3Accuracy: 0.7875, Top5Accuracy: 0.8600, Time consumed:5.01s

Training Epoch: 84 [32/50000]	Loss: 1.3886	LR: 0.004789
Evaluating Network.....
Test set: Epoch: 84, Average loss: 0.0478, Top1Accuracy: 0.5733, Top3Accuracy: 0.7823, Top5Accuracy: 0.8526, Time consumed:5.04s

Training Epoch: 85 [32/50000]	Loss: 1.8694	LR: 0.004645
Evaluating Network.....
Test set: Epoch: 85, Average loss: 0.0471, Top1Accuracy: 0.5755, Top3Accuracy: 0.7854, Top5Accuracy: 0.8630, Time consumed:5.03s

Training Epoch: 86 [32/50000]	Loss: 1.7183	LR: 0.004506
Evaluating Network.....
Test set: Epoch: 86, Average loss: 0.0459, Top1Accuracy: 0.5864, Top3Accuracy: 0.7960, Top5Accuracy: 0.8644, Time consumed:5.00s

Training Epoch: 87 [32/50000]	Loss: 1.3143	LR: 0.004370
Evaluating Network.....
Test set: Epoch: 87, Average loss: 0.0468, Top1Accuracy: 0.5773, Top3Accuracy: 0.7891, Top5Accuracy: 0.8641, Time consumed:5.04s

Training Epoch: 88 [32/50000]	Loss: 1.8722	LR: 0.004239
Evaluating Network.....
Test set: Epoch: 88, Average loss: 0.0462, Top1Accuracy: 0.5827, Top3Accuracy: 0.7933, Top5Accuracy: 0.8639, Time consumed:5.07s

Training Epoch: 89 [32/50000]	Loss: 1.8036	LR: 0.004112
Evaluating Network.....
Test set: Epoch: 89, Average loss: 0.0451, Top1Accuracy: 0.5934, Top3Accuracy: 0.8003, Top5Accuracy: 0.8677, Time consumed:5.02s

Training Epoch: 90 [32/50000]	Loss: 1.1986	LR: 0.003989
Evaluating Network.....
Test set: Epoch: 90, Average loss: 0.0482, Top1Accuracy: 0.5667, Top3Accuracy: 0.7853, Top5Accuracy: 0.8613, Time consumed:5.01s

Training Epoch: 91 [32/50000]	Loss: 1.0491	LR: 0.003869
Evaluating Network.....
Test set: Epoch: 91, Average loss: 0.0462, Top1Accuracy: 0.5894, Top3Accuracy: 0.7902, Top5Accuracy: 0.8609, Time consumed:5.11s

Training Epoch: 92 [32/50000]	Loss: 1.3365	LR: 0.003753
Evaluating Network.....
Test set: Epoch: 92, Average loss: 0.0449, Top1Accuracy: 0.5877, Top3Accuracy: 0.8005, Top5Accuracy: 0.8697, Time consumed:2.62s

Training Epoch: 93 [32/50000]	Loss: 1.1067	LR: 0.003640
Evaluating Network.....
Test set: Epoch: 93, Average loss: 0.0453, Top1Accuracy: 0.5901, Top3Accuracy: 0.7973, Top5Accuracy: 0.8644, Time consumed:2.66s

Training Epoch: 94 [32/50000]	Loss: 1.5293	LR: 0.003531
Evaluating Network.....
Test set: Epoch: 94, Average loss: 0.0445, Top1Accuracy: 0.5986, Top3Accuracy: 0.7989, Top5Accuracy: 0.8677, Time consumed:2.60s

Training Epoch: 95 [32/50000]	Loss: 1.6110	LR: 0.003425
Evaluating Network.....
Test set: Epoch: 95, Average loss: 0.0446, Top1Accuracy: 0.5975, Top3Accuracy: 0.8014, Top5Accuracy: 0.8731, Time consumed:2.74s

Training Epoch: 96 [32/50000]	Loss: 1.4099	LR: 0.003323
Evaluating Network.....
Test set: Epoch: 96, Average loss: 0.0434, Top1Accuracy: 0.6153, Top3Accuracy: 0.8065, Top5Accuracy: 0.8747, Time consumed:2.63s

Training Epoch: 97 [32/50000]	Loss: 1.2034	LR: 0.003223
Evaluating Network.....
Test set: Epoch: 97, Average loss: 0.0442, Top1Accuracy: 0.5996, Top3Accuracy: 0.8060, Top5Accuracy: 0.8718, Time consumed:2.58s

Training Epoch: 98 [32/50000]	Loss: 1.2507	LR: 0.003126
Evaluating Network.....
Test set: Epoch: 98, Average loss: 0.0445, Top1Accuracy: 0.5933, Top3Accuracy: 0.8049, Top5Accuracy: 0.8739, Time consumed:2.62s

Training Epoch: 99 [32/50000]	Loss: 1.6778	LR: 0.003032
Evaluating Network.....
Test set: Epoch: 99, Average loss: 0.0431, Top1Accuracy: 0.6075, Top3Accuracy: 0.8110, Top5Accuracy: 0.8761, Time consumed:2.57s

Training Epoch: 100 [32/50000]	Loss: 1.4816	LR: 0.002941
Evaluating Network.....
Test set: Epoch: 100, Average loss: 0.0436, Top1Accuracy: 0.6018, Top3Accuracy: 0.8120, Top5Accuracy: 0.8761, Time consumed:2.67s

Training Epoch: 101 [32/50000]	Loss: 1.1961	LR: 0.002853
Evaluating Network.....
Test set: Epoch: 101, Average loss: 0.0430, Top1Accuracy: 0.6057, Top3Accuracy: 0.8091, Top5Accuracy: 0.8771, Time consumed:2.56s

Training Epoch: 102 [32/50000]	Loss: 1.7385	LR: 0.002768
Evaluating Network.....
Test set: Epoch: 102, Average loss: 0.0446, Top1Accuracy: 0.5975, Top3Accuracy: 0.8028, Top5Accuracy: 0.8717, Time consumed:2.62s

Training Epoch: 103 [32/50000]	Loss: 0.9567	LR: 0.002685
Evaluating Network.....
Test set: Epoch: 103, Average loss: 0.0445, Top1Accuracy: 0.5989, Top3Accuracy: 0.8059, Top5Accuracy: 0.8751, Time consumed:2.63s

Training Epoch: 104 [32/50000]	Loss: 1.2783	LR: 0.002604
Evaluating Network.....
Test set: Epoch: 104, Average loss: 0.0427, Top1Accuracy: 0.6107, Top3Accuracy: 0.8191, Top5Accuracy: 0.8820, Time consumed:2.63s

Training Epoch: 105 [32/50000]	Loss: 1.1096	LR: 0.002526
Evaluating Network.....
Test set: Epoch: 105, Average loss: 0.0432, Top1Accuracy: 0.6115, Top3Accuracy: 0.8148, Top5Accuracy: 0.8778, Time consumed:2.61s

Training Epoch: 106 [32/50000]	Loss: 1.0632	LR: 0.002450
Evaluating Network.....
Test set: Epoch: 106, Average loss: 0.0423, Top1Accuracy: 0.6154, Top3Accuracy: 0.8191, Top5Accuracy: 0.8811, Time consumed:2.58s

Training Epoch: 107 [32/50000]	Loss: 1.6544	LR: 0.002377
Evaluating Network.....
Test set: Epoch: 107, Average loss: 0.0417, Top1Accuracy: 0.6194, Top3Accuracy: 0.8226, Top5Accuracy: 0.8829, Time consumed:2.60s

Training Epoch: 108 [32/50000]	Loss: 1.2830	LR: 0.002305
Evaluating Network.....
Test set: Epoch: 108, Average loss: 0.0420, Top1Accuracy: 0.6187, Top3Accuracy: 0.8199, Top5Accuracy: 0.8815, Time consumed:2.61s

Training Epoch: 109 [32/50000]	Loss: 0.7941	LR: 0.002236
Evaluating Network.....
Test set: Epoch: 109, Average loss: 0.0420, Top1Accuracy: 0.6178, Top3Accuracy: 0.8206, Top5Accuracy: 0.8841, Time consumed:2.56s

Training Epoch: 110 [32/50000]	Loss: 1.3825	LR: 0.002169
Evaluating Network.....
Test set: Epoch: 110, Average loss: 0.0407, Top1Accuracy: 0.6288, Top3Accuracy: 0.8232, Top5Accuracy: 0.8874, Time consumed:2.61s

Training Epoch: 111 [32/50000]	Loss: 1.0502	LR: 0.002104
Evaluating Network.....
Test set: Epoch: 111, Average loss: 0.0416, Top1Accuracy: 0.6230, Top3Accuracy: 0.8207, Top5Accuracy: 0.8827, Time consumed:2.59s

Training Epoch: 112 [32/50000]	Loss: 1.5062	LR: 0.002041
Evaluating Network.....
Test set: Epoch: 112, Average loss: 0.0427, Top1Accuracy: 0.6151, Top3Accuracy: 0.8145, Top5Accuracy: 0.8800, Time consumed:2.60s

Training Epoch: 113 [32/50000]	Loss: 1.6716	LR: 0.001980
Evaluating Network.....
Test set: Epoch: 113, Average loss: 0.0419, Top1Accuracy: 0.6171, Top3Accuracy: 0.8191, Top5Accuracy: 0.8866, Time consumed:2.59s

Training Epoch: 114 [32/50000]	Loss: 1.6079	LR: 0.001920
Evaluating Network.....
Test set: Epoch: 114, Average loss: 0.0412, Top1Accuracy: 0.6200, Top3Accuracy: 0.8289, Top5Accuracy: 0.8889, Time consumed:2.62s

Training Epoch: 115 [32/50000]	Loss: 1.2090	LR: 0.001863
Evaluating Network.....
Test set: Epoch: 115, Average loss: 0.0406, Top1Accuracy: 0.6281, Top3Accuracy: 0.8263, Top5Accuracy: 0.8872, Time consumed:2.60s

Training Epoch: 116 [32/50000]	Loss: 1.4639	LR: 0.001807
Evaluating Network.....
Test set: Epoch: 116, Average loss: 0.0407, Top1Accuracy: 0.6287, Top3Accuracy: 0.8251, Top5Accuracy: 0.8865, Time consumed:2.64s

Training Epoch: 117 [32/50000]	Loss: 1.3818	LR: 0.001753
Evaluating Network.....
Test set: Epoch: 117, Average loss: 0.0406, Top1Accuracy: 0.6317, Top3Accuracy: 0.8286, Top5Accuracy: 0.8874, Time consumed:2.57s

Training Epoch: 118 [32/50000]	Loss: 0.9823	LR: 0.001700
Evaluating Network.....
Test set: Epoch: 118, Average loss: 0.0401, Top1Accuracy: 0.6330, Top3Accuracy: 0.8294, Top5Accuracy: 0.8895, Time consumed:2.61s

Training Epoch: 119 [32/50000]	Loss: 1.2125	LR: 0.001649
Evaluating Network.....
Test set: Epoch: 119, Average loss: 0.0406, Top1Accuracy: 0.6283, Top3Accuracy: 0.8286, Top5Accuracy: 0.8922, Time consumed:2.66s

Training Epoch: 120 [32/50000]	Loss: 1.1275	LR: 0.001600
Evaluating Network.....
Test set: Epoch: 120, Average loss: 0.0399, Top1Accuracy: 0.6309, Top3Accuracy: 0.8363, Top5Accuracy: 0.8949, Time consumed:2.56s

Training Epoch: 121 [32/50000]	Loss: 1.3737	LR: 0.001552
Evaluating Network.....
Test set: Epoch: 121, Average loss: 0.0405, Top1Accuracy: 0.6323, Top3Accuracy: 0.8269, Top5Accuracy: 0.8873, Time consumed:2.61s

Training Epoch: 122 [32/50000]	Loss: 1.1007	LR: 0.001505
Evaluating Network.....
Test set: Epoch: 122, Average loss: 0.0404, Top1Accuracy: 0.6299, Top3Accuracy: 0.8260, Top5Accuracy: 0.8918, Time consumed:2.61s

Training Epoch: 123 [32/50000]	Loss: 1.4592	LR: 0.001460
Evaluating Network.....
Test set: Epoch: 123, Average loss: 0.0395, Top1Accuracy: 0.6396, Top3Accuracy: 0.8326, Top5Accuracy: 0.8930, Time consumed:2.62s

Training Epoch: 124 [32/50000]	Loss: 1.1062	LR: 0.001416
Evaluating Network.....
Test set: Epoch: 124, Average loss: 0.0392, Top1Accuracy: 0.6430, Top3Accuracy: 0.8364, Top5Accuracy: 0.8918, Time consumed:2.60s

Training Epoch: 125 [32/50000]	Loss: 1.8273	LR: 0.001374
Evaluating Network.....
Test set: Epoch: 125, Average loss: 0.0397, Top1Accuracy: 0.6387, Top3Accuracy: 0.8357, Top5Accuracy: 0.8908, Time consumed:2.65s

Training Epoch: 126 [32/50000]	Loss: 1.0488	LR: 0.001332
Evaluating Network.....
Test set: Epoch: 126, Average loss: 0.0393, Top1Accuracy: 0.6422, Top3Accuracy: 0.8339, Top5Accuracy: 0.8919, Time consumed:2.59s

Training Epoch: 127 [32/50000]	Loss: 1.6738	LR: 0.001292
Evaluating Network.....
Test set: Epoch: 127, Average loss: 0.0396, Top1Accuracy: 0.6389, Top3Accuracy: 0.8313, Top5Accuracy: 0.8917, Time consumed:2.60s

Training Epoch: 128 [32/50000]	Loss: 1.2443	LR: 0.001254
Evaluating Network.....
Test set: Epoch: 128, Average loss: 0.0393, Top1Accuracy: 0.6416, Top3Accuracy: 0.8354, Top5Accuracy: 0.8947, Time consumed:2.64s

Training Epoch: 129 [32/50000]	Loss: 1.4201	LR: 0.001216
Evaluating Network.....
Test set: Epoch: 129, Average loss: 0.0395, Top1Accuracy: 0.6457, Top3Accuracy: 0.8321, Top5Accuracy: 0.8938, Time consumed:2.58s

Training Epoch: 130 [32/50000]	Loss: 1.4550	LR: 0.001180
Evaluating Network.....
Test set: Epoch: 130, Average loss: 0.0395, Top1Accuracy: 0.6432, Top3Accuracy: 0.8312, Top5Accuracy: 0.8931, Time consumed:2.60s

Training Epoch: 131 [32/50000]	Loss: 1.6391	LR: 0.001144
Evaluating Network.....
Test set: Epoch: 131, Average loss: 0.0393, Top1Accuracy: 0.6456, Top3Accuracy: 0.8313, Top5Accuracy: 0.8946, Time consumed:2.57s

Training Epoch: 132 [32/50000]	Loss: 1.3272	LR: 0.001110
Evaluating Network.....
Test set: Epoch: 132, Average loss: 0.0385, Top1Accuracy: 0.6485, Top3Accuracy: 0.8417, Top5Accuracy: 0.9011, Time consumed:2.57s

Training Epoch: 133 [32/50000]	Loss: 1.1462	LR: 0.001077
Evaluating Network.....
Test set: Epoch: 133, Average loss: 0.0390, Top1Accuracy: 0.6458, Top3Accuracy: 0.8374, Top5Accuracy: 0.8942, Time consumed:2.62s

Training Epoch: 134 [32/50000]	Loss: 1.1122	LR: 0.001044
Evaluating Network.....
Test set: Epoch: 134, Average loss: 0.0390, Top1Accuracy: 0.6492, Top3Accuracy: 0.8359, Top5Accuracy: 0.8937, Time consumed:2.59s

Training Epoch: 135 [32/50000]	Loss: 1.0921	LR: 0.001013
Evaluating Network.....
Test set: Epoch: 135, Average loss: 0.0392, Top1Accuracy: 0.6445, Top3Accuracy: 0.8401, Top5Accuracy: 0.8950, Time consumed:2.61s

Training Epoch: 136 [32/50000]	Loss: 0.9227	LR: 0.000983
Evaluating Network.....
Test set: Epoch: 136, Average loss: 0.0382, Top1Accuracy: 0.6517, Top3Accuracy: 0.8419, Top5Accuracy: 0.8976, Time consumed:2.61s

Training Epoch: 137 [32/50000]	Loss: 1.3853	LR: 0.000953
Evaluating Network.....
Test set: Epoch: 137, Average loss: 0.0378, Top1Accuracy: 0.6543, Top3Accuracy: 0.8401, Top5Accuracy: 0.9002, Time consumed:2.67s

Training Epoch: 138 [32/50000]	Loss: 1.0233	LR: 0.000924
Evaluating Network.....
Test set: Epoch: 138, Average loss: 0.0384, Top1Accuracy: 0.6534, Top3Accuracy: 0.8398, Top5Accuracy: 0.8970, Time consumed:2.56s

Training Epoch: 139 [32/50000]	Loss: 0.9227	LR: 0.000897
Evaluating Network.....
Test set: Epoch: 139, Average loss: 0.0385, Top1Accuracy: 0.6501, Top3Accuracy: 0.8403, Top5Accuracy: 0.9007, Time consumed:2.56s

Training Epoch: 140 [32/50000]	Loss: 1.2286	LR: 0.000870
Evaluating Network.....
Test set: Epoch: 140, Average loss: 0.0385, Top1Accuracy: 0.6553, Top3Accuracy: 0.8388, Top5Accuracy: 0.8985, Time consumed:2.55s

Training Epoch: 141 [32/50000]	Loss: 1.1375	LR: 0.000844
Evaluating Network.....
Test set: Epoch: 141, Average loss: 0.0383, Top1Accuracy: 0.6528, Top3Accuracy: 0.8412, Top5Accuracy: 0.8999, Time consumed:2.59s

Training Epoch: 142 [32/50000]	Loss: 1.1925	LR: 0.000818
Evaluating Network.....
Test set: Epoch: 142, Average loss: 0.0379, Top1Accuracy: 0.6532, Top3Accuracy: 0.8423, Top5Accuracy: 0.9011, Time consumed:2.61s

Training Epoch: 143 [32/50000]	Loss: 1.1494	LR: 0.000794
Evaluating Network.....
Test set: Epoch: 143, Average loss: 0.0378, Top1Accuracy: 0.6574, Top3Accuracy: 0.8433, Top5Accuracy: 0.8996, Time consumed:2.62s

Training Epoch: 144 [32/50000]	Loss: 1.1826	LR: 0.000770
Evaluating Network.....
Test set: Epoch: 144, Average loss: 0.0377, Top1Accuracy: 0.6575, Top3Accuracy: 0.8449, Top5Accuracy: 0.9012, Time consumed:2.58s

Training Epoch: 145 [32/50000]	Loss: 0.8744	LR: 0.000747
Evaluating Network.....
Test set: Epoch: 145, Average loss: 0.0379, Top1Accuracy: 0.6550, Top3Accuracy: 0.8459, Top5Accuracy: 0.9020, Time consumed:2.63s

Training Epoch: 146 [32/50000]	Loss: 1.0960	LR: 0.000725
Evaluating Network.....
Test set: Epoch: 146, Average loss: 0.0378, Top1Accuracy: 0.6580, Top3Accuracy: 0.8426, Top5Accuracy: 0.9022, Time consumed:2.64s

Training Epoch: 147 [32/50000]	Loss: 1.2598	LR: 0.000703
Evaluating Network.....
Test set: Epoch: 147, Average loss: 0.0380, Top1Accuracy: 0.6543, Top3Accuracy: 0.8440, Top5Accuracy: 0.8986, Time consumed:2.60s

Training Epoch: 148 [32/50000]	Loss: 1.1235	LR: 0.000682
Evaluating Network.....
Test set: Epoch: 148, Average loss: 0.0376, Top1Accuracy: 0.6557, Top3Accuracy: 0.8466, Top5Accuracy: 0.9015, Time consumed:2.66s

Training Epoch: 149 [32/50000]	Loss: 1.2523	LR: 0.000661
Evaluating Network.....
Test set: Epoch: 149, Average loss: 0.0379, Top1Accuracy: 0.6548, Top3Accuracy: 0.8415, Top5Accuracy: 0.9005, Time consumed:2.74s

Training Epoch: 150 [32/50000]	Loss: 0.9076	LR: 0.000641
Evaluating Network.....
Test set: Epoch: 150, Average loss: 0.0375, Top1Accuracy: 0.6617, Top3Accuracy: 0.8491, Top5Accuracy: 0.9009, Time consumed:2.67s

Training Epoch: 151 [32/50000]	Loss: 0.8643	LR: 0.000622
Evaluating Network.....
Test set: Epoch: 151, Average loss: 0.0376, Top1Accuracy: 0.6566, Top3Accuracy: 0.8467, Top5Accuracy: 0.9034, Time consumed:2.65s

Training Epoch: 152 [32/50000]	Loss: 0.9702	LR: 0.000604
Evaluating Network.....
Test set: Epoch: 152, Average loss: 0.0377, Top1Accuracy: 0.6584, Top3Accuracy: 0.8476, Top5Accuracy: 0.9035, Time consumed:2.55s

Training Epoch: 153 [32/50000]	Loss: 0.7878	LR: 0.000585
Evaluating Network.....
Test set: Epoch: 153, Average loss: 0.0373, Top1Accuracy: 0.6634, Top3Accuracy: 0.8481, Top5Accuracy: 0.9073, Time consumed:2.64s

Training Epoch: 154 [32/50000]	Loss: 0.8220	LR: 0.000568
Evaluating Network.....
Test set: Epoch: 154, Average loss: 0.0373, Top1Accuracy: 0.6628, Top3Accuracy: 0.8468, Top5Accuracy: 0.9048, Time consumed:2.64s

Training Epoch: 155 [32/50000]	Loss: 1.1593	LR: 0.000551
Evaluating Network.....
Test set: Epoch: 155, Average loss: 0.0370, Top1Accuracy: 0.6622, Top3Accuracy: 0.8465, Top5Accuracy: 0.9024, Time consumed:2.63s

Training Epoch: 156 [32/50000]	Loss: 0.7757	LR: 0.000534
Evaluating Network.....
Test set: Epoch: 156, Average loss: 0.0375, Top1Accuracy: 0.6597, Top3Accuracy: 0.8445, Top5Accuracy: 0.9011, Time consumed:2.69s

Training Epoch: 157 [32/50000]	Loss: 1.7032	LR: 0.000518
Evaluating Network.....
Test set: Epoch: 157, Average loss: 0.0375, Top1Accuracy: 0.6648, Top3Accuracy: 0.8482, Top5Accuracy: 0.9032, Time consumed:2.75s

Training Epoch: 158 [32/50000]	Loss: 0.9670	LR: 0.000503
Evaluating Network.....
Test set: Epoch: 158, Average loss: 0.0374, Top1Accuracy: 0.6599, Top3Accuracy: 0.8488, Top5Accuracy: 0.9037, Time consumed:2.61s

Training Epoch: 159 [32/50000]	Loss: 0.7959	LR: 0.000488
Evaluating Network.....
Test set: Epoch: 159, Average loss: 0.0370, Top1Accuracy: 0.6620, Top3Accuracy: 0.8485, Top5Accuracy: 0.9056, Time consumed:2.59s

Training Epoch: 160 [32/50000]	Loss: 0.8101	LR: 0.000473
Evaluating Network.....
Test set: Epoch: 160, Average loss: 0.0370, Top1Accuracy: 0.6651, Top3Accuracy: 0.8499, Top5Accuracy: 0.9036, Time consumed:2.60s

Training Epoch: 161 [32/50000]	Loss: 0.9256	LR: 0.000459
Evaluating Network.....
Test set: Epoch: 161, Average loss: 0.0371, Top1Accuracy: 0.6646, Top3Accuracy: 0.8486, Top5Accuracy: 0.9053, Time consumed:2.62s

Training Epoch: 162 [32/50000]	Loss: 0.5808	LR: 0.000445
Evaluating Network.....
Test set: Epoch: 162, Average loss: 0.0367, Top1Accuracy: 0.6638, Top3Accuracy: 0.8511, Top5Accuracy: 0.9054, Time consumed:2.62s

Training Epoch: 163 [32/50000]	Loss: 0.9767	LR: 0.000432
Evaluating Network.....
Test set: Epoch: 163, Average loss: 0.0366, Top1Accuracy: 0.6667, Top3Accuracy: 0.8527, Top5Accuracy: 0.9056, Time consumed:2.60s

Training Epoch: 164 [32/50000]	Loss: 0.7839	LR: 0.000419
Evaluating Network.....
Test set: Epoch: 164, Average loss: 0.0372, Top1Accuracy: 0.6620, Top3Accuracy: 0.8531, Top5Accuracy: 0.9056, Time consumed:2.60s

Training Epoch: 165 [32/50000]	Loss: 0.7064	LR: 0.000406
Evaluating Network.....
Test set: Epoch: 165, Average loss: 0.0366, Top1Accuracy: 0.6668, Top3Accuracy: 0.8522, Top5Accuracy: 0.9080, Time consumed:2.56s

Training Epoch: 166 [32/50000]	Loss: 0.6930	LR: 0.000394
Evaluating Network.....
Test set: Epoch: 166, Average loss: 0.0368, Top1Accuracy: 0.6674, Top3Accuracy: 0.8522, Top5Accuracy: 0.9066, Time consumed:2.69s

Training Epoch: 167 [32/50000]	Loss: 0.9882	LR: 0.000382
Evaluating Network.....
Test set: Epoch: 167, Average loss: 0.0367, Top1Accuracy: 0.6671, Top3Accuracy: 0.8519, Top5Accuracy: 0.9075, Time consumed:2.56s

Training Epoch: 168 [32/50000]	Loss: 0.8753	LR: 0.000371
Evaluating Network.....
Test set: Epoch: 168, Average loss: 0.0369, Top1Accuracy: 0.6699, Top3Accuracy: 0.8486, Top5Accuracy: 0.9070, Time consumed:2.63s

Training Epoch: 169 [32/50000]	Loss: 0.7970	LR: 0.000360
Evaluating Network.....
Test set: Epoch: 169, Average loss: 0.0368, Top1Accuracy: 0.6633, Top3Accuracy: 0.8499, Top5Accuracy: 0.9072, Time consumed:2.63s

Training Epoch: 170 [32/50000]	Loss: 0.9976	LR: 0.000349
Evaluating Network.....
Test set: Epoch: 170, Average loss: 0.0370, Top1Accuracy: 0.6668, Top3Accuracy: 0.8503, Top5Accuracy: 0.9073, Time consumed:2.58s

Training Epoch: 171 [32/50000]	Loss: 0.5231	LR: 0.000338
Evaluating Network.....
Test set: Epoch: 171, Average loss: 0.0367, Top1Accuracy: 0.6685, Top3Accuracy: 0.8549, Top5Accuracy: 0.9083, Time consumed:2.65s

Training Epoch: 172 [32/50000]	Loss: 1.2500	LR: 0.000328
Evaluating Network.....
Test set: Epoch: 172, Average loss: 0.0362, Top1Accuracy: 0.6731, Top3Accuracy: 0.8551, Top5Accuracy: 0.9098, Time consumed:2.63s

Training Epoch: 173 [32/50000]	Loss: 1.1661	LR: 0.000318
Evaluating Network.....
Test set: Epoch: 173, Average loss: 0.0366, Top1Accuracy: 0.6656, Top3Accuracy: 0.8527, Top5Accuracy: 0.9062, Time consumed:2.61s

Training Epoch: 174 [32/50000]	Loss: 0.7922	LR: 0.000309
Evaluating Network.....
Test set: Epoch: 174, Average loss: 0.0365, Top1Accuracy: 0.6714, Top3Accuracy: 0.8530, Top5Accuracy: 0.9071, Time consumed:2.61s

Training Epoch: 175 [32/50000]	Loss: 0.9534	LR: 0.000300
Evaluating Network.....
Test set: Epoch: 175, Average loss: 0.0364, Top1Accuracy: 0.6704, Top3Accuracy: 0.8507, Top5Accuracy: 0.9086, Time consumed:2.58s

Training Epoch: 176 [32/50000]	Loss: 0.8282	LR: 0.000291
Evaluating Network.....
Test set: Epoch: 176, Average loss: 0.0366, Top1Accuracy: 0.6684, Top3Accuracy: 0.8513, Top5Accuracy: 0.9087, Time consumed:2.63s

Training Epoch: 177 [32/50000]	Loss: 1.2134	LR: 0.000282
Evaluating Network.....
Test set: Epoch: 177, Average loss: 0.0364, Top1Accuracy: 0.6725, Top3Accuracy: 0.8549, Top5Accuracy: 0.9080, Time consumed:2.62s

Training Epoch: 178 [32/50000]	Loss: 0.8343	LR: 0.000273
Evaluating Network.....
Test set: Epoch: 178, Average loss: 0.0366, Top1Accuracy: 0.6707, Top3Accuracy: 0.8538, Top5Accuracy: 0.9062, Time consumed:2.66s

Training Epoch: 179 [32/50000]	Loss: 1.3741	LR: 0.000265
Evaluating Network.....
Test set: Epoch: 179, Average loss: 0.0366, Top1Accuracy: 0.6700, Top3Accuracy: 0.8519, Top5Accuracy: 0.9082, Time consumed:2.61s

Training Epoch: 180 [32/50000]	Loss: 0.8295	LR: 0.000257
Evaluating Network.....
Test set: Epoch: 180, Average loss: 0.0367, Top1Accuracy: 0.6690, Top3Accuracy: 0.8548, Top5Accuracy: 0.9082, Time consumed:2.65s

Training Epoch: 181 [32/50000]	Loss: 0.9469	LR: 0.000249
Evaluating Network.....
Test set: Epoch: 181, Average loss: 0.0367, Top1Accuracy: 0.6669, Top3Accuracy: 0.8538, Top5Accuracy: 0.9057, Time consumed:2.64s

Training Epoch: 182 [32/50000]	Loss: 0.5943	LR: 0.000242
Evaluating Network.....
Test set: Epoch: 182, Average loss: 0.0366, Top1Accuracy: 0.6652, Top3Accuracy: 0.8517, Top5Accuracy: 0.9074, Time consumed:2.60s

Training Epoch: 183 [32/50000]	Loss: 0.7782	LR: 0.000235
Evaluating Network.....
Test set: Epoch: 183, Average loss: 0.0365, Top1Accuracy: 0.6671, Top3Accuracy: 0.8503, Top5Accuracy: 0.9077, Time consumed:2.57s

Training Epoch: 184 [32/50000]	Loss: 0.7632	LR: 0.000228
Evaluating Network.....
Test set: Epoch: 184, Average loss: 0.0367, Top1Accuracy: 0.6706, Top3Accuracy: 0.8544, Top5Accuracy: 0.9058, Time consumed:2.51s

Training Epoch: 185 [32/50000]	Loss: 0.6577	LR: 0.000221
Evaluating Network.....
Test set: Epoch: 185, Average loss: 0.0364, Top1Accuracy: 0.6713, Top3Accuracy: 0.8571, Top5Accuracy: 0.9062, Time consumed:2.58s

Training Epoch: 186 [32/50000]	Loss: 0.8367	LR: 0.000214
Evaluating Network.....
Test set: Epoch: 186, Average loss: 0.0365, Top1Accuracy: 0.6698, Top3Accuracy: 0.8560, Top5Accuracy: 0.9076, Time consumed:2.51s

Training Epoch: 187 [32/50000]	Loss: 1.0603	LR: 0.000208
Evaluating Network.....
Test set: Epoch: 187, Average loss: 0.0365, Top1Accuracy: 0.6699, Top3Accuracy: 0.8537, Top5Accuracy: 0.9059, Time consumed:2.63s

Training Epoch: 188 [32/50000]	Loss: 0.9891	LR: 0.000202
Evaluating Network.....
Test set: Epoch: 188, Average loss: 0.0363, Top1Accuracy: 0.6764, Top3Accuracy: 0.8546, Top5Accuracy: 0.9067, Time consumed:2.62s

Training Epoch: 189 [32/50000]	Loss: 0.7065	LR: 0.000196
Evaluating Network.....
Test set: Epoch: 189, Average loss: 0.0363, Top1Accuracy: 0.6719, Top3Accuracy: 0.8566, Top5Accuracy: 0.9087, Time consumed:2.57s

Training Epoch: 190 [32/50000]	Loss: 0.7447	LR: 0.000190
Evaluating Network.....
Test set: Epoch: 190, Average loss: 0.0362, Top1Accuracy: 0.6738, Top3Accuracy: 0.8551, Top5Accuracy: 0.9087, Time consumed:2.60s

Training Epoch: 191 [32/50000]	Loss: 0.7089	LR: 0.000184
Evaluating Network.....
Test set: Epoch: 191, Average loss: 0.0364, Top1Accuracy: 0.6717, Top3Accuracy: 0.8559, Top5Accuracy: 0.9091, Time consumed:2.58s

Training Epoch: 192 [32/50000]	Loss: 0.7103	LR: 0.000178
Evaluating Network.....
Test set: Epoch: 192, Average loss: 0.0360, Top1Accuracy: 0.6802, Top3Accuracy: 0.8559, Top5Accuracy: 0.9064, Time consumed:2.59s

Training Epoch: 193 [32/50000]	Loss: 0.6396	LR: 0.000173
Evaluating Network.....
Test set: Epoch: 193, Average loss: 0.0362, Top1Accuracy: 0.6744, Top3Accuracy: 0.8542, Top5Accuracy: 0.9083, Time consumed:2.58s

Training Epoch: 194 [32/50000]	Loss: 0.9282	LR: 0.000168
Evaluating Network.....
Test set: Epoch: 194, Average loss: 0.0365, Top1Accuracy: 0.6743, Top3Accuracy: 0.8534, Top5Accuracy: 0.9055, Time consumed:2.58s

Training Epoch: 195 [32/50000]	Loss: 0.5857	LR: 0.000163
Evaluating Network.....
Test set: Epoch: 195, Average loss: 0.0363, Top1Accuracy: 0.6740, Top3Accuracy: 0.8536, Top5Accuracy: 0.9068, Time consumed:2.57s

Training Epoch: 196 [32/50000]	Loss: 0.8335	LR: 0.000158
Evaluating Network.....
Test set: Epoch: 196, Average loss: 0.0362, Top1Accuracy: 0.6747, Top3Accuracy: 0.8554, Top5Accuracy: 0.9086, Time consumed:2.60s

Training Epoch: 197 [32/50000]	Loss: 1.4339	LR: 0.000153
Evaluating Network.....
Test set: Epoch: 197, Average loss: 0.0361, Top1Accuracy: 0.6764, Top3Accuracy: 0.8555, Top5Accuracy: 0.9102, Time consumed:2.60s

Training Epoch: 198 [32/50000]	Loss: 0.6265	LR: 0.000149
Evaluating Network.....
Test set: Epoch: 198, Average loss: 0.0362, Top1Accuracy: 0.6763, Top3Accuracy: 0.8564, Top5Accuracy: 0.9082, Time consumed:2.60s

Training Epoch: 199 [32/50000]	Loss: 0.7708	LR: 0.000144
Evaluating Network.....
Test set: Epoch: 199, Average loss: 0.0363, Top1Accuracy: 0.6760, Top3Accuracy: 0.8564, Top5Accuracy: 0.9070, Time consumed:2.60s

Training Epoch: 200 [32/50000]	Loss: 1.3870	LR: 0.000140
Evaluating Network.....
Test set: Epoch: 200, Average loss: 0.0364, Top1Accuracy: 0.6743, Top3Accuracy: 0.8559, Top5Accuracy: 0.9059, Time consumed:2.60s

Training Epoch: 201 [32/50000]	Loss: 0.6319	LR: 0.000136
Evaluating Network.....
Test set: Epoch: 201, Average loss: 0.0363, Top1Accuracy: 0.6768, Top3Accuracy: 0.8546, Top5Accuracy: 0.9069, Time consumed:2.60s

Training Epoch: 202 [32/50000]	Loss: 0.9384	LR: 0.000132
Evaluating Network.....
Test set: Epoch: 202, Average loss: 0.0364, Top1Accuracy: 0.6734, Top3Accuracy: 0.8539, Top5Accuracy: 0.9087, Time consumed:2.57s

Training Epoch: 203 [32/50000]	Loss: 1.0379	LR: 0.000128
Evaluating Network.....
Test set: Epoch: 203, Average loss: 0.0363, Top1Accuracy: 0.6751, Top3Accuracy: 0.8576, Top5Accuracy: 0.9094, Time consumed:2.63s

Training Epoch: 204 [32/50000]	Loss: 0.7542	LR: 0.000124
Evaluating Network.....
Test set: Epoch: 204, Average loss: 0.0363, Top1Accuracy: 0.6709, Top3Accuracy: 0.8533, Top5Accuracy: 0.9076, Time consumed:2.62s

Training Epoch: 205 [32/50000]	Loss: 0.4720	LR: 0.000120
Evaluating Network.....
Test set: Epoch: 205, Average loss: 0.0364, Top1Accuracy: 0.6731, Top3Accuracy: 0.8537, Top5Accuracy: 0.9073, Time consumed:2.67s

Training Epoch: 206 [32/50000]	Loss: 0.9708	LR: 0.000117
Evaluating Network.....
Test set: Epoch: 206, Average loss: 0.0365, Top1Accuracy: 0.6740, Top3Accuracy: 0.8550, Top5Accuracy: 0.9058, Time consumed:2.64s

Training Epoch: 207 [32/50000]	Loss: 1.0431	LR: 0.000113
Evaluating Network.....
Test set: Epoch: 207, Average loss: 0.0365, Top1Accuracy: 0.6721, Top3Accuracy: 0.8551, Top5Accuracy: 0.9077, Time consumed:2.62s

Training Epoch: 208 [32/50000]	Loss: 0.8128	LR: 0.000110
Evaluating Network.....
Test set: Epoch: 208, Average loss: 0.0363, Top1Accuracy: 0.6728, Top3Accuracy: 0.8560, Top5Accuracy: 0.9072, Time consumed:2.60s

Training Epoch: 209 [32/50000]	Loss: 0.5846	LR: 0.000106
Evaluating Network.....
Test set: Epoch: 209, Average loss: 0.0364, Top1Accuracy: 0.6749, Top3Accuracy: 0.8551, Top5Accuracy: 0.9073, Time consumed:2.59s

Training Epoch: 210 [32/50000]	Loss: 0.4338	LR: 0.000103
Evaluating Network.....
Test set: Epoch: 210, Average loss: 0.0364, Top1Accuracy: 0.6736, Top3Accuracy: 0.8543, Top5Accuracy: 0.9083, Time consumed:2.60s

Training Epoch: 211 [32/50000]	Loss: 1.4804	LR: 0.000100
Evaluating Network.....
Test set: Epoch: 211, Average loss: 0.0362, Top1Accuracy: 0.6730, Top3Accuracy: 0.8537, Top5Accuracy: 0.9061, Time consumed:2.59s

Training Epoch: 212 [32/50000]	Loss: 0.6743	LR: 0.000097
Evaluating Network.....
Test set: Epoch: 212, Average loss: 0.0362, Top1Accuracy: 0.6755, Top3Accuracy: 0.8542, Top5Accuracy: 0.9074, Time consumed:2.56s

Training Epoch: 213 [32/50000]	Loss: 0.8585	LR: 0.000094
Evaluating Network.....
Test set: Epoch: 213, Average loss: 0.0364, Top1Accuracy: 0.6705, Top3Accuracy: 0.8562, Top5Accuracy: 0.9076, Time consumed:2.57s

Training Epoch: 214 [32/50000]	Loss: 0.6247	LR: 0.000091
Evaluating Network.....
Test set: Epoch: 214, Average loss: 0.0363, Top1Accuracy: 0.6754, Top3Accuracy: 0.8560, Top5Accuracy: 0.9076, Time consumed:2.63s

Training Epoch: 215 [32/50000]	Loss: 0.8776	LR: 0.000089
Evaluating Network.....
Test set: Epoch: 215, Average loss: 0.0359, Top1Accuracy: 0.6760, Top3Accuracy: 0.8580, Top5Accuracy: 0.9107, Time consumed:2.66s

Training Epoch: 216 [32/50000]	Loss: 0.7043	LR: 0.000086
Evaluating Network.....
Test set: Epoch: 216, Average loss: 0.0362, Top1Accuracy: 0.6735, Top3Accuracy: 0.8528, Top5Accuracy: 0.9070, Time consumed:2.62s

Training Epoch: 217 [32/50000]	Loss: 0.9708	LR: 0.000083
Evaluating Network.....
Test set: Epoch: 217, Average loss: 0.0364, Top1Accuracy: 0.6717, Top3Accuracy: 0.8564, Top5Accuracy: 0.9077, Time consumed:2.60s

Training Epoch: 218 [32/50000]	Loss: 0.7613	LR: 0.000081
Evaluating Network.....
Test set: Epoch: 218, Average loss: 0.0364, Top1Accuracy: 0.6753, Top3Accuracy: 0.8551, Top5Accuracy: 0.9087, Time consumed:2.62s

Training Epoch: 219 [32/50000]	Loss: 0.5051	LR: 0.000078
Evaluating Network.....
Test set: Epoch: 219, Average loss: 0.0362, Top1Accuracy: 0.6748, Top3Accuracy: 0.8557, Top5Accuracy: 0.9102, Time consumed:2.56s

Training Epoch: 220 [32/50000]	Loss: 0.9800	LR: 0.000076
Evaluating Network.....
Test set: Epoch: 220, Average loss: 0.0362, Top1Accuracy: 0.6785, Top3Accuracy: 0.8549, Top5Accuracy: 0.9095, Time consumed:2.53s

Training Epoch: 221 [32/50000]	Loss: 0.3243	LR: 0.000074
Evaluating Network.....
Test set: Epoch: 221, Average loss: 0.0364, Top1Accuracy: 0.6733, Top3Accuracy: 0.8561, Top5Accuracy: 0.9091, Time consumed:2.57s

Training Epoch: 222 [32/50000]	Loss: 0.8844	LR: 0.000072
Evaluating Network.....
Test set: Epoch: 222, Average loss: 0.0362, Top1Accuracy: 0.6754, Top3Accuracy: 0.8576, Top5Accuracy: 0.9094, Time consumed:2.58s

Training Epoch: 223 [32/50000]	Loss: 0.8464	LR: 0.000069
Evaluating Network.....
Test set: Epoch: 223, Average loss: 0.0363, Top1Accuracy: 0.6734, Top3Accuracy: 0.8561, Top5Accuracy: 0.9078, Time consumed:2.62s

Training Epoch: 224 [32/50000]	Loss: 0.7177	LR: 0.000067
Evaluating Network.....
Test set: Epoch: 224, Average loss: 0.0361, Top1Accuracy: 0.6753, Top3Accuracy: 0.8551, Top5Accuracy: 0.9093, Time consumed:2.57s

Training Epoch: 225 [32/50000]	Loss: 0.6953	LR: 0.000065
Evaluating Network.....
Test set: Epoch: 225, Average loss: 0.0365, Top1Accuracy: 0.6765, Top3Accuracy: 0.8543, Top5Accuracy: 0.9077, Time consumed:2.59s

Training Epoch: 226 [32/50000]	Loss: 0.4484	LR: 0.000063
Evaluating Network.....
Test set: Epoch: 226, Average loss: 0.0365, Top1Accuracy: 0.6738, Top3Accuracy: 0.8556, Top5Accuracy: 0.9064, Time consumed:2.59s

Training Epoch: 227 [32/50000]	Loss: 0.6855	LR: 0.000061
Evaluating Network.....
Test set: Epoch: 227, Average loss: 0.0364, Top1Accuracy: 0.6731, Top3Accuracy: 0.8565, Top5Accuracy: 0.9095, Time consumed:2.59s

Training Epoch: 228 [32/50000]	Loss: 0.6121	LR: 0.000060
Evaluating Network.....
Test set: Epoch: 228, Average loss: 0.0363, Top1Accuracy: 0.6738, Top3Accuracy: 0.8560, Top5Accuracy: 0.9099, Time consumed:2.60s

Training Epoch: 229 [32/50000]	Loss: 0.5113	LR: 0.000058
Evaluating Network.....
Test set: Epoch: 229, Average loss: 0.0362, Top1Accuracy: 0.6762, Top3Accuracy: 0.8552, Top5Accuracy: 0.9075, Time consumed:2.57s

Training Epoch: 230 [32/50000]	Loss: 0.9259	LR: 0.000056
Evaluating Network.....
Test set: Epoch: 230, Average loss: 0.0362, Top1Accuracy: 0.6750, Top3Accuracy: 0.8575, Top5Accuracy: 0.9072, Time consumed:2.58s

Training Epoch: 231 [32/50000]	Loss: 0.6996	LR: 0.000054
Evaluating Network.....
Test set: Epoch: 231, Average loss: 0.0361, Top1Accuracy: 0.6772, Top3Accuracy: 0.8582, Top5Accuracy: 0.9085, Time consumed:2.57s

Training Epoch: 232 [32/50000]	Loss: 0.7171	LR: 0.000053
Evaluating Network.....
Test set: Epoch: 232, Average loss: 0.0361, Top1Accuracy: 0.6769, Top3Accuracy: 0.8566, Top5Accuracy: 0.9067, Time consumed:2.60s

Training Epoch: 233 [32/50000]	Loss: 0.9080	LR: 0.000051
Evaluating Network.....
Test set: Epoch: 233, Average loss: 0.0364, Top1Accuracy: 0.6754, Top3Accuracy: 0.8552, Top5Accuracy: 0.9084, Time consumed:2.58s

Training Epoch: 234 [32/50000]	Loss: 1.0507	LR: 0.000050
Evaluating Network.....
Test set: Epoch: 234, Average loss: 0.0365, Top1Accuracy: 0.6736, Top3Accuracy: 0.8568, Top5Accuracy: 0.9090, Time consumed:2.60s

Training Epoch: 235 [32/50000]	Loss: 0.8808	LR: 0.000048
Evaluating Network.....
Test set: Epoch: 235, Average loss: 0.0363, Top1Accuracy: 0.6778, Top3Accuracy: 0.8552, Top5Accuracy: 0.9069, Time consumed:2.56s

Training Epoch: 236 [32/50000]	Loss: 0.3953	LR: 0.000047
Evaluating Network.....
Test set: Epoch: 236, Average loss: 0.0362, Top1Accuracy: 0.6751, Top3Accuracy: 0.8585, Top5Accuracy: 0.9101, Time consumed:2.56s

Training Epoch: 237 [32/50000]	Loss: 0.8643	LR: 0.000045
Evaluating Network.....
Test set: Epoch: 237, Average loss: 0.0362, Top1Accuracy: 0.6770, Top3Accuracy: 0.8579, Top5Accuracy: 0.9088, Time consumed:2.58s

Training Epoch: 238 [32/50000]	Loss: 0.5608	LR: 0.000044
Evaluating Network.....
Test set: Epoch: 238, Average loss: 0.0362, Top1Accuracy: 0.6774, Top3Accuracy: 0.8555, Top5Accuracy: 0.9087, Time consumed:2.61s

Training Epoch: 239 [32/50000]	Loss: 0.5041	LR: 0.000043
Evaluating Network.....
Test set: Epoch: 239, Average loss: 0.0363, Top1Accuracy: 0.6769, Top3Accuracy: 0.8555, Top5Accuracy: 0.9085, Time consumed:2.59s

Training Epoch: 240 [32/50000]	Loss: 0.5534	LR: 0.000041
Evaluating Network.....
Test set: Epoch: 240, Average loss: 0.0361, Top1Accuracy: 0.6772, Top3Accuracy: 0.8566, Top5Accuracy: 0.9095, Time consumed:2.60s

Training Epoch: 241 [32/50000]	Loss: 0.7287	LR: 0.000040
Evaluating Network.....
Test set: Epoch: 241, Average loss: 0.0362, Top1Accuracy: 0.6755, Top3Accuracy: 0.8571, Top5Accuracy: 0.9079, Time consumed:2.62s

Training Epoch: 242 [32/50000]	Loss: 0.8223	LR: 0.000039
Evaluating Network.....
Test set: Epoch: 242, Average loss: 0.0362, Top1Accuracy: 0.6769, Top3Accuracy: 0.8563, Top5Accuracy: 0.9077, Time consumed:2.60s

Training Epoch: 243 [32/50000]	Loss: 0.5521	LR: 0.000038
Evaluating Network.....
Test set: Epoch: 243, Average loss: 0.0363, Top1Accuracy: 0.6812, Top3Accuracy: 0.8560, Top5Accuracy: 0.9075, Time consumed:2.61s

Training Epoch: 244 [32/50000]	Loss: 0.4290	LR: 0.000037
Evaluating Network.....
Test set: Epoch: 244, Average loss: 0.0363, Top1Accuracy: 0.6770, Top3Accuracy: 0.8587, Top5Accuracy: 0.9081, Time consumed:2.57s

Training Epoch: 245 [32/50000]	Loss: 0.6474	LR: 0.000036
Evaluating Network.....
Test set: Epoch: 245, Average loss: 0.0361, Top1Accuracy: 0.6777, Top3Accuracy: 0.8580, Top5Accuracy: 0.9096, Time consumed:2.79s

Training Epoch: 246 [32/50000]	Loss: 0.8913	LR: 0.000034
Evaluating Network.....
Test set: Epoch: 246, Average loss: 0.0362, Top1Accuracy: 0.6775, Top3Accuracy: 0.8562, Top5Accuracy: 0.9088, Time consumed:2.60s

Training Epoch: 247 [32/50000]	Loss: 0.7507	LR: 0.000033
Evaluating Network.....
Test set: Epoch: 247, Average loss: 0.0366, Top1Accuracy: 0.6729, Top3Accuracy: 0.8561, Top5Accuracy: 0.9090, Time consumed:2.64s

Training Epoch: 248 [32/50000]	Loss: 0.6800	LR: 0.000032
Evaluating Network.....
Test set: Epoch: 248, Average loss: 0.0360, Top1Accuracy: 0.6777, Top3Accuracy: 0.8580, Top5Accuracy: 0.9090, Time consumed:2.53s

Training Epoch: 249 [32/50000]	Loss: 0.8041	LR: 0.000031
Evaluating Network.....
Test set: Epoch: 249, Average loss: 0.0362, Top1Accuracy: 0.6778, Top3Accuracy: 0.8561, Top5Accuracy: 0.9080, Time consumed:2.63s

Training Epoch: 250 [32/50000]	Loss: 0.8696	LR: 0.000031
Evaluating Network.....
Test set: Epoch: 250, Average loss: 0.0361, Top1Accuracy: 0.6786, Top3Accuracy: 0.8559, Top5Accuracy: 0.9081, Time consumed:2.67s

Training Epoch: 251 [32/50000]	Loss: 0.4745	LR: 0.000030
Evaluating Network.....
Test set: Epoch: 251, Average loss: 0.0362, Top1Accuracy: 0.6775, Top3Accuracy: 0.8569, Top5Accuracy: 0.9077, Time consumed:2.65s

Training Epoch: 252 [32/50000]	Loss: 0.7158	LR: 0.000029
Evaluating Network.....
Test set: Epoch: 252, Average loss: 0.0364, Top1Accuracy: 0.6764, Top3Accuracy: 0.8561, Top5Accuracy: 0.9073, Time consumed:2.58s

Training Epoch: 253 [32/50000]	Loss: 0.8343	LR: 0.000028
Evaluating Network.....
Test set: Epoch: 253, Average loss: 0.0363, Top1Accuracy: 0.6788, Top3Accuracy: 0.8556, Top5Accuracy: 0.9084, Time consumed:2.62s

Training Epoch: 254 [32/50000]	Loss: 0.6846	LR: 0.000027
Evaluating Network.....
Test set: Epoch: 254, Average loss: 0.0363, Top1Accuracy: 0.6751, Top3Accuracy: 0.8555, Top5Accuracy: 0.9077, Time consumed:2.62s

Training Epoch: 255 [32/50000]	Loss: 0.5368	LR: 0.000026
Evaluating Network.....
Test set: Epoch: 255, Average loss: 0.0363, Top1Accuracy: 0.6767, Top3Accuracy: 0.8574, Top5Accuracy: 0.9097, Time consumed:2.63s

Training Epoch: 256 [32/50000]	Loss: 0.5893	LR: 0.000025
Evaluating Network.....
Test set: Epoch: 256, Average loss: 0.0364, Top1Accuracy: 0.6723, Top3Accuracy: 0.8559, Top5Accuracy: 0.9079, Time consumed:2.91s

Training Epoch: 257 [32/50000]	Loss: 0.9493	LR: 0.000025
Evaluating Network.....
Test set: Epoch: 257, Average loss: 0.0362, Top1Accuracy: 0.6767, Top3Accuracy: 0.8559, Top5Accuracy: 0.9084, Time consumed:2.62s

Training Epoch: 258 [32/50000]	Loss: 0.6825	LR: 0.000024
Evaluating Network.....
Test set: Epoch: 258, Average loss: 0.0363, Top1Accuracy: 0.6759, Top3Accuracy: 0.8565, Top5Accuracy: 0.9097, Time consumed:2.61s

Training Epoch: 259 [32/50000]	Loss: 0.7652	LR: 0.000023
Evaluating Network.....
Test set: Epoch: 259, Average loss: 0.0363, Top1Accuracy: 0.6744, Top3Accuracy: 0.8560, Top5Accuracy: 0.9089, Time consumed:2.60s

Training Epoch: 260 [32/50000]	Loss: 0.9447	LR: 0.000022
Evaluating Network.....
Test set: Epoch: 260, Average loss: 0.0363, Top1Accuracy: 0.6755, Top3Accuracy: 0.8541, Top5Accuracy: 0.9081, Time consumed:2.60s

Training Epoch: 261 [32/50000]	Loss: 0.7671	LR: 0.000022
Evaluating Network.....
Test set: Epoch: 261, Average loss: 0.0362, Top1Accuracy: 0.6755, Top3Accuracy: 0.8560, Top5Accuracy: 0.9093, Time consumed:2.61s

Training Epoch: 262 [32/50000]	Loss: 0.9136	LR: 0.000021
Evaluating Network.....
Test set: Epoch: 262, Average loss: 0.0365, Top1Accuracy: 0.6736, Top3Accuracy: 0.8571, Top5Accuracy: 0.9077, Time consumed:2.63s

Training Epoch: 263 [32/50000]	Loss: 1.1917	LR: 0.000021
Evaluating Network.....
Test set: Epoch: 263, Average loss: 0.0364, Top1Accuracy: 0.6750, Top3Accuracy: 0.8550, Top5Accuracy: 0.9088, Time consumed:2.63s

Training Epoch: 264 [32/50000]	Loss: 0.9905	LR: 0.000020
Evaluating Network.....
Test set: Epoch: 264, Average loss: 0.0360, Top1Accuracy: 0.6798, Top3Accuracy: 0.8572, Top5Accuracy: 0.9081, Time consumed:2.61s

Training Epoch: 265 [32/50000]	Loss: 0.5012	LR: 0.000019
Evaluating Network.....
Test set: Epoch: 265, Average loss: 0.0362, Top1Accuracy: 0.6772, Top3Accuracy: 0.8552, Top5Accuracy: 0.9097, Time consumed:2.60s

Training Epoch: 266 [32/50000]	Loss: 0.4681	LR: 0.000019
Evaluating Network.....
Test set: Epoch: 266, Average loss: 0.0362, Top1Accuracy: 0.6768, Top3Accuracy: 0.8566, Top5Accuracy: 0.9078, Time consumed:2.59s

Training Epoch: 267 [32/50000]	Loss: 0.7231	LR: 0.000018
Evaluating Network.....
Test set: Epoch: 267, Average loss: 0.0365, Top1Accuracy: 0.6726, Top3Accuracy: 0.8555, Top5Accuracy: 0.9059, Time consumed:2.58s

Training Epoch: 268 [32/50000]	Loss: 0.5934	LR: 0.000018
Evaluating Network.....
Test set: Epoch: 268, Average loss: 0.0364, Top1Accuracy: 0.6770, Top3Accuracy: 0.8560, Top5Accuracy: 0.9081, Time consumed:2.62s

Training Epoch: 269 [32/50000]	Loss: 0.8412	LR: 0.000017
Evaluating Network.....
Test set: Epoch: 269, Average loss: 0.0362, Top1Accuracy: 0.6771, Top3Accuracy: 0.8584, Top5Accuracy: 0.9089, Time consumed:2.59s

Training Epoch: 270 [32/50000]	Loss: 0.3513	LR: 0.000017
Evaluating Network.....
Test set: Epoch: 270, Average loss: 0.0362, Top1Accuracy: 0.6744, Top3Accuracy: 0.8573, Top5Accuracy: 0.9074, Time consumed:2.62s

Training Epoch: 271 [32/50000]	Loss: 0.6003	LR: 0.000016
Evaluating Network.....
Test set: Epoch: 271, Average loss: 0.0361, Top1Accuracy: 0.6760, Top3Accuracy: 0.8575, Top5Accuracy: 0.9074, Time consumed:2.59s

Training Epoch: 272 [32/50000]	Loss: 0.4362	LR: 0.000016
Evaluating Network.....
Test set: Epoch: 272, Average loss: 0.0365, Top1Accuracy: 0.6748, Top3Accuracy: 0.8568, Top5Accuracy: 0.9092, Time consumed:2.62s

Training Epoch: 273 [32/50000]	Loss: 1.0331	LR: 0.000015
Evaluating Network.....
Test set: Epoch: 273, Average loss: 0.0363, Top1Accuracy: 0.6745, Top3Accuracy: 0.8568, Top5Accuracy: 0.9068, Time consumed:2.66s

Training Epoch: 274 [32/50000]	Loss: 0.8360	LR: 0.000015
Evaluating Network.....
Test set: Epoch: 274, Average loss: 0.0364, Top1Accuracy: 0.6755, Top3Accuracy: 0.8566, Top5Accuracy: 0.9080, Time consumed:2.62s

Training Epoch: 275 [32/50000]	Loss: 0.5938	LR: 0.000014
Evaluating Network.....
Test set: Epoch: 275, Average loss: 0.0361, Top1Accuracy: 0.6764, Top3Accuracy: 0.8585, Top5Accuracy: 0.9084, Time consumed:2.55s

Training Epoch: 276 [32/50000]	Loss: 0.9069	LR: 0.000014
Evaluating Network.....
Test set: Epoch: 276, Average loss: 0.0362, Top1Accuracy: 0.6784, Top3Accuracy: 0.8575, Top5Accuracy: 0.9086, Time consumed:2.56s

Training Epoch: 277 [32/50000]	Loss: 0.6940	LR: 0.000013
Evaluating Network.....
Test set: Epoch: 277, Average loss: 0.0363, Top1Accuracy: 0.6766, Top3Accuracy: 0.8564, Top5Accuracy: 0.9079, Time consumed:2.61s

Training Epoch: 278 [32/50000]	Loss: 0.5382	LR: 0.000013
Evaluating Network.....
Test set: Epoch: 278, Average loss: 0.0364, Top1Accuracy: 0.6756, Top3Accuracy: 0.8563, Top5Accuracy: 0.9069, Time consumed:2.55s

Training Epoch: 279 [32/50000]	Loss: 0.7715	LR: 0.000013
Evaluating Network.....
Test set: Epoch: 279, Average loss: 0.0363, Top1Accuracy: 0.6755, Top3Accuracy: 0.8564, Top5Accuracy: 0.9075, Time consumed:2.75s

Training Epoch: 280 [32/50000]	Loss: 0.9512	LR: 0.000012
Evaluating Network.....
Test set: Epoch: 280, Average loss: 0.0363, Top1Accuracy: 0.6773, Top3Accuracy: 0.8569, Top5Accuracy: 0.9080, Time consumed:2.59s

Training Epoch: 281 [32/50000]	Loss: 0.9070	LR: 0.000012
Evaluating Network.....
Test set: Epoch: 281, Average loss: 0.0361, Top1Accuracy: 0.6766, Top3Accuracy: 0.8595, Top5Accuracy: 0.9089, Time consumed:2.58s

Training Epoch: 282 [32/50000]	Loss: 1.0790	LR: 0.000012
Evaluating Network.....
Test set: Epoch: 282, Average loss: 0.0362, Top1Accuracy: 0.6753, Top3Accuracy: 0.8573, Top5Accuracy: 0.9072, Time consumed:2.63s

Training Epoch: 283 [32/50000]	Loss: 0.7612	LR: 0.000011
Evaluating Network.....
Test set: Epoch: 283, Average loss: 0.0364, Top1Accuracy: 0.6769, Top3Accuracy: 0.8574, Top5Accuracy: 0.9083, Time consumed:2.68s

Training Epoch: 284 [32/50000]	Loss: 0.5660	LR: 0.000011
Evaluating Network.....
Test set: Epoch: 284, Average loss: 0.0364, Top1Accuracy: 0.6742, Top3Accuracy: 0.8556, Top5Accuracy: 0.9076, Time consumed:2.62s

Training Epoch: 285 [32/50000]	Loss: 0.7529	LR: 0.000011
Evaluating Network.....
Test set: Epoch: 285, Average loss: 0.0362, Top1Accuracy: 0.6769, Top3Accuracy: 0.8560, Top5Accuracy: 0.9092, Time consumed:2.63s

Training Epoch: 286 [32/50000]	Loss: 0.5833	LR: 0.000010
Evaluating Network.....
Test set: Epoch: 286, Average loss: 0.0362, Top1Accuracy: 0.6750, Top3Accuracy: 0.8579, Top5Accuracy: 0.9088, Time consumed:2.66s

Training Epoch: 287 [32/50000]	Loss: 1.0906	LR: 0.000010
Evaluating Network.....
Test set: Epoch: 287, Average loss: 0.0363, Top1Accuracy: 0.6778, Top3Accuracy: 0.8576, Top5Accuracy: 0.9105, Time consumed:2.65s

Training Epoch: 288 [32/50000]	Loss: 0.7195	LR: 0.000010
Evaluating Network.....
Test set: Epoch: 288, Average loss: 0.0363, Top1Accuracy: 0.6767, Top3Accuracy: 0.8560, Top5Accuracy: 0.9092, Time consumed:2.63s

Training Epoch: 289 [32/50000]	Loss: 0.7152	LR: 0.000009
Evaluating Network.....
Test set: Epoch: 289, Average loss: 0.0362, Top1Accuracy: 0.6739, Top3Accuracy: 0.8599, Top5Accuracy: 0.9093, Time consumed:2.57s

Training Epoch: 290 [32/50000]	Loss: 0.8177	LR: 0.000009
Evaluating Network.....
Test set: Epoch: 290, Average loss: 0.0364, Top1Accuracy: 0.6757, Top3Accuracy: 0.8570, Top5Accuracy: 0.9075, Time consumed:2.57s

Training Epoch: 291 [32/50000]	Loss: 0.4245	LR: 0.000009
Evaluating Network.....
Test set: Epoch: 291, Average loss: 0.0367, Top1Accuracy: 0.6733, Top3Accuracy: 0.8543, Top5Accuracy: 0.9066, Time consumed:2.57s

Training Epoch: 292 [32/50000]	Loss: 1.0688	LR: 0.000008
Evaluating Network.....
Test set: Epoch: 292, Average loss: 0.0364, Top1Accuracy: 0.6739, Top3Accuracy: 0.8555, Top5Accuracy: 0.9083, Time consumed:2.62s

Training Epoch: 293 [32/50000]	Loss: 0.7711	LR: 0.000008
Evaluating Network.....
Test set: Epoch: 293, Average loss: 0.0364, Top1Accuracy: 0.6726, Top3Accuracy: 0.8573, Top5Accuracy: 0.9070, Time consumed:2.62s

Training Epoch: 294 [32/50000]	Loss: 0.4298	LR: 0.000008
Evaluating Network.....
Test set: Epoch: 294, Average loss: 0.0362, Top1Accuracy: 0.6770, Top3Accuracy: 0.8559, Top5Accuracy: 0.9103, Time consumed:2.61s

Training Epoch: 295 [32/50000]	Loss: 0.8698	LR: 0.000008
Evaluating Network.....
Test set: Epoch: 295, Average loss: 0.0363, Top1Accuracy: 0.6765, Top3Accuracy: 0.8550, Top5Accuracy: 0.9082, Time consumed:2.62s

Training Epoch: 296 [32/50000]	Loss: 0.9544	LR: 0.000008
Evaluating Network.....
Test set: Epoch: 296, Average loss: 0.0364, Top1Accuracy: 0.6766, Top3Accuracy: 0.8560, Top5Accuracy: 0.9078, Time consumed:2.63s

Training Epoch: 297 [32/50000]	Loss: 0.7862	LR: 0.000007
Evaluating Network.....
Test set: Epoch: 297, Average loss: 0.0363, Top1Accuracy: 0.6730, Top3Accuracy: 0.8567, Top5Accuracy: 0.9084, Time consumed:2.67s

Training Epoch: 298 [32/50000]	Loss: 0.8018	LR: 0.000007
Evaluating Network.....
Test set: Epoch: 298, Average loss: 0.0364, Top1Accuracy: 0.6758, Top3Accuracy: 0.8540, Top5Accuracy: 0.9090, Time consumed:2.58s

Training Epoch: 299 [32/50000]	Loss: 0.8134	LR: 0.000007
Evaluating Network.....
Test set: Epoch: 299, Average loss: 0.0364, Top1Accuracy: 0.6760, Top3Accuracy: 0.8554, Top5Accuracy: 0.9074, Time consumed:2.65s

Training Epoch: 300 [32/50000]	Loss: 0.7512	LR: 0.000007
Evaluating Network.....
Test set: Epoch: 300, Average loss: 0.0363, Top1Accuracy: 0.6775, Top3Accuracy: 0.8557, Top5Accuracy: 0.9069, Time consumed:2.65s

Training Epoch: 301 [32/50000]	Loss: 0.7844	LR: 0.000006
Evaluating Network.....
Test set: Epoch: 301, Average loss: 0.0361, Top1Accuracy: 0.6771, Top3Accuracy: 0.8578, Top5Accuracy: 0.9093, Time consumed:2.60s

Training Epoch: 302 [32/50000]	Loss: 0.8873	LR: 0.000006
Evaluating Network.....
Test set: Epoch: 302, Average loss: 0.0362, Top1Accuracy: 0.6754, Top3Accuracy: 0.8572, Top5Accuracy: 0.9083, Time consumed:2.69s

Training Epoch: 303 [32/50000]	Loss: 0.6097	LR: 0.000006
Evaluating Network.....
Test set: Epoch: 303, Average loss: 0.0363, Top1Accuracy: 0.6766, Top3Accuracy: 0.8567, Top5Accuracy: 0.9094, Time consumed:2.59s

Training Epoch: 304 [32/50000]	Loss: 0.7098	LR: 0.000006
Evaluating Network.....
Test set: Epoch: 304, Average loss: 0.0365, Top1Accuracy: 0.6762, Top3Accuracy: 0.8556, Top5Accuracy: 0.9075, Time consumed:2.62s

Training Epoch: 305 [32/50000]	Loss: 0.8930	LR: 0.000006
Evaluating Network.....
Test set: Epoch: 305, Average loss: 0.0363, Top1Accuracy: 0.6774, Top3Accuracy: 0.8571, Top5Accuracy: 0.9094, Time consumed:2.66s

Training Epoch: 306 [32/50000]	Loss: 0.6724	LR: 0.000006
Evaluating Network.....
Test set: Epoch: 306, Average loss: 0.0363, Top1Accuracy: 0.6762, Top3Accuracy: 0.8571, Top5Accuracy: 0.9087, Time consumed:2.57s

Training Epoch: 307 [32/50000]	Loss: 0.7342	LR: 0.000005
Evaluating Network.....
Test set: Epoch: 307, Average loss: 0.0362, Top1Accuracy: 0.6765, Top3Accuracy: 0.8565, Top5Accuracy: 0.9082, Time consumed:2.61s

Training Epoch: 308 [32/50000]	Loss: 0.6141	LR: 0.000005
Evaluating Network.....
Test set: Epoch: 308, Average loss: 0.0362, Top1Accuracy: 0.6752, Top3Accuracy: 0.8576, Top5Accuracy: 0.9095, Time consumed:2.55s

Training Epoch: 309 [32/50000]	Loss: 0.7200	LR: 0.000005
Evaluating Network.....
Test set: Epoch: 309, Average loss: 0.0363, Top1Accuracy: 0.6798, Top3Accuracy: 0.8553, Top5Accuracy: 0.9092, Time consumed:2.65s

Training Epoch: 310 [32/50000]	Loss: 0.7634	LR: 0.000005
Evaluating Network.....
Test set: Epoch: 310, Average loss: 0.0362, Top1Accuracy: 0.6763, Top3Accuracy: 0.8557, Top5Accuracy: 0.9080, Time consumed:2.61s

Training Epoch: 311 [32/50000]	Loss: 0.9034	LR: 0.000005
Evaluating Network.....
Test set: Epoch: 311, Average loss: 0.0361, Top1Accuracy: 0.6783, Top3Accuracy: 0.8556, Top5Accuracy: 0.9086, Time consumed:2.56s

Training Epoch: 312 [32/50000]	Loss: 0.5887	LR: 0.000005
Evaluating Network.....
Test set: Epoch: 312, Average loss: 0.0363, Top1Accuracy: 0.6773, Top3Accuracy: 0.8571, Top5Accuracy: 0.9094, Time consumed:2.59s

Training Epoch: 313 [32/50000]	Loss: 0.4984	LR: 0.000004
Evaluating Network.....
Test set: Epoch: 313, Average loss: 0.0365, Top1Accuracy: 0.6787, Top3Accuracy: 0.8560, Top5Accuracy: 0.9082, Time consumed:2.61s

Training Epoch: 314 [32/50000]	Loss: 0.6623	LR: 0.000004
Evaluating Network.....
Test set: Epoch: 314, Average loss: 0.0364, Top1Accuracy: 0.6772, Top3Accuracy: 0.8559, Top5Accuracy: 0.9059, Time consumed:2.59s

Training Epoch: 315 [32/50000]	Loss: 0.7688	LR: 0.000004
Evaluating Network.....
Test set: Epoch: 315, Average loss: 0.0360, Top1Accuracy: 0.6789, Top3Accuracy: 0.8573, Top5Accuracy: 0.9097, Time consumed:2.58s

Training Epoch: 316 [32/50000]	Loss: 0.6354	LR: 0.000004
Evaluating Network.....
Test set: Epoch: 316, Average loss: 0.0363, Top1Accuracy: 0.6775, Top3Accuracy: 0.8577, Top5Accuracy: 0.9077, Time consumed:2.63s

Training Epoch: 317 [32/50000]	Loss: 0.6118	LR: 0.000004
Evaluating Network.....
Test set: Epoch: 317, Average loss: 0.0364, Top1Accuracy: 0.6725, Top3Accuracy: 0.8578, Top5Accuracy: 0.9086, Time consumed:2.54s

Training Epoch: 318 [32/50000]	Loss: 0.9253	LR: 0.000004
Evaluating Network.....
Test set: Epoch: 318, Average loss: 0.0363, Top1Accuracy: 0.6767, Top3Accuracy: 0.8567, Top5Accuracy: 0.9084, Time consumed:2.92s

Training Epoch: 319 [32/50000]	Loss: 0.5703	LR: 0.000004
Evaluating Network.....
Test set: Epoch: 319, Average loss: 0.0364, Top1Accuracy: 0.6775, Top3Accuracy: 0.8536, Top5Accuracy: 0.9081, Time consumed:2.62s

Training Epoch: 320 [32/50000]	Loss: 0.9734	LR: 0.000004
Evaluating Network.....
Test set: Epoch: 320, Average loss: 0.0363, Top1Accuracy: 0.6771, Top3Accuracy: 0.8568, Top5Accuracy: 0.9069, Time consumed:2.56s

Training Epoch: 321 [32/50000]	Loss: 0.6921	LR: 0.000004
Evaluating Network.....
Test set: Epoch: 321, Average loss: 0.0363, Top1Accuracy: 0.6779, Top3Accuracy: 0.8574, Top5Accuracy: 0.9100, Time consumed:2.63s

Training Epoch: 322 [32/50000]	Loss: 1.0035	LR: 0.000003
Evaluating Network.....
Test set: Epoch: 322, Average loss: 0.0364, Top1Accuracy: 0.6764, Top3Accuracy: 0.8544, Top5Accuracy: 0.9075, Time consumed:2.64s

Training Epoch: 323 [32/50000]	Loss: 0.5001	LR: 0.000003
Evaluating Network.....
Test set: Epoch: 323, Average loss: 0.0364, Top1Accuracy: 0.6754, Top3Accuracy: 0.8573, Top5Accuracy: 0.9102, Time consumed:2.62s

Training Epoch: 324 [32/50000]	Loss: 0.3314	LR: 0.000003
Evaluating Network.....
Test set: Epoch: 324, Average loss: 0.0364, Top1Accuracy: 0.6770, Top3Accuracy: 0.8542, Top5Accuracy: 0.9094, Time consumed:2.67s

Training Epoch: 325 [32/50000]	Loss: 0.8119	LR: 0.000003
Evaluating Network.....
Test set: Epoch: 325, Average loss: 0.0363, Top1Accuracy: 0.6767, Top3Accuracy: 0.8557, Top5Accuracy: 0.9102, Time consumed:2.63s

Training Epoch: 326 [32/50000]	Loss: 0.3615	LR: 0.000003
Evaluating Network.....
Test set: Epoch: 326, Average loss: 0.0362, Top1Accuracy: 0.6786, Top3Accuracy: 0.8560, Top5Accuracy: 0.9089, Time consumed:2.61s

Training Epoch: 327 [32/50000]	Loss: 0.7911	LR: 0.000003
Evaluating Network.....
Test set: Epoch: 327, Average loss: 0.0363, Top1Accuracy: 0.6761, Top3Accuracy: 0.8559, Top5Accuracy: 0.9085, Time consumed:2.64s

Training Epoch: 328 [32/50000]	Loss: 0.7272	LR: 0.000003
Evaluating Network.....
Test set: Epoch: 328, Average loss: 0.0365, Top1Accuracy: 0.6753, Top3Accuracy: 0.8548, Top5Accuracy: 0.9085, Time consumed:2.78s

Training Epoch: 329 [32/50000]	Loss: 0.6748	LR: 0.000003
Evaluating Network.....
Test set: Epoch: 329, Average loss: 0.0362, Top1Accuracy: 0.6760, Top3Accuracy: 0.8569, Top5Accuracy: 0.9076, Time consumed:2.60s

Training Epoch: 330 [32/50000]	Loss: 0.6853	LR: 0.000003
Evaluating Network.....
Test set: Epoch: 330, Average loss: 0.0363, Top1Accuracy: 0.6791, Top3Accuracy: 0.8557, Top5Accuracy: 0.9060, Time consumed:2.63s

Training Epoch: 331 [32/50000]	Loss: 0.7566	LR: 0.000003
Evaluating Network.....
Test set: Epoch: 331, Average loss: 0.0363, Top1Accuracy: 0.6779, Top3Accuracy: 0.8578, Top5Accuracy: 0.9083, Time consumed:2.64s

Training Epoch: 332 [32/50000]	Loss: 0.8062	LR: 0.000003
Evaluating Network.....
Test set: Epoch: 332, Average loss: 0.0362, Top1Accuracy: 0.6778, Top3Accuracy: 0.8565, Top5Accuracy: 0.9102, Time consumed:2.58s

Training Epoch: 333 [32/50000]	Loss: 0.6010	LR: 0.000002
Evaluating Network.....
Test set: Epoch: 333, Average loss: 0.0365, Top1Accuracy: 0.6766, Top3Accuracy: 0.8563, Top5Accuracy: 0.9070, Time consumed:2.56s

Training Epoch: 334 [32/50000]	Loss: 0.5711	LR: 0.000002
Evaluating Network.....
Test set: Epoch: 334, Average loss: 0.0363, Top1Accuracy: 0.6773, Top3Accuracy: 0.8581, Top5Accuracy: 0.9085, Time consumed:2.66s

Training Epoch: 335 [32/50000]	Loss: 0.9347	LR: 0.000002
Evaluating Network.....
Test set: Epoch: 335, Average loss: 0.0365, Top1Accuracy: 0.6767, Top3Accuracy: 0.8557, Top5Accuracy: 0.9070, Time consumed:2.66s

Training Epoch: 336 [32/50000]	Loss: 0.5581	LR: 0.000002
Evaluating Network.....
Test set: Epoch: 336, Average loss: 0.0363, Top1Accuracy: 0.6777, Top3Accuracy: 0.8559, Top5Accuracy: 0.9090, Time consumed:2.57s

Training Epoch: 337 [32/50000]	Loss: 0.9093	LR: 0.000002
Evaluating Network.....
Test set: Epoch: 337, Average loss: 0.0363, Top1Accuracy: 0.6780, Top3Accuracy: 0.8555, Top5Accuracy: 0.9091, Time consumed:2.58s

Training Epoch: 338 [32/50000]	Loss: 0.6500	LR: 0.000002
Evaluating Network.....
Test set: Epoch: 338, Average loss: 0.0362, Top1Accuracy: 0.6774, Top3Accuracy: 0.8569, Top5Accuracy: 0.9096, Time consumed:2.55s

Training Epoch: 339 [32/50000]	Loss: 0.7445	LR: 0.000002
Evaluating Network.....
Test set: Epoch: 339, Average loss: 0.0364, Top1Accuracy: 0.6750, Top3Accuracy: 0.8570, Top5Accuracy: 0.9093, Time consumed:2.61s

Training Epoch: 340 [32/50000]	Loss: 0.5219	LR: 0.000002
Evaluating Network.....
Test set: Epoch: 340, Average loss: 0.0363, Top1Accuracy: 0.6769, Top3Accuracy: 0.8564, Top5Accuracy: 0.9091, Time consumed:2.58s

Training Epoch: 341 [32/50000]	Loss: 0.7076	LR: 0.000002
Evaluating Network.....
Test set: Epoch: 341, Average loss: 0.0362, Top1Accuracy: 0.6771, Top3Accuracy: 0.8566, Top5Accuracy: 0.9093, Time consumed:2.60s

Training Epoch: 342 [32/50000]	Loss: 0.7778	LR: 0.000002
Evaluating Network.....
Test set: Epoch: 342, Average loss: 0.0363, Top1Accuracy: 0.6765, Top3Accuracy: 0.8565, Top5Accuracy: 0.9075, Time consumed:2.57s

Training Epoch: 343 [32/50000]	Loss: 1.0768	LR: 0.000002
Evaluating Network.....
Test set: Epoch: 343, Average loss: 0.0362, Top1Accuracy: 0.6779, Top3Accuracy: 0.8551, Top5Accuracy: 0.9085, Time consumed:2.59s

Training Epoch: 344 [32/50000]	Loss: 0.6109	LR: 0.000002
Evaluating Network.....
Test set: Epoch: 344, Average loss: 0.0363, Top1Accuracy: 0.6759, Top3Accuracy: 0.8558, Top5Accuracy: 0.9091, Time consumed:2.61s

Training Epoch: 345 [32/50000]	Loss: 0.4179	LR: 0.000002
Evaluating Network.....
Test set: Epoch: 345, Average loss: 0.0363, Top1Accuracy: 0.6780, Top3Accuracy: 0.8562, Top5Accuracy: 0.9081, Time consumed:2.60s

Training Epoch: 346 [32/50000]	Loss: 0.4354	LR: 0.000002
Evaluating Network.....
Test set: Epoch: 346, Average loss: 0.0365, Top1Accuracy: 0.6742, Top3Accuracy: 0.8548, Top5Accuracy: 0.9073, Time consumed:2.60s

Training Epoch: 347 [32/50000]	Loss: 0.8722	LR: 0.000002
Evaluating Network.....
Test set: Epoch: 347, Average loss: 0.0363, Top1Accuracy: 0.6772, Top3Accuracy: 0.8576, Top5Accuracy: 0.9100, Time consumed:2.67s

Training Epoch: 348 [32/50000]	Loss: 1.0963	LR: 0.000002
Evaluating Network.....
Test set: Epoch: 348, Average loss: 0.0362, Top1Accuracy: 0.6771, Top3Accuracy: 0.8553, Top5Accuracy: 0.9077, Time consumed:2.70s

Training Epoch: 349 [32/50000]	Loss: 0.6581	LR: 0.000001
Evaluating Network.....
Test set: Epoch: 349, Average loss: 0.0364, Top1Accuracy: 0.6749, Top3Accuracy: 0.8564, Top5Accuracy: 0.9091, Time consumed:2.55s

Training Epoch: 350 [32/50000]	Loss: 0.7070	LR: 0.000001
Evaluating Network.....
Test set: Epoch: 350, Average loss: 0.0363, Top1Accuracy: 0.6772, Top3Accuracy: 0.8564, Top5Accuracy: 0.9084, Time consumed:2.56s

Training Epoch: 351 [32/50000]	Loss: 0.6454	LR: 0.000001
Evaluating Network.....
Test set: Epoch: 351, Average loss: 0.0363, Top1Accuracy: 0.6772, Top3Accuracy: 0.8565, Top5Accuracy: 0.9080, Time consumed:2.64s

Training Epoch: 352 [32/50000]	Loss: 0.9501	LR: 0.000001
Evaluating Network.....
Test set: Epoch: 352, Average loss: 0.0363, Top1Accuracy: 0.6764, Top3Accuracy: 0.8555, Top5Accuracy: 0.9099, Time consumed:2.62s

Training Epoch: 353 [32/50000]	Loss: 0.9259	LR: 0.000001
Evaluating Network.....
Test set: Epoch: 353, Average loss: 0.0363, Top1Accuracy: 0.6784, Top3Accuracy: 0.8565, Top5Accuracy: 0.9063, Time consumed:2.60s

Training Epoch: 354 [32/50000]	Loss: 0.7253	LR: 0.000001
Evaluating Network.....
Test set: Epoch: 354, Average loss: 0.0361, Top1Accuracy: 0.6791, Top3Accuracy: 0.8582, Top5Accuracy: 0.9095, Time consumed:2.62s

Training Epoch: 355 [32/50000]	Loss: 0.5475	LR: 0.000001
Evaluating Network.....
Test set: Epoch: 355, Average loss: 0.0363, Top1Accuracy: 0.6772, Top3Accuracy: 0.8570, Top5Accuracy: 0.9084, Time consumed:2.62s

Training Epoch: 356 [32/50000]	Loss: 0.6202	LR: 0.000001
Evaluating Network.....
Test set: Epoch: 356, Average loss: 0.0364, Top1Accuracy: 0.6739, Top3Accuracy: 0.8569, Top5Accuracy: 0.9083, Time consumed:2.88s

Training Epoch: 357 [32/50000]	Loss: 0.4649	LR: 0.000001
Evaluating Network.....
Test set: Epoch: 357, Average loss: 0.0362, Top1Accuracy: 0.6787, Top3Accuracy: 0.8575, Top5Accuracy: 0.9090, Time consumed:2.85s

Training Epoch: 358 [32/50000]	Loss: 0.4799	LR: 0.000001
Evaluating Network.....
Test set: Epoch: 358, Average loss: 0.0362, Top1Accuracy: 0.6747, Top3Accuracy: 0.8555, Top5Accuracy: 0.9090, Time consumed:2.66s

Training Epoch: 359 [32/50000]	Loss: 0.7773	LR: 0.000001
Evaluating Network.....
Test set: Epoch: 359, Average loss: 0.0362, Top1Accuracy: 0.6761, Top3Accuracy: 0.8575, Top5Accuracy: 0.9089, Time consumed:2.61s

Training Epoch: 360 [32/50000]	Loss: 0.9116	LR: 0.000001
Evaluating Network.....
Test set: Epoch: 360, Average loss: 0.0363, Top1Accuracy: 0.6765, Top3Accuracy: 0.8553, Top5Accuracy: 0.9079, Time consumed:2.68s

Training Epoch: 361 [32/50000]	Loss: 0.6811	LR: 0.000001
Evaluating Network.....
Test set: Epoch: 361, Average loss: 0.0364, Top1Accuracy: 0.6752, Top3Accuracy: 0.8566, Top5Accuracy: 0.9078, Time consumed:2.60s

Training Epoch: 362 [32/50000]	Loss: 1.0938	LR: 0.000001
Evaluating Network.....
Test set: Epoch: 362, Average loss: 0.0363, Top1Accuracy: 0.6763, Top3Accuracy: 0.8569, Top5Accuracy: 0.9072, Time consumed:2.60s

Training Epoch: 363 [32/50000]	Loss: 0.7087	LR: 0.000001
Evaluating Network.....
Test set: Epoch: 363, Average loss: 0.0363, Top1Accuracy: 0.6744, Top3Accuracy: 0.8565, Top5Accuracy: 0.9093, Time consumed:2.64s

Training Epoch: 364 [32/50000]	Loss: 0.6804	LR: 0.000001
Evaluating Network.....
Test set: Epoch: 364, Average loss: 0.0362, Top1Accuracy: 0.6760, Top3Accuracy: 0.8570, Top5Accuracy: 0.9083, Time consumed:2.60s

Training Epoch: 365 [32/50000]	Loss: 0.5940	LR: 0.000001
Evaluating Network.....
Test set: Epoch: 365, Average loss: 0.0365, Top1Accuracy: 0.6765, Top3Accuracy: 0.8554, Top5Accuracy: 0.9087, Time consumed:2.64s

Training Epoch: 366 [32/50000]	Loss: 0.5613	LR: 0.000001
Evaluating Network.....
Test set: Epoch: 366, Average loss: 0.0363, Top1Accuracy: 0.6773, Top3Accuracy: 0.8551, Top5Accuracy: 0.9070, Time consumed:2.64s

Training Epoch: 367 [32/50000]	Loss: 0.6230	LR: 0.000001
Evaluating Network.....
Test set: Epoch: 367, Average loss: 0.0363, Top1Accuracy: 0.6762, Top3Accuracy: 0.8550, Top5Accuracy: 0.9083, Time consumed:2.79s

Training Epoch: 368 [32/50000]	Loss: 0.9798	LR: 0.000001
Evaluating Network.....
Test set: Epoch: 368, Average loss: 0.0363, Top1Accuracy: 0.6777, Top3Accuracy: 0.8546, Top5Accuracy: 0.9082, Time consumed:2.60s

Training Epoch: 369 [32/50000]	Loss: 0.8986	LR: 0.000001
Evaluating Network.....
Test set: Epoch: 369, Average loss: 0.0362, Top1Accuracy: 0.6780, Top3Accuracy: 0.8550, Top5Accuracy: 0.9098, Time consumed:2.57s

Training Epoch: 370 [32/50000]	Loss: 0.8322	LR: 0.000001
Evaluating Network.....
Test set: Epoch: 370, Average loss: 0.0365, Top1Accuracy: 0.6761, Top3Accuracy: 0.8548, Top5Accuracy: 0.9078, Time consumed:2.65s

Training Epoch: 371 [32/50000]	Loss: 0.9565	LR: 0.000001
Evaluating Network.....
Test set: Epoch: 371, Average loss: 0.0363, Top1Accuracy: 0.6748, Top3Accuracy: 0.8571, Top5Accuracy: 0.9079, Time consumed:2.62s

Training Epoch: 372 [32/50000]	Loss: 0.6045	LR: 0.000001
Evaluating Network.....
Test set: Epoch: 372, Average loss: 0.0365, Top1Accuracy: 0.6767, Top3Accuracy: 0.8554, Top5Accuracy: 0.9079, Time consumed:2.80s

Training Epoch: 373 [32/50000]	Loss: 0.6613	LR: 0.000001
Evaluating Network.....
Test set: Epoch: 373, Average loss: 0.0363, Top1Accuracy: 0.6783, Top3Accuracy: 0.8560, Top5Accuracy: 0.9094, Time consumed:2.65s

Training Epoch: 374 [32/50000]	Loss: 0.7308	LR: 0.000001
Evaluating Network.....
Test set: Epoch: 374, Average loss: 0.0363, Top1Accuracy: 0.6763, Top3Accuracy: 0.8556, Top5Accuracy: 0.9068, Time consumed:2.60s

Training Epoch: 375 [32/50000]	Loss: 0.7904	LR: 0.000001
Evaluating Network.....
Test set: Epoch: 375, Average loss: 0.0367, Top1Accuracy: 0.6763, Top3Accuracy: 0.8554, Top5Accuracy: 0.9073, Time consumed:2.68s

Training Epoch: 376 [32/50000]	Loss: 1.1777	LR: 0.000001
Evaluating Network.....
Test set: Epoch: 376, Average loss: 0.0362, Top1Accuracy: 0.6761, Top3Accuracy: 0.8555, Top5Accuracy: 0.9094, Time consumed:2.67s

Training Epoch: 377 [32/50000]	Loss: 0.5711	LR: 0.000001
Evaluating Network.....
Test set: Epoch: 377, Average loss: 0.0361, Top1Accuracy: 0.6785, Top3Accuracy: 0.8562, Top5Accuracy: 0.9092, Time consumed:2.68s

Training Epoch: 378 [32/50000]	Loss: 0.8516	LR: 0.000001
Evaluating Network.....
Test set: Epoch: 378, Average loss: 0.0366, Top1Accuracy: 0.6737, Top3Accuracy: 0.8550, Top5Accuracy: 0.9078, Time consumed:2.65s

Training Epoch: 379 [32/50000]	Loss: 0.6444	LR: 0.000001
Evaluating Network.....
Test set: Epoch: 379, Average loss: 0.0363, Top1Accuracy: 0.6772, Top3Accuracy: 0.8570, Top5Accuracy: 0.9090, Time consumed:2.74s

Training Epoch: 380 [32/50000]	Loss: 0.8549	LR: 0.000001
Evaluating Network.....
Test set: Epoch: 380, Average loss: 0.0363, Top1Accuracy: 0.6737, Top3Accuracy: 0.8567, Top5Accuracy: 0.9089, Time consumed:2.58s

Training Epoch: 381 [32/50000]	Loss: 0.4516	LR: 0.000001
Evaluating Network.....
Test set: Epoch: 381, Average loss: 0.0362, Top1Accuracy: 0.6763, Top3Accuracy: 0.8574, Top5Accuracy: 0.9088, Time consumed:2.64s

Training Epoch: 382 [32/50000]	Loss: 0.6272	LR: 0.000001
Evaluating Network.....
Test set: Epoch: 382, Average loss: 0.0363, Top1Accuracy: 0.6755, Top3Accuracy: 0.8557, Top5Accuracy: 0.9089, Time consumed:2.61s

Training Epoch: 383 [32/50000]	Loss: 0.6462	LR: 0.000001
Evaluating Network.....
Test set: Epoch: 383, Average loss: 0.0363, Top1Accuracy: 0.6756, Top3Accuracy: 0.8553, Top5Accuracy: 0.9091, Time consumed:2.76s

Training Epoch: 384 [32/50000]	Loss: 0.8160	LR: 0.000001
Evaluating Network.....
Test set: Epoch: 384, Average loss: 0.0362, Top1Accuracy: 0.6787, Top3Accuracy: 0.8560, Top5Accuracy: 0.9080, Time consumed:2.83s

Training Epoch: 385 [32/50000]	Loss: 0.3977	LR: 0.000000
Evaluating Network.....
Test set: Epoch: 385, Average loss: 0.0364, Top1Accuracy: 0.6743, Top3Accuracy: 0.8543, Top5Accuracy: 0.9082, Time consumed:2.66s

Training Epoch: 386 [32/50000]	Loss: 0.7486	LR: 0.000000
Evaluating Network.....
Test set: Epoch: 386, Average loss: 0.0364, Top1Accuracy: 0.6765, Top3Accuracy: 0.8567, Top5Accuracy: 0.9081, Time consumed:2.60s

Training Epoch: 387 [32/50000]	Loss: 0.7561	LR: 0.000000
Evaluating Network.....
Test set: Epoch: 387, Average loss: 0.0364, Top1Accuracy: 0.6756, Top3Accuracy: 0.8562, Top5Accuracy: 0.9080, Time consumed:2.60s

Training Epoch: 388 [32/50000]	Loss: 0.6498	LR: 0.000000
Evaluating Network.....
Test set: Epoch: 388, Average loss: 0.0363, Top1Accuracy: 0.6764, Top3Accuracy: 0.8566, Top5Accuracy: 0.9104, Time consumed:2.57s

Training Epoch: 389 [32/50000]	Loss: 0.6879	LR: 0.000000
Evaluating Network.....
Test set: Epoch: 389, Average loss: 0.0363, Top1Accuracy: 0.6758, Top3Accuracy: 0.8560, Top5Accuracy: 0.9093, Time consumed:2.64s

Training Epoch: 390 [32/50000]	Loss: 1.1087	LR: 0.000000
Evaluating Network.....
Test set: Epoch: 390, Average loss: 0.0363, Top1Accuracy: 0.6776, Top3Accuracy: 0.8567, Top5Accuracy: 0.9083, Time consumed:2.55s

Training Epoch: 391 [32/50000]	Loss: 0.7685	LR: 0.000000
Evaluating Network.....
Test set: Epoch: 391, Average loss: 0.0364, Top1Accuracy: 0.6789, Top3Accuracy: 0.8570, Top5Accuracy: 0.9077, Time consumed:2.60s

Training Epoch: 392 [32/50000]	Loss: 0.9742	LR: 0.000000
Evaluating Network.....
Test set: Epoch: 392, Average loss: 0.0362, Top1Accuracy: 0.6770, Top3Accuracy: 0.8569, Top5Accuracy: 0.9093, Time consumed:2.62s

Training Epoch: 393 [32/50000]	Loss: 1.2581	LR: 0.000000
Evaluating Network.....
Test set: Epoch: 393, Average loss: 0.0362, Top1Accuracy: 0.6777, Top3Accuracy: 0.8555, Top5Accuracy: 0.9084, Time consumed:2.64s

Training Epoch: 394 [32/50000]	Loss: 0.4553	LR: 0.000000
Evaluating Network.....
Test set: Epoch: 394, Average loss: 0.0362, Top1Accuracy: 0.6759, Top3Accuracy: 0.8558, Top5Accuracy: 0.9093, Time consumed:2.55s

Training Epoch: 395 [32/50000]	Loss: 0.8294	LR: 0.000000
Evaluating Network.....
Test set: Epoch: 395, Average loss: 0.0363, Top1Accuracy: 0.6767, Top3Accuracy: 0.8564, Top5Accuracy: 0.9075, Time consumed:2.73s

Training Epoch: 396 [32/50000]	Loss: 0.6130	LR: 0.000000
Evaluating Network.....
Test set: Epoch: 396, Average loss: 0.0363, Top1Accuracy: 0.6755, Top3Accuracy: 0.8563, Top5Accuracy: 0.9078, Time consumed:2.79s

Training Epoch: 397 [32/50000]	Loss: 0.8410	LR: 0.000000
Evaluating Network.....
Test set: Epoch: 397, Average loss: 0.0363, Top1Accuracy: 0.6761, Top3Accuracy: 0.8572, Top5Accuracy: 0.9089, Time consumed:2.57s

Training Epoch: 398 [32/50000]	Loss: 0.8225	LR: 0.000000
Evaluating Network.....
Test set: Epoch: 398, Average loss: 0.0363, Top1Accuracy: 0.6771, Top3Accuracy: 0.8572, Top5Accuracy: 0.9068, Time consumed:2.74s

Training Epoch: 399 [32/50000]	Loss: 0.3929	LR: 0.000000
Evaluating Network.....
Test set: Epoch: 399, Average loss: 0.0364, Top1Accuracy: 0.6750, Top3Accuracy: 0.8549, Top5Accuracy: 0.9087, Time consumed:2.68s

Training Epoch: 400 [32/50000]	Loss: 0.7286	LR: 0.000000
Evaluating Network.....
Test set: Epoch: 400, Average loss: 0.0365, Top1Accuracy: 0.6765, Top3Accuracy: 0.8549, Top5Accuracy: 0.9081, Time consumed:2.67s

