Files already downloaded and verified
Files already downloaded and verified
Training Epoch: 1 [128/50000]	Loss: 4.6608	LR: 0.060000
Evaluating Network.....
Test set: Epoch: 1, Average loss: 0.0305, Top1Accuracy: 0.1029, Top3Accuracy: 0.2411, Top5Accuracy: 0.3279, Time consumed:1.75s

Training Epoch: 2 [128/50000]	Loss: 3.6206	LR: 0.058200
Evaluating Network.....
Test set: Epoch: 2, Average loss: 0.0295, Top1Accuracy: 0.1263, Top3Accuracy: 0.2701, Top5Accuracy: 0.3621, Time consumed:1.71s

Training Epoch: 3 [128/50000]	Loss: 3.5233	LR: 0.056454
Evaluating Network.....
Test set: Epoch: 3, Average loss: 0.0255, Top1Accuracy: 0.1977, Top3Accuracy: 0.3817, Top5Accuracy: 0.4851, Time consumed:1.76s

Training Epoch: 4 [128/50000]	Loss: 2.9142	LR: 0.054760
Evaluating Network.....
Test set: Epoch: 4, Average loss: 0.0257, Top1Accuracy: 0.2159, Top3Accuracy: 0.3998, Top5Accuracy: 0.4965, Time consumed:1.75s

Training Epoch: 5 [128/50000]	Loss: 2.8915	LR: 0.053118
Evaluating Network.....
Test set: Epoch: 5, Average loss: 0.0220, Top1Accuracy: 0.2807, Top3Accuracy: 0.4989, Top5Accuracy: 0.6001, Time consumed:1.75s

Training Epoch: 6 [128/50000]	Loss: 2.6670	LR: 0.051524
Evaluating Network.....
Test set: Epoch: 6, Average loss: 0.0225, Top1Accuracy: 0.2743, Top3Accuracy: 0.4917, Top5Accuracy: 0.5992, Time consumed:1.74s

Training Epoch: 7 [128/50000]	Loss: 2.7671	LR: 0.049978
Evaluating Network.....
Test set: Epoch: 7, Average loss: 0.0243, Top1Accuracy: 0.2718, Top3Accuracy: 0.4618, Top5Accuracy: 0.5570, Time consumed:1.74s

Training Epoch: 8 [128/50000]	Loss: 2.3002	LR: 0.048479
Evaluating Network.....
Test set: Epoch: 8, Average loss: 0.0186, Top1Accuracy: 0.3753, Top3Accuracy: 0.6003, Top5Accuracy: 0.7053, Time consumed:1.74s

Training Epoch: 9 [128/50000]	Loss: 2.2418	LR: 0.047025
Evaluating Network.....
Test set: Epoch: 9, Average loss: 0.0180, Top1Accuracy: 0.3866, Top3Accuracy: 0.6176, Top5Accuracy: 0.7208, Time consumed:1.73s

Training Epoch: 10 [128/50000]	Loss: 1.9516	LR: 0.045614
Evaluating Network.....
Test set: Epoch: 10, Average loss: 0.0184, Top1Accuracy: 0.3829, Top3Accuracy: 0.6114, Top5Accuracy: 0.7097, Time consumed:1.74s

Training Epoch: 11 [128/50000]	Loss: 1.8122	LR: 0.044245
Evaluating Network.....
Test set: Epoch: 11, Average loss: 0.0177, Top1Accuracy: 0.3978, Top3Accuracy: 0.6266, Top5Accuracy: 0.7302, Time consumed:1.73s

Training Epoch: 12 [128/50000]	Loss: 2.0058	LR: 0.042918
Evaluating Network.....
Test set: Epoch: 12, Average loss: 0.0167, Top1Accuracy: 0.4252, Top3Accuracy: 0.6595, Top5Accuracy: 0.7570, Time consumed:1.72s

Training Epoch: 13 [128/50000]	Loss: 2.0278	LR: 0.041631
Evaluating Network.....
Test set: Epoch: 13, Average loss: 0.0160, Top1Accuracy: 0.4542, Top3Accuracy: 0.6776, Top5Accuracy: 0.7677, Time consumed:1.75s

Training Epoch: 14 [128/50000]	Loss: 1.9318	LR: 0.040382
Evaluating Network.....
Test set: Epoch: 14, Average loss: 0.0176, Top1Accuracy: 0.4161, Top3Accuracy: 0.6409, Top5Accuracy: 0.7397, Time consumed:1.72s

Training Epoch: 15 [128/50000]	Loss: 2.0033	LR: 0.039170
Evaluating Network.....
Test set: Epoch: 15, Average loss: 0.0166, Top1Accuracy: 0.4310, Top3Accuracy: 0.6767, Top5Accuracy: 0.7657, Time consumed:1.75s

Training Epoch: 16 [128/50000]	Loss: 2.0412	LR: 0.037995
Evaluating Network.....
Test set: Epoch: 16, Average loss: 0.0158, Top1Accuracy: 0.4508, Top3Accuracy: 0.6851, Top5Accuracy: 0.7736, Time consumed:1.74s

Training Epoch: 17 [128/50000]	Loss: 1.9495	LR: 0.036855
Evaluating Network.....
Test set: Epoch: 17, Average loss: 0.0153, Top1Accuracy: 0.4725, Top3Accuracy: 0.6932, Top5Accuracy: 0.7858, Time consumed:1.73s

Training Epoch: 18 [128/50000]	Loss: 1.7003	LR: 0.035750
Evaluating Network.....
Test set: Epoch: 18, Average loss: 0.0167, Top1Accuracy: 0.4401, Top3Accuracy: 0.6670, Top5Accuracy: 0.7594, Time consumed:1.75s

Training Epoch: 19 [128/50000]	Loss: 1.5240	LR: 0.034677
Evaluating Network.....
Test set: Epoch: 19, Average loss: 0.0166, Top1Accuracy: 0.4319, Top3Accuracy: 0.6641, Top5Accuracy: 0.7592, Time consumed:1.73s

Training Epoch: 20 [128/50000]	Loss: 1.7491	LR: 0.033637
Evaluating Network.....
Test set: Epoch: 20, Average loss: 0.0152, Top1Accuracy: 0.4723, Top3Accuracy: 0.6996, Top5Accuracy: 0.7885, Time consumed:1.73s

Training Epoch: 21 [128/50000]	Loss: 1.5435	LR: 0.032628
Evaluating Network.....
Test set: Epoch: 21, Average loss: 0.0149, Top1Accuracy: 0.4927, Top3Accuracy: 0.7098, Top5Accuracy: 0.7958, Time consumed:1.73s

Training Epoch: 22 [128/50000]	Loss: 1.6729	LR: 0.031649
Evaluating Network.....
Test set: Epoch: 22, Average loss: 0.0135, Top1Accuracy: 0.5225, Top3Accuracy: 0.7460, Top5Accuracy: 0.8270, Time consumed:1.74s

Training Epoch: 23 [128/50000]	Loss: 1.6126	LR: 0.030699
Evaluating Network.....
Test set: Epoch: 23, Average loss: 0.0146, Top1Accuracy: 0.4978, Top3Accuracy: 0.7205, Top5Accuracy: 0.8081, Time consumed:1.73s

Training Epoch: 24 [128/50000]	Loss: 1.7102	LR: 0.029778
Evaluating Network.....
Test set: Epoch: 24, Average loss: 0.0139, Top1Accuracy: 0.5143, Top3Accuracy: 0.7370, Top5Accuracy: 0.8168, Time consumed:1.71s

Training Epoch: 25 [128/50000]	Loss: 1.7470	LR: 0.028885
Evaluating Network.....
Test set: Epoch: 25, Average loss: 0.0141, Top1Accuracy: 0.5021, Top3Accuracy: 0.7269, Top5Accuracy: 0.8108, Time consumed:1.73s

Training Epoch: 26 [128/50000]	Loss: 1.6318	LR: 0.028018
Evaluating Network.....
Test set: Epoch: 26, Average loss: 0.0136, Top1Accuracy: 0.5262, Top3Accuracy: 0.7446, Top5Accuracy: 0.8228, Time consumed:1.74s

Training Epoch: 27 [128/50000]	Loss: 1.6394	LR: 0.027178
Evaluating Network.....
Test set: Epoch: 27, Average loss: 0.0142, Top1Accuracy: 0.5098, Top3Accuracy: 0.7344, Top5Accuracy: 0.8158, Time consumed:1.72s

Training Epoch: 28 [128/50000]	Loss: 1.5884	LR: 0.026363
Evaluating Network.....
Test set: Epoch: 28, Average loss: 0.0150, Top1Accuracy: 0.4869, Top3Accuracy: 0.7159, Top5Accuracy: 0.8010, Time consumed:1.73s

Training Epoch: 29 [128/50000]	Loss: 1.6380	LR: 0.025572
Evaluating Network.....
Test set: Epoch: 29, Average loss: 0.0130, Top1Accuracy: 0.5447, Top3Accuracy: 0.7624, Top5Accuracy: 0.8386, Time consumed:1.73s

Training Epoch: 30 [128/50000]	Loss: 1.3628	LR: 0.024805
Evaluating Network.....
Test set: Epoch: 30, Average loss: 0.0127, Top1Accuracy: 0.5536, Top3Accuracy: 0.7661, Top5Accuracy: 0.8414, Time consumed:1.73s

Training Epoch: 31 [128/50000]	Loss: 1.4786	LR: 0.024060
Evaluating Network.....
Test set: Epoch: 31, Average loss: 0.0139, Top1Accuracy: 0.5202, Top3Accuracy: 0.7402, Top5Accuracy: 0.8215, Time consumed:1.72s

Training Epoch: 32 [128/50000]	Loss: 1.4471	LR: 0.023339
Evaluating Network.....
Test set: Epoch: 32, Average loss: 0.0141, Top1Accuracy: 0.5150, Top3Accuracy: 0.7378, Top5Accuracy: 0.8183, Time consumed:1.74s

Training Epoch: 33 [128/50000]	Loss: 1.2739	LR: 0.022638
Evaluating Network.....
Test set: Epoch: 33, Average loss: 0.0133, Top1Accuracy: 0.5332, Top3Accuracy: 0.7555, Top5Accuracy: 0.8327, Time consumed:1.74s

Training Epoch: 34 [128/50000]	Loss: 1.3511	LR: 0.021959
Evaluating Network.....
Test set: Epoch: 34, Average loss: 0.0134, Top1Accuracy: 0.5389, Top3Accuracy: 0.7552, Top5Accuracy: 0.8302, Time consumed:1.73s

Training Epoch: 35 [128/50000]	Loss: 1.4395	LR: 0.021301
Evaluating Network.....
Test set: Epoch: 35, Average loss: 0.0120, Top1Accuracy: 0.5716, Top3Accuracy: 0.7842, Top5Accuracy: 0.8567, Time consumed:1.74s

Training Epoch: 36 [128/50000]	Loss: 1.2857	LR: 0.020662
Evaluating Network.....
Test set: Epoch: 36, Average loss: 0.0130, Top1Accuracy: 0.5474, Top3Accuracy: 0.7623, Top5Accuracy: 0.8401, Time consumed:1.73s

Training Epoch: 37 [128/50000]	Loss: 1.2910	LR: 0.020042
Evaluating Network.....
Test set: Epoch: 37, Average loss: 0.0121, Top1Accuracy: 0.5704, Top3Accuracy: 0.7930, Top5Accuracy: 0.8613, Time consumed:1.74s

Training Epoch: 38 [128/50000]	Loss: 1.3431	LR: 0.019440
Evaluating Network.....
Test set: Epoch: 38, Average loss: 0.0123, Top1Accuracy: 0.5701, Top3Accuracy: 0.7797, Top5Accuracy: 0.8536, Time consumed:1.73s

Training Epoch: 39 [128/50000]	Loss: 1.1719	LR: 0.018857
Evaluating Network.....
Test set: Epoch: 39, Average loss: 0.0119, Top1Accuracy: 0.5791, Top3Accuracy: 0.7984, Top5Accuracy: 0.8632, Time consumed:1.74s

Training Epoch: 40 [128/50000]	Loss: 1.0536	LR: 0.018291
Evaluating Network.....
Test set: Epoch: 40, Average loss: 0.0123, Top1Accuracy: 0.5763, Top3Accuracy: 0.7845, Top5Accuracy: 0.8538, Time consumed:1.74s

Training Epoch: 41 [128/50000]	Loss: 1.1500	LR: 0.017743
Evaluating Network.....
Test set: Epoch: 41, Average loss: 0.0114, Top1Accuracy: 0.5952, Top3Accuracy: 0.8035, Top5Accuracy: 0.8703, Time consumed:1.74s

Training Epoch: 42 [128/50000]	Loss: 1.0989	LR: 0.017210
Evaluating Network.....
Test set: Epoch: 42, Average loss: 0.0119, Top1Accuracy: 0.5799, Top3Accuracy: 0.7890, Top5Accuracy: 0.8598, Time consumed:1.73s

Training Epoch: 43 [128/50000]	Loss: 1.0414	LR: 0.016694
Evaluating Network.....
Test set: Epoch: 43, Average loss: 0.0126, Top1Accuracy: 0.5639, Top3Accuracy: 0.7784, Top5Accuracy: 0.8495, Time consumed:1.73s

Training Epoch: 44 [128/50000]	Loss: 1.0317	LR: 0.016193
Evaluating Network.....
Test set: Epoch: 44, Average loss: 0.0115, Top1Accuracy: 0.5886, Top3Accuracy: 0.8026, Top5Accuracy: 0.8713, Time consumed:1.74s

Training Epoch: 45 [128/50000]	Loss: 1.2929	LR: 0.015708
Evaluating Network.....
Test set: Epoch: 45, Average loss: 0.0112, Top1Accuracy: 0.6023, Top3Accuracy: 0.8080, Top5Accuracy: 0.8756, Time consumed:1.73s

Training Epoch: 46 [128/50000]	Loss: 1.0071	LR: 0.015236
Evaluating Network.....
Test set: Epoch: 46, Average loss: 0.0118, Top1Accuracy: 0.5861, Top3Accuracy: 0.7978, Top5Accuracy: 0.8650, Time consumed:1.72s

Training Epoch: 47 [128/50000]	Loss: 1.0149	LR: 0.014779
Evaluating Network.....
Test set: Epoch: 47, Average loss: 0.0113, Top1Accuracy: 0.6029, Top3Accuracy: 0.8070, Top5Accuracy: 0.8753, Time consumed:1.73s

Training Epoch: 48 [128/50000]	Loss: 1.0206	LR: 0.014336
Evaluating Network.....
Test set: Epoch: 48, Average loss: 0.0110, Top1Accuracy: 0.6151, Top3Accuracy: 0.8194, Top5Accuracy: 0.8819, Time consumed:1.73s

Training Epoch: 49 [128/50000]	Loss: 1.1098	LR: 0.013906
Evaluating Network.....
Test set: Epoch: 49, Average loss: 0.0108, Top1Accuracy: 0.6192, Top3Accuracy: 0.8151, Top5Accuracy: 0.8804, Time consumed:1.72s

Training Epoch: 50 [128/50000]	Loss: 1.1589	LR: 0.013489
Evaluating Network.....
Test set: Epoch: 50, Average loss: 0.0114, Top1Accuracy: 0.6056, Top3Accuracy: 0.8051, Top5Accuracy: 0.8711, Time consumed:1.73s

Training Epoch: 51 [128/50000]	Loss: 0.8339	LR: 0.013084
Evaluating Network.....
Test set: Epoch: 51, Average loss: 0.0113, Top1Accuracy: 0.6044, Top3Accuracy: 0.8126, Top5Accuracy: 0.8763, Time consumed:1.74s

Training Epoch: 52 [128/50000]	Loss: 1.0884	LR: 0.012691
Evaluating Network.....
Test set: Epoch: 52, Average loss: 0.0110, Top1Accuracy: 0.6142, Top3Accuracy: 0.8169, Top5Accuracy: 0.8826, Time consumed:1.73s

Training Epoch: 53 [128/50000]	Loss: 0.8335	LR: 0.012311
Evaluating Network.....
Test set: Epoch: 53, Average loss: 0.0111, Top1Accuracy: 0.6062, Top3Accuracy: 0.8106, Top5Accuracy: 0.8768, Time consumed:1.73s

Training Epoch: 54 [128/50000]	Loss: 0.8502	LR: 0.011941
Evaluating Network.....
Test set: Epoch: 54, Average loss: 0.0108, Top1Accuracy: 0.6231, Top3Accuracy: 0.8187, Top5Accuracy: 0.8830, Time consumed:1.73s

Training Epoch: 55 [128/50000]	Loss: 0.8550	LR: 0.011583
Evaluating Network.....
Test set: Epoch: 55, Average loss: 0.0111, Top1Accuracy: 0.6067, Top3Accuracy: 0.8087, Top5Accuracy: 0.8782, Time consumed:1.73s

Training Epoch: 56 [128/50000]	Loss: 0.8420	LR: 0.011236
Evaluating Network.....
Test set: Epoch: 56, Average loss: 0.0108, Top1Accuracy: 0.6196, Top3Accuracy: 0.8228, Top5Accuracy: 0.8838, Time consumed:1.74s

Training Epoch: 57 [128/50000]	Loss: 0.8291	LR: 0.010899
Evaluating Network.....
Test set: Epoch: 57, Average loss: 0.0108, Top1Accuracy: 0.6213, Top3Accuracy: 0.8222, Top5Accuracy: 0.8855, Time consumed:1.75s

Training Epoch: 58 [128/50000]	Loss: 0.8943	LR: 0.010572
Evaluating Network.....
Test set: Epoch: 58, Average loss: 0.0104, Top1Accuracy: 0.6386, Top3Accuracy: 0.8356, Top5Accuracy: 0.8925, Time consumed:1.73s

Training Epoch: 59 [128/50000]	Loss: 0.7537	LR: 0.010254
Evaluating Network.....
Test set: Epoch: 59, Average loss: 0.0104, Top1Accuracy: 0.6374, Top3Accuracy: 0.8334, Top5Accuracy: 0.8909, Time consumed:1.73s

Training Epoch: 60 [128/50000]	Loss: 0.6777	LR: 0.009947
Evaluating Network.....
Test set: Epoch: 60, Average loss: 0.0103, Top1Accuracy: 0.6390, Top3Accuracy: 0.8361, Top5Accuracy: 0.8955, Time consumed:1.73s

Training Epoch: 61 [128/50000]	Loss: 0.7080	LR: 0.009648
Evaluating Network.....
Test set: Epoch: 61, Average loss: 0.0102, Top1Accuracy: 0.6463, Top3Accuracy: 0.8397, Top5Accuracy: 0.8959, Time consumed:1.73s

Training Epoch: 62 [128/50000]	Loss: 0.9575	LR: 0.009359
Evaluating Network.....
Test set: Epoch: 62, Average loss: 0.0108, Top1Accuracy: 0.6266, Top3Accuracy: 0.8259, Top5Accuracy: 0.8855, Time consumed:1.73s

Training Epoch: 63 [128/50000]	Loss: 0.8103	LR: 0.009078
Evaluating Network.....
Test set: Epoch: 63, Average loss: 0.0104, Top1Accuracy: 0.6353, Top3Accuracy: 0.8357, Top5Accuracy: 0.8932, Time consumed:1.73s

Training Epoch: 64 [128/50000]	Loss: 0.7824	LR: 0.008806
Evaluating Network.....
Test set: Epoch: 64, Average loss: 0.0105, Top1Accuracy: 0.6378, Top3Accuracy: 0.8295, Top5Accuracy: 0.8892, Time consumed:1.74s

Training Epoch: 65 [128/50000]	Loss: 0.5995	LR: 0.008542
Evaluating Network.....
Test set: Epoch: 65, Average loss: 0.0102, Top1Accuracy: 0.6513, Top3Accuracy: 0.8440, Top5Accuracy: 0.9011, Time consumed:1.74s

Training Epoch: 66 [128/50000]	Loss: 0.8809	LR: 0.008285
Evaluating Network.....
Test set: Epoch: 66, Average loss: 0.0106, Top1Accuracy: 0.6384, Top3Accuracy: 0.8321, Top5Accuracy: 0.8896, Time consumed:1.74s

Training Epoch: 67 [128/50000]	Loss: 0.7235	LR: 0.008037
Evaluating Network.....
Test set: Epoch: 67, Average loss: 0.0104, Top1Accuracy: 0.6424, Top3Accuracy: 0.8333, Top5Accuracy: 0.8934, Time consumed:1.75s

Training Epoch: 68 [128/50000]	Loss: 0.7522	LR: 0.007796
Evaluating Network.....
Test set: Epoch: 68, Average loss: 0.0103, Top1Accuracy: 0.6491, Top3Accuracy: 0.8390, Top5Accuracy: 0.8959, Time consumed:1.74s

Training Epoch: 69 [128/50000]	Loss: 0.6232	LR: 0.007562
Evaluating Network.....
Test set: Epoch: 69, Average loss: 0.0104, Top1Accuracy: 0.6476, Top3Accuracy: 0.8367, Top5Accuracy: 0.8924, Time consumed:1.74s

Training Epoch: 70 [128/50000]	Loss: 0.5705	LR: 0.007335
Evaluating Network.....
Test set: Epoch: 70, Average loss: 0.0101, Top1Accuracy: 0.6612, Top3Accuracy: 0.8411, Top5Accuracy: 0.8975, Time consumed:1.74s

Training Epoch: 71 [128/50000]	Loss: 0.5462	LR: 0.007115
Evaluating Network.....
Test set: Epoch: 71, Average loss: 0.0103, Top1Accuracy: 0.6486, Top3Accuracy: 0.8394, Top5Accuracy: 0.8943, Time consumed:1.76s

Training Epoch: 72 [128/50000]	Loss: 0.5109	LR: 0.006902
Evaluating Network.....
Test set: Epoch: 72, Average loss: 0.0103, Top1Accuracy: 0.6507, Top3Accuracy: 0.8400, Top5Accuracy: 0.8995, Time consumed:1.73s

Training Epoch: 73 [128/50000]	Loss: 0.6343	LR: 0.006694
Evaluating Network.....
Test set: Epoch: 73, Average loss: 0.0103, Top1Accuracy: 0.6551, Top3Accuracy: 0.8415, Top5Accuracy: 0.8998, Time consumed:1.74s

Training Epoch: 74 [128/50000]	Loss: 0.4513	LR: 0.006494
Evaluating Network.....
Test set: Epoch: 74, Average loss: 0.0103, Top1Accuracy: 0.6546, Top3Accuracy: 0.8393, Top5Accuracy: 0.8968, Time consumed:1.74s

Training Epoch: 75 [128/50000]	Loss: 0.5869	LR: 0.006299
Evaluating Network.....
Test set: Epoch: 75, Average loss: 0.0103, Top1Accuracy: 0.6526, Top3Accuracy: 0.8366, Top5Accuracy: 0.8952, Time consumed:1.74s

Training Epoch: 76 [128/50000]	Loss: 0.6726	LR: 0.006110
Evaluating Network.....
Test set: Epoch: 76, Average loss: 0.0101, Top1Accuracy: 0.6613, Top3Accuracy: 0.8431, Top5Accuracy: 0.8989, Time consumed:1.75s

Training Epoch: 77 [128/50000]	Loss: 0.4490	LR: 0.005927
Evaluating Network.....
Test set: Epoch: 77, Average loss: 0.0101, Top1Accuracy: 0.6643, Top3Accuracy: 0.8436, Top5Accuracy: 0.8999, Time consumed:1.76s

Training Epoch: 78 [128/50000]	Loss: 0.5333	LR: 0.005749
Evaluating Network.....
Test set: Epoch: 78, Average loss: 0.0103, Top1Accuracy: 0.6562, Top3Accuracy: 0.8431, Top5Accuracy: 0.8963, Time consumed:1.76s

Training Epoch: 79 [128/50000]	Loss: 0.4532	LR: 0.005576
Evaluating Network.....
Test set: Epoch: 79, Average loss: 0.0101, Top1Accuracy: 0.6624, Top3Accuracy: 0.8444, Top5Accuracy: 0.8993, Time consumed:1.73s

Training Epoch: 80 [128/50000]	Loss: 0.5494	LR: 0.005409
Evaluating Network.....
Test set: Epoch: 80, Average loss: 0.0101, Top1Accuracy: 0.6619, Top3Accuracy: 0.8481, Top5Accuracy: 0.8993, Time consumed:1.74s

Training Epoch: 81 [128/50000]	Loss: 0.4523	LR: 0.005247
Evaluating Network.....
Test set: Epoch: 81, Average loss: 0.0101, Top1Accuracy: 0.6687, Top3Accuracy: 0.8477, Top5Accuracy: 0.8986, Time consumed:1.74s

Training Epoch: 82 [128/50000]	Loss: 0.3299	LR: 0.005089
Evaluating Network.....
Test set: Epoch: 82, Average loss: 0.0104, Top1Accuracy: 0.6555, Top3Accuracy: 0.8443, Top5Accuracy: 0.8984, Time consumed:1.73s

Training Epoch: 83 [128/50000]	Loss: 0.4106	LR: 0.004937
Evaluating Network.....
Test set: Epoch: 83, Average loss: 0.0104, Top1Accuracy: 0.6638, Top3Accuracy: 0.8409, Top5Accuracy: 0.8949, Time consumed:1.74s

Training Epoch: 84 [128/50000]	Loss: 0.3263	LR: 0.004789
Evaluating Network.....
Test set: Epoch: 84, Average loss: 0.0102, Top1Accuracy: 0.6660, Top3Accuracy: 0.8485, Top5Accuracy: 0.9017, Time consumed:1.75s

Training Epoch: 85 [128/50000]	Loss: 0.3864	LR: 0.004645
Evaluating Network.....
Test set: Epoch: 85, Average loss: 0.0101, Top1Accuracy: 0.6675, Top3Accuracy: 0.8481, Top5Accuracy: 0.9004, Time consumed:1.76s

Training Epoch: 86 [128/50000]	Loss: 0.3766	LR: 0.004506
Evaluating Network.....
Test set: Epoch: 86, Average loss: 0.0103, Top1Accuracy: 0.6650, Top3Accuracy: 0.8466, Top5Accuracy: 0.8995, Time consumed:1.74s

Training Epoch: 87 [128/50000]	Loss: 0.3992	LR: 0.004370
Evaluating Network.....
Test set: Epoch: 87, Average loss: 0.0101, Top1Accuracy: 0.6709, Top3Accuracy: 0.8534, Top5Accuracy: 0.9039, Time consumed:1.74s

Training Epoch: 88 [128/50000]	Loss: 0.3563	LR: 0.004239
Evaluating Network.....
Test set: Epoch: 88, Average loss: 0.0103, Top1Accuracy: 0.6641, Top3Accuracy: 0.8484, Top5Accuracy: 0.9017, Time consumed:1.73s

Training Epoch: 89 [128/50000]	Loss: 0.3021	LR: 0.004112
Evaluating Network.....
Test set: Epoch: 89, Average loss: 0.0105, Top1Accuracy: 0.6666, Top3Accuracy: 0.8467, Top5Accuracy: 0.9002, Time consumed:1.73s

Training Epoch: 90 [128/50000]	Loss: 0.4272	LR: 0.003989
Evaluating Network.....
Test set: Epoch: 90, Average loss: 0.0102, Top1Accuracy: 0.6713, Top3Accuracy: 0.8471, Top5Accuracy: 0.9000, Time consumed:1.72s

Training Epoch: 91 [128/50000]	Loss: 0.2737	LR: 0.003869
Evaluating Network.....
Test set: Epoch: 91, Average loss: 0.0104, Top1Accuracy: 0.6667, Top3Accuracy: 0.8522, Top5Accuracy: 0.9019, Time consumed:1.74s

Training Epoch: 92 [128/50000]	Loss: 0.2908	LR: 0.003753
Evaluating Network.....
Test set: Epoch: 92, Average loss: 0.0102, Top1Accuracy: 0.6740, Top3Accuracy: 0.8534, Top5Accuracy: 0.9022, Time consumed:1.73s

Training Epoch: 93 [128/50000]	Loss: 0.2567	LR: 0.003640
Evaluating Network.....
Test set: Epoch: 93, Average loss: 0.0103, Top1Accuracy: 0.6737, Top3Accuracy: 0.8513, Top5Accuracy: 0.9010, Time consumed:1.73s

Training Epoch: 94 [128/50000]	Loss: 0.3780	LR: 0.003531
Evaluating Network.....
Test set: Epoch: 94, Average loss: 0.0103, Top1Accuracy: 0.6732, Top3Accuracy: 0.8503, Top5Accuracy: 0.9039, Time consumed:1.73s

Training Epoch: 95 [128/50000]	Loss: 0.2833	LR: 0.003425
Evaluating Network.....
Test set: Epoch: 95, Average loss: 0.0105, Top1Accuracy: 0.6698, Top3Accuracy: 0.8501, Top5Accuracy: 0.9014, Time consumed:1.74s

Training Epoch: 96 [128/50000]	Loss: 0.2279	LR: 0.003323
Evaluating Network.....
Test set: Epoch: 96, Average loss: 0.0104, Top1Accuracy: 0.6732, Top3Accuracy: 0.8496, Top5Accuracy: 0.9012, Time consumed:1.74s

Training Epoch: 97 [128/50000]	Loss: 0.2795	LR: 0.003223
Evaluating Network.....
Test set: Epoch: 97, Average loss: 0.0105, Top1Accuracy: 0.6715, Top3Accuracy: 0.8509, Top5Accuracy: 0.8996, Time consumed:1.72s

Training Epoch: 98 [128/50000]	Loss: 0.2332	LR: 0.003126
Evaluating Network.....
Test set: Epoch: 98, Average loss: 0.0104, Top1Accuracy: 0.6722, Top3Accuracy: 0.8493, Top5Accuracy: 0.8990, Time consumed:1.77s

Training Epoch: 99 [128/50000]	Loss: 0.2989	LR: 0.003032
Evaluating Network.....
Test set: Epoch: 99, Average loss: 0.0104, Top1Accuracy: 0.6695, Top3Accuracy: 0.8523, Top5Accuracy: 0.9027, Time consumed:1.75s

Training Epoch: 100 [128/50000]	Loss: 0.1361	LR: 0.002941
Evaluating Network.....
Test set: Epoch: 100, Average loss: 0.0103, Top1Accuracy: 0.6795, Top3Accuracy: 0.8558, Top5Accuracy: 0.9030, Time consumed:1.73s

Training Epoch: 101 [128/50000]	Loss: 0.1706	LR: 0.002853
Evaluating Network.....
Test set: Epoch: 101, Average loss: 0.0104, Top1Accuracy: 0.6814, Top3Accuracy: 0.8491, Top5Accuracy: 0.9012, Time consumed:1.73s

Training Epoch: 102 [128/50000]	Loss: 0.1777	LR: 0.002768
Evaluating Network.....
Test set: Epoch: 102, Average loss: 0.0106, Top1Accuracy: 0.6726, Top3Accuracy: 0.8471, Top5Accuracy: 0.9022, Time consumed:1.74s

Training Epoch: 103 [128/50000]	Loss: 0.2017	LR: 0.002685
Evaluating Network.....
Test set: Epoch: 103, Average loss: 0.0103, Top1Accuracy: 0.6776, Top3Accuracy: 0.8525, Top5Accuracy: 0.9014, Time consumed:1.74s

Training Epoch: 104 [128/50000]	Loss: 0.1410	LR: 0.002604
Evaluating Network.....
Test set: Epoch: 104, Average loss: 0.0104, Top1Accuracy: 0.6825, Top3Accuracy: 0.8508, Top5Accuracy: 0.9027, Time consumed:1.73s

Training Epoch: 105 [128/50000]	Loss: 0.1713	LR: 0.002526
Evaluating Network.....
Test set: Epoch: 105, Average loss: 0.0105, Top1Accuracy: 0.6765, Top3Accuracy: 0.8494, Top5Accuracy: 0.8994, Time consumed:1.72s

Training Epoch: 106 [128/50000]	Loss: 0.1885	LR: 0.002450
Evaluating Network.....
Test set: Epoch: 106, Average loss: 0.0106, Top1Accuracy: 0.6791, Top3Accuracy: 0.8497, Top5Accuracy: 0.8987, Time consumed:1.73s

Training Epoch: 107 [128/50000]	Loss: 0.1630	LR: 0.002377
Evaluating Network.....
Test set: Epoch: 107, Average loss: 0.0104, Top1Accuracy: 0.6825, Top3Accuracy: 0.8522, Top5Accuracy: 0.9034, Time consumed:1.76s

Training Epoch: 108 [128/50000]	Loss: 0.1151	LR: 0.002305
Evaluating Network.....
Test set: Epoch: 108, Average loss: 0.0106, Top1Accuracy: 0.6751, Top3Accuracy: 0.8526, Top5Accuracy: 0.9034, Time consumed:1.75s

Training Epoch: 109 [128/50000]	Loss: 0.1877	LR: 0.002236
Evaluating Network.....
Test set: Epoch: 109, Average loss: 0.0104, Top1Accuracy: 0.6811, Top3Accuracy: 0.8565, Top5Accuracy: 0.9053, Time consumed:1.73s

Training Epoch: 110 [128/50000]	Loss: 0.1605	LR: 0.002169
Evaluating Network.....
Test set: Epoch: 110, Average loss: 0.0105, Top1Accuracy: 0.6853, Top3Accuracy: 0.8560, Top5Accuracy: 0.9019, Time consumed:1.73s

Training Epoch: 111 [128/50000]	Loss: 0.1203	LR: 0.002104
Evaluating Network.....
Test set: Epoch: 111, Average loss: 0.0105, Top1Accuracy: 0.6843, Top3Accuracy: 0.8529, Top5Accuracy: 0.9015, Time consumed:1.75s

Training Epoch: 112 [128/50000]	Loss: 0.1652	LR: 0.002041
Evaluating Network.....
Test set: Epoch: 112, Average loss: 0.0105, Top1Accuracy: 0.6828, Top3Accuracy: 0.8539, Top5Accuracy: 0.9000, Time consumed:1.75s

Training Epoch: 113 [128/50000]	Loss: 0.1382	LR: 0.001980
Evaluating Network.....
Test set: Epoch: 113, Average loss: 0.0107, Top1Accuracy: 0.6745, Top3Accuracy: 0.8478, Top5Accuracy: 0.8982, Time consumed:1.75s

Training Epoch: 114 [128/50000]	Loss: 0.1413	LR: 0.001920
Evaluating Network.....
Test set: Epoch: 114, Average loss: 0.0105, Top1Accuracy: 0.6868, Top3Accuracy: 0.8538, Top5Accuracy: 0.9022, Time consumed:1.74s

Training Epoch: 115 [128/50000]	Loss: 0.1709	LR: 0.001863
Evaluating Network.....
Test set: Epoch: 115, Average loss: 0.0106, Top1Accuracy: 0.6823, Top3Accuracy: 0.8516, Top5Accuracy: 0.9001, Time consumed:1.75s

Training Epoch: 116 [128/50000]	Loss: 0.1065	LR: 0.001807
Evaluating Network.....
Test set: Epoch: 116, Average loss: 0.0105, Top1Accuracy: 0.6868, Top3Accuracy: 0.8565, Top5Accuracy: 0.9052, Time consumed:1.75s

Training Epoch: 117 [128/50000]	Loss: 0.1927	LR: 0.001753
Evaluating Network.....
Test set: Epoch: 117, Average loss: 0.0105, Top1Accuracy: 0.6840, Top3Accuracy: 0.8568, Top5Accuracy: 0.9012, Time consumed:1.75s

Training Epoch: 118 [128/50000]	Loss: 0.0961	LR: 0.001700
Evaluating Network.....
Test set: Epoch: 118, Average loss: 0.0107, Top1Accuracy: 0.6860, Top3Accuracy: 0.8518, Top5Accuracy: 0.9018, Time consumed:1.73s

Training Epoch: 119 [128/50000]	Loss: 0.0764	LR: 0.001649
Evaluating Network.....
Test set: Epoch: 119, Average loss: 0.0106, Top1Accuracy: 0.6838, Top3Accuracy: 0.8547, Top5Accuracy: 0.9009, Time consumed:1.75s

Training Epoch: 120 [128/50000]	Loss: 0.1081	LR: 0.001600
Evaluating Network.....
Test set: Epoch: 120, Average loss: 0.0105, Top1Accuracy: 0.6896, Top3Accuracy: 0.8541, Top5Accuracy: 0.9018, Time consumed:1.73s

Training Epoch: 121 [128/50000]	Loss: 0.0950	LR: 0.001552
Evaluating Network.....
Test set: Epoch: 121, Average loss: 0.0106, Top1Accuracy: 0.6886, Top3Accuracy: 0.8539, Top5Accuracy: 0.9009, Time consumed:1.74s

Training Epoch: 122 [128/50000]	Loss: 0.1303	LR: 0.001505
Evaluating Network.....
Test set: Epoch: 122, Average loss: 0.0106, Top1Accuracy: 0.6884, Top3Accuracy: 0.8531, Top5Accuracy: 0.9005, Time consumed:1.75s

Training Epoch: 123 [128/50000]	Loss: 0.1122	LR: 0.001460
Evaluating Network.....
Test set: Epoch: 123, Average loss: 0.0105, Top1Accuracy: 0.6894, Top3Accuracy: 0.8542, Top5Accuracy: 0.9018, Time consumed:1.73s

Training Epoch: 124 [128/50000]	Loss: 0.0738	LR: 0.001416
Evaluating Network.....
Test set: Epoch: 124, Average loss: 0.0105, Top1Accuracy: 0.6927, Top3Accuracy: 0.8537, Top5Accuracy: 0.9014, Time consumed:1.74s

Training Epoch: 125 [128/50000]	Loss: 0.0561	LR: 0.001374
Evaluating Network.....
Test set: Epoch: 125, Average loss: 0.0105, Top1Accuracy: 0.6904, Top3Accuracy: 0.8538, Top5Accuracy: 0.9004, Time consumed:1.74s

Training Epoch: 126 [128/50000]	Loss: 0.0496	LR: 0.001332
Evaluating Network.....
Test set: Epoch: 126, Average loss: 0.0105, Top1Accuracy: 0.6842, Top3Accuracy: 0.8543, Top5Accuracy: 0.9004, Time consumed:1.73s

Training Epoch: 127 [128/50000]	Loss: 0.0639	LR: 0.001292
Evaluating Network.....
Test set: Epoch: 127, Average loss: 0.0106, Top1Accuracy: 0.6859, Top3Accuracy: 0.8547, Top5Accuracy: 0.9000, Time consumed:1.74s

Training Epoch: 128 [128/50000]	Loss: 0.0483	LR: 0.001254
Evaluating Network.....
Test set: Epoch: 128, Average loss: 0.0107, Top1Accuracy: 0.6821, Top3Accuracy: 0.8522, Top5Accuracy: 0.8994, Time consumed:1.73s

Training Epoch: 129 [128/50000]	Loss: 0.1027	LR: 0.001216
Evaluating Network.....
Test set: Epoch: 129, Average loss: 0.0105, Top1Accuracy: 0.6864, Top3Accuracy: 0.8545, Top5Accuracy: 0.9003, Time consumed:1.74s

Training Epoch: 130 [128/50000]	Loss: 0.0575	LR: 0.001180
Evaluating Network.....
Test set: Epoch: 130, Average loss: 0.0105, Top1Accuracy: 0.6901, Top3Accuracy: 0.8560, Top5Accuracy: 0.9013, Time consumed:1.74s

Training Epoch: 131 [128/50000]	Loss: 0.0724	LR: 0.001144
Evaluating Network.....
Test set: Epoch: 131, Average loss: 0.0105, Top1Accuracy: 0.6870, Top3Accuracy: 0.8551, Top5Accuracy: 0.8997, Time consumed:1.74s

Training Epoch: 132 [128/50000]	Loss: 0.0722	LR: 0.001110
Evaluating Network.....
Test set: Epoch: 132, Average loss: 0.0106, Top1Accuracy: 0.6863, Top3Accuracy: 0.8535, Top5Accuracy: 0.8994, Time consumed:1.74s

Training Epoch: 133 [128/50000]	Loss: 0.0661	LR: 0.001077
Evaluating Network.....
Test set: Epoch: 133, Average loss: 0.0106, Top1Accuracy: 0.6902, Top3Accuracy: 0.8527, Top5Accuracy: 0.9012, Time consumed:1.74s

Training Epoch: 134 [128/50000]	Loss: 0.0554	LR: 0.001044
Evaluating Network.....
Test set: Epoch: 134, Average loss: 0.0105, Top1Accuracy: 0.6932, Top3Accuracy: 0.8548, Top5Accuracy: 0.9029, Time consumed:1.74s

Training Epoch: 135 [128/50000]	Loss: 0.0630	LR: 0.001013
Evaluating Network.....
Test set: Epoch: 135, Average loss: 0.0106, Top1Accuracy: 0.6912, Top3Accuracy: 0.8565, Top5Accuracy: 0.9008, Time consumed:1.76s

Training Epoch: 136 [128/50000]	Loss: 0.0404	LR: 0.000983
Evaluating Network.....
Test set: Epoch: 136, Average loss: 0.0106, Top1Accuracy: 0.6918, Top3Accuracy: 0.8521, Top5Accuracy: 0.8994, Time consumed:1.74s

Training Epoch: 137 [128/50000]	Loss: 0.0467	LR: 0.000953
Evaluating Network.....
Test set: Epoch: 137, Average loss: 0.0105, Top1Accuracy: 0.6878, Top3Accuracy: 0.8527, Top5Accuracy: 0.9002, Time consumed:1.74s

Training Epoch: 138 [128/50000]	Loss: 0.0666	LR: 0.000924
Evaluating Network.....
Test set: Epoch: 138, Average loss: 0.0105, Top1Accuracy: 0.6879, Top3Accuracy: 0.8534, Top5Accuracy: 0.9004, Time consumed:1.73s

Training Epoch: 139 [128/50000]	Loss: 0.0408	LR: 0.000897
Evaluating Network.....
Test set: Epoch: 139, Average loss: 0.0105, Top1Accuracy: 0.6898, Top3Accuracy: 0.8553, Top5Accuracy: 0.8996, Time consumed:1.74s

Training Epoch: 140 [128/50000]	Loss: 0.0864	LR: 0.000870
Evaluating Network.....
Test set: Epoch: 140, Average loss: 0.0105, Top1Accuracy: 0.6939, Top3Accuracy: 0.8540, Top5Accuracy: 0.9016, Time consumed:1.77s

Training Epoch: 141 [128/50000]	Loss: 0.0474	LR: 0.000844
Evaluating Network.....
Test set: Epoch: 141, Average loss: 0.0105, Top1Accuracy: 0.6902, Top3Accuracy: 0.8521, Top5Accuracy: 0.8994, Time consumed:1.75s

Training Epoch: 142 [128/50000]	Loss: 0.0526	LR: 0.000818
Evaluating Network.....
Test set: Epoch: 142, Average loss: 0.0106, Top1Accuracy: 0.6909, Top3Accuracy: 0.8543, Top5Accuracy: 0.8996, Time consumed:1.74s

Training Epoch: 143 [128/50000]	Loss: 0.0393	LR: 0.000794
Evaluating Network.....
Test set: Epoch: 143, Average loss: 0.0106, Top1Accuracy: 0.6926, Top3Accuracy: 0.8578, Top5Accuracy: 0.9014, Time consumed:1.73s

Training Epoch: 144 [128/50000]	Loss: 0.0486	LR: 0.000770
Evaluating Network.....
Test set: Epoch: 144, Average loss: 0.0106, Top1Accuracy: 0.6905, Top3Accuracy: 0.8550, Top5Accuracy: 0.8991, Time consumed:1.73s

Training Epoch: 145 [128/50000]	Loss: 0.0595	LR: 0.000747
Evaluating Network.....
Test set: Epoch: 145, Average loss: 0.0105, Top1Accuracy: 0.6930, Top3Accuracy: 0.8560, Top5Accuracy: 0.8997, Time consumed:1.74s

Training Epoch: 146 [128/50000]	Loss: 0.0459	LR: 0.000725
Evaluating Network.....
Test set: Epoch: 146, Average loss: 0.0107, Top1Accuracy: 0.6939, Top3Accuracy: 0.8548, Top5Accuracy: 0.9018, Time consumed:1.76s

Training Epoch: 147 [128/50000]	Loss: 0.0238	LR: 0.000703
Evaluating Network.....
Test set: Epoch: 147, Average loss: 0.0106, Top1Accuracy: 0.6926, Top3Accuracy: 0.8543, Top5Accuracy: 0.9009, Time consumed:1.75s

Training Epoch: 148 [128/50000]	Loss: 0.0275	LR: 0.000682
Evaluating Network.....
Test set: Epoch: 148, Average loss: 0.0105, Top1Accuracy: 0.6881, Top3Accuracy: 0.8556, Top5Accuracy: 0.9010, Time consumed:1.73s

Training Epoch: 149 [128/50000]	Loss: 0.0615	LR: 0.000661
Evaluating Network.....
Test set: Epoch: 149, Average loss: 0.0106, Top1Accuracy: 0.6910, Top3Accuracy: 0.8551, Top5Accuracy: 0.9010, Time consumed:1.77s

Training Epoch: 150 [128/50000]	Loss: 0.0415	LR: 0.000641
Evaluating Network.....
Test set: Epoch: 150, Average loss: 0.0105, Top1Accuracy: 0.6913, Top3Accuracy: 0.8559, Top5Accuracy: 0.9011, Time consumed:1.74s

Training Epoch: 151 [128/50000]	Loss: 0.0495	LR: 0.000622
Evaluating Network.....
Test set: Epoch: 151, Average loss: 0.0107, Top1Accuracy: 0.6923, Top3Accuracy: 0.8528, Top5Accuracy: 0.9011, Time consumed:1.75s

Training Epoch: 152 [128/50000]	Loss: 0.0739	LR: 0.000604
Evaluating Network.....
Test set: Epoch: 152, Average loss: 0.0105, Top1Accuracy: 0.6931, Top3Accuracy: 0.8546, Top5Accuracy: 0.8984, Time consumed:1.75s

Training Epoch: 153 [128/50000]	Loss: 0.0378	LR: 0.000585
Evaluating Network.....
Test set: Epoch: 153, Average loss: 0.0105, Top1Accuracy: 0.6910, Top3Accuracy: 0.8554, Top5Accuracy: 0.9021, Time consumed:1.73s

Training Epoch: 154 [128/50000]	Loss: 0.0390	LR: 0.000568
Evaluating Network.....
Test set: Epoch: 154, Average loss: 0.0105, Top1Accuracy: 0.6903, Top3Accuracy: 0.8556, Top5Accuracy: 0.8999, Time consumed:1.74s

Training Epoch: 155 [128/50000]	Loss: 0.0468	LR: 0.000551
Evaluating Network.....
Test set: Epoch: 155, Average loss: 0.0105, Top1Accuracy: 0.6941, Top3Accuracy: 0.8550, Top5Accuracy: 0.8988, Time consumed:1.74s

Training Epoch: 156 [128/50000]	Loss: 0.0551	LR: 0.000534
Evaluating Network.....
Test set: Epoch: 156, Average loss: 0.0106, Top1Accuracy: 0.6920, Top3Accuracy: 0.8550, Top5Accuracy: 0.8991, Time consumed:1.74s

Training Epoch: 157 [128/50000]	Loss: 0.0363	LR: 0.000518
Evaluating Network.....
Test set: Epoch: 157, Average loss: 0.0105, Top1Accuracy: 0.6948, Top3Accuracy: 0.8553, Top5Accuracy: 0.9006, Time consumed:1.74s

Training Epoch: 158 [128/50000]	Loss: 0.0565	LR: 0.000503
Evaluating Network.....
Test set: Epoch: 158, Average loss: 0.0105, Top1Accuracy: 0.6923, Top3Accuracy: 0.8560, Top5Accuracy: 0.9003, Time consumed:1.73s

Training Epoch: 159 [128/50000]	Loss: 0.0340	LR: 0.000488
Evaluating Network.....
Test set: Epoch: 159, Average loss: 0.0104, Top1Accuracy: 0.6925, Top3Accuracy: 0.8573, Top5Accuracy: 0.9009, Time consumed:1.75s

Training Epoch: 160 [128/50000]	Loss: 0.0329	LR: 0.000473
Evaluating Network.....
Test set: Epoch: 160, Average loss: 0.0105, Top1Accuracy: 0.6933, Top3Accuracy: 0.8550, Top5Accuracy: 0.9005, Time consumed:1.74s

Training Epoch: 161 [128/50000]	Loss: 0.0432	LR: 0.000459
Evaluating Network.....
Test set: Epoch: 161, Average loss: 0.0105, Top1Accuracy: 0.6942, Top3Accuracy: 0.8578, Top5Accuracy: 0.9006, Time consumed:1.78s

Training Epoch: 162 [128/50000]	Loss: 0.0400	LR: 0.000445
Evaluating Network.....
Test set: Epoch: 162, Average loss: 0.0105, Top1Accuracy: 0.6947, Top3Accuracy: 0.8548, Top5Accuracy: 0.8994, Time consumed:1.73s

Training Epoch: 163 [128/50000]	Loss: 0.0549	LR: 0.000432
Evaluating Network.....
Test set: Epoch: 163, Average loss: 0.0105, Top1Accuracy: 0.6930, Top3Accuracy: 0.8561, Top5Accuracy: 0.9010, Time consumed:1.73s

Training Epoch: 164 [128/50000]	Loss: 0.0318	LR: 0.000419
Evaluating Network.....
Test set: Epoch: 164, Average loss: 0.0105, Top1Accuracy: 0.6964, Top3Accuracy: 0.8563, Top5Accuracy: 0.8993, Time consumed:1.75s

Training Epoch: 165 [128/50000]	Loss: 0.0605	LR: 0.000406
Evaluating Network.....
Test set: Epoch: 165, Average loss: 0.0106, Top1Accuracy: 0.6949, Top3Accuracy: 0.8544, Top5Accuracy: 0.9000, Time consumed:1.74s

Training Epoch: 166 [128/50000]	Loss: 0.0500	LR: 0.000394
Evaluating Network.....
Test set: Epoch: 166, Average loss: 0.0106, Top1Accuracy: 0.6938, Top3Accuracy: 0.8536, Top5Accuracy: 0.9009, Time consumed:1.74s

Training Epoch: 167 [128/50000]	Loss: 0.0486	LR: 0.000382
Evaluating Network.....
Test set: Epoch: 167, Average loss: 0.0106, Top1Accuracy: 0.6943, Top3Accuracy: 0.8553, Top5Accuracy: 0.9010, Time consumed:1.73s

Training Epoch: 168 [128/50000]	Loss: 0.0363	LR: 0.000371
Evaluating Network.....
Test set: Epoch: 168, Average loss: 0.0106, Top1Accuracy: 0.6925, Top3Accuracy: 0.8557, Top5Accuracy: 0.8996, Time consumed:1.73s

Training Epoch: 169 [128/50000]	Loss: 0.0521	LR: 0.000360
Evaluating Network.....
Test set: Epoch: 169, Average loss: 0.0105, Top1Accuracy: 0.6948, Top3Accuracy: 0.8564, Top5Accuracy: 0.9002, Time consumed:1.73s

Training Epoch: 170 [128/50000]	Loss: 0.0394	LR: 0.000349
Evaluating Network.....
Test set: Epoch: 170, Average loss: 0.0105, Top1Accuracy: 0.6923, Top3Accuracy: 0.8539, Top5Accuracy: 0.9012, Time consumed:1.74s

Training Epoch: 171 [128/50000]	Loss: 0.0250	LR: 0.000338
Evaluating Network.....
Test set: Epoch: 171, Average loss: 0.0105, Top1Accuracy: 0.6940, Top3Accuracy: 0.8551, Top5Accuracy: 0.9009, Time consumed:1.75s

Training Epoch: 172 [128/50000]	Loss: 0.0425	LR: 0.000328
Evaluating Network.....
Test set: Epoch: 172, Average loss: 0.0104, Top1Accuracy: 0.6954, Top3Accuracy: 0.8579, Top5Accuracy: 0.9010, Time consumed:1.75s

Training Epoch: 173 [128/50000]	Loss: 0.0484	LR: 0.000318
Evaluating Network.....
Test set: Epoch: 173, Average loss: 0.0106, Top1Accuracy: 0.6930, Top3Accuracy: 0.8541, Top5Accuracy: 0.9003, Time consumed:1.75s

Training Epoch: 174 [128/50000]	Loss: 0.0306	LR: 0.000309
Evaluating Network.....
Test set: Epoch: 174, Average loss: 0.0105, Top1Accuracy: 0.6933, Top3Accuracy: 0.8557, Top5Accuracy: 0.9002, Time consumed:1.74s

Training Epoch: 175 [128/50000]	Loss: 0.0324	LR: 0.000300
Evaluating Network.....
Test set: Epoch: 175, Average loss: 0.0105, Top1Accuracy: 0.6942, Top3Accuracy: 0.8569, Top5Accuracy: 0.9029, Time consumed:1.73s

Training Epoch: 176 [128/50000]	Loss: 0.0375	LR: 0.000291
Evaluating Network.....
Test set: Epoch: 176, Average loss: 0.0104, Top1Accuracy: 0.6941, Top3Accuracy: 0.8579, Top5Accuracy: 0.9015, Time consumed:1.74s

Training Epoch: 177 [128/50000]	Loss: 0.0382	LR: 0.000282
Evaluating Network.....
Test set: Epoch: 177, Average loss: 0.0104, Top1Accuracy: 0.6953, Top3Accuracy: 0.8550, Top5Accuracy: 0.8997, Time consumed:1.75s

Training Epoch: 178 [128/50000]	Loss: 0.0286	LR: 0.000273
Evaluating Network.....
Test set: Epoch: 178, Average loss: 0.0105, Top1Accuracy: 0.6918, Top3Accuracy: 0.8556, Top5Accuracy: 0.9011, Time consumed:1.74s

Training Epoch: 179 [128/50000]	Loss: 0.0438	LR: 0.000265
Evaluating Network.....
Test set: Epoch: 179, Average loss: 0.0106, Top1Accuracy: 0.6949, Top3Accuracy: 0.8558, Top5Accuracy: 0.9017, Time consumed:1.74s

Training Epoch: 180 [128/50000]	Loss: 0.0385	LR: 0.000257
Evaluating Network.....
Test set: Epoch: 180, Average loss: 0.0105, Top1Accuracy: 0.6938, Top3Accuracy: 0.8553, Top5Accuracy: 0.9002, Time consumed:1.73s

Training Epoch: 181 [128/50000]	Loss: 0.0265	LR: 0.000249
Evaluating Network.....
Test set: Epoch: 181, Average loss: 0.0106, Top1Accuracy: 0.6947, Top3Accuracy: 0.8547, Top5Accuracy: 0.9007, Time consumed:1.74s

Training Epoch: 182 [128/50000]	Loss: 0.0436	LR: 0.000242
Evaluating Network.....
Test set: Epoch: 182, Average loss: 0.0105, Top1Accuracy: 0.6953, Top3Accuracy: 0.8562, Top5Accuracy: 0.9012, Time consumed:1.74s

Training Epoch: 183 [128/50000]	Loss: 0.0367	LR: 0.000235
Evaluating Network.....
Test set: Epoch: 183, Average loss: 0.0106, Top1Accuracy: 0.6922, Top3Accuracy: 0.8542, Top5Accuracy: 0.9003, Time consumed:1.73s

Training Epoch: 184 [128/50000]	Loss: 0.0454	LR: 0.000228
Evaluating Network.....
Test set: Epoch: 184, Average loss: 0.0105, Top1Accuracy: 0.6958, Top3Accuracy: 0.8547, Top5Accuracy: 0.9020, Time consumed:1.75s

Training Epoch: 185 [128/50000]	Loss: 0.0201	LR: 0.000221
Evaluating Network.....
Test set: Epoch: 185, Average loss: 0.0105, Top1Accuracy: 0.6951, Top3Accuracy: 0.8570, Top5Accuracy: 0.9011, Time consumed:1.74s

Training Epoch: 186 [128/50000]	Loss: 0.0437	LR: 0.000214
Evaluating Network.....
Test set: Epoch: 186, Average loss: 0.0104, Top1Accuracy: 0.6939, Top3Accuracy: 0.8567, Top5Accuracy: 0.9014, Time consumed:1.73s

Training Epoch: 187 [128/50000]	Loss: 0.0729	LR: 0.000208
Evaluating Network.....
Test set: Epoch: 187, Average loss: 0.0104, Top1Accuracy: 0.6956, Top3Accuracy: 0.8552, Top5Accuracy: 0.9009, Time consumed:1.74s

Training Epoch: 188 [128/50000]	Loss: 0.0208	LR: 0.000202
Evaluating Network.....
Test set: Epoch: 188, Average loss: 0.0105, Top1Accuracy: 0.6962, Top3Accuracy: 0.8555, Top5Accuracy: 0.8997, Time consumed:1.73s

Training Epoch: 189 [128/50000]	Loss: 0.0253	LR: 0.000196
Evaluating Network.....
Test set: Epoch: 189, Average loss: 0.0105, Top1Accuracy: 0.6928, Top3Accuracy: 0.8549, Top5Accuracy: 0.8999, Time consumed:1.74s

Training Epoch: 190 [128/50000]	Loss: 0.0611	LR: 0.000190
Evaluating Network.....
Test set: Epoch: 190, Average loss: 0.0106, Top1Accuracy: 0.6960, Top3Accuracy: 0.8580, Top5Accuracy: 0.9008, Time consumed:1.74s

Training Epoch: 191 [128/50000]	Loss: 0.0479	LR: 0.000184
Evaluating Network.....
Test set: Epoch: 191, Average loss: 0.0104, Top1Accuracy: 0.6924, Top3Accuracy: 0.8561, Top5Accuracy: 0.9004, Time consumed:1.75s

Training Epoch: 192 [128/50000]	Loss: 0.0529	LR: 0.000178
Evaluating Network.....
Test set: Epoch: 192, Average loss: 0.0104, Top1Accuracy: 0.6959, Top3Accuracy: 0.8572, Top5Accuracy: 0.9013, Time consumed:1.74s

Training Epoch: 193 [128/50000]	Loss: 0.0357	LR: 0.000173
Evaluating Network.....
Test set: Epoch: 193, Average loss: 0.0105, Top1Accuracy: 0.6953, Top3Accuracy: 0.8575, Top5Accuracy: 0.8998, Time consumed:1.74s

Training Epoch: 194 [128/50000]	Loss: 0.0361	LR: 0.000168
Evaluating Network.....
Test set: Epoch: 194, Average loss: 0.0105, Top1Accuracy: 0.6954, Top3Accuracy: 0.8586, Top5Accuracy: 0.9013, Time consumed:1.73s

Training Epoch: 195 [128/50000]	Loss: 0.0286	LR: 0.000163
Evaluating Network.....
Test set: Epoch: 195, Average loss: 0.0104, Top1Accuracy: 0.6932, Top3Accuracy: 0.8570, Top5Accuracy: 0.8984, Time consumed:1.75s

Training Epoch: 196 [128/50000]	Loss: 0.0610	LR: 0.000158
Evaluating Network.....
Test set: Epoch: 196, Average loss: 0.0104, Top1Accuracy: 0.6961, Top3Accuracy: 0.8576, Top5Accuracy: 0.9015, Time consumed:1.73s

Training Epoch: 197 [128/50000]	Loss: 0.0673	LR: 0.000153
Evaluating Network.....
Test set: Epoch: 197, Average loss: 0.0105, Top1Accuracy: 0.6954, Top3Accuracy: 0.8561, Top5Accuracy: 0.8998, Time consumed:1.72s

Training Epoch: 198 [128/50000]	Loss: 0.0332	LR: 0.000149
Evaluating Network.....
Test set: Epoch: 198, Average loss: 0.0105, Top1Accuracy: 0.6927, Top3Accuracy: 0.8577, Top5Accuracy: 0.8994, Time consumed:1.73s

Training Epoch: 199 [128/50000]	Loss: 0.0480	LR: 0.000144
Evaluating Network.....
Test set: Epoch: 199, Average loss: 0.0105, Top1Accuracy: 0.6964, Top3Accuracy: 0.8563, Top5Accuracy: 0.9002, Time consumed:1.74s

Training Epoch: 200 [128/50000]	Loss: 0.0420	LR: 0.000140
Evaluating Network.....
Test set: Epoch: 200, Average loss: 0.0105, Top1Accuracy: 0.6933, Top3Accuracy: 0.8565, Top5Accuracy: 0.9009, Time consumed:1.74s

Training Epoch: 201 [128/50000]	Loss: 0.0396	LR: 0.000136
Evaluating Network.....
Test set: Epoch: 201, Average loss: 0.0105, Top1Accuracy: 0.6951, Top3Accuracy: 0.8568, Top5Accuracy: 0.9004, Time consumed:1.73s

Training Epoch: 202 [128/50000]	Loss: 0.0307	LR: 0.000132
Evaluating Network.....
Test set: Epoch: 202, Average loss: 0.0104, Top1Accuracy: 0.6980, Top3Accuracy: 0.8560, Top5Accuracy: 0.9014, Time consumed:1.74s

Training Epoch: 203 [128/50000]	Loss: 0.0394	LR: 0.000128
Evaluating Network.....
Test set: Epoch: 203, Average loss: 0.0104, Top1Accuracy: 0.6963, Top3Accuracy: 0.8569, Top5Accuracy: 0.9013, Time consumed:1.72s

Training Epoch: 204 [128/50000]	Loss: 0.0458	LR: 0.000124
Evaluating Network.....
Test set: Epoch: 204, Average loss: 0.0105, Top1Accuracy: 0.6948, Top3Accuracy: 0.8559, Top5Accuracy: 0.8989, Time consumed:1.74s

Training Epoch: 205 [128/50000]	Loss: 0.0262	LR: 0.000120
Evaluating Network.....
Test set: Epoch: 205, Average loss: 0.0106, Top1Accuracy: 0.6956, Top3Accuracy: 0.8556, Top5Accuracy: 0.8998, Time consumed:1.74s

Training Epoch: 206 [128/50000]	Loss: 0.0163	LR: 0.000117
Evaluating Network.....
Test set: Epoch: 206, Average loss: 0.0105, Top1Accuracy: 0.6964, Top3Accuracy: 0.8563, Top5Accuracy: 0.9002, Time consumed:1.73s

Training Epoch: 207 [128/50000]	Loss: 0.0483	LR: 0.000113
Evaluating Network.....
Test set: Epoch: 207, Average loss: 0.0106, Top1Accuracy: 0.6951, Top3Accuracy: 0.8548, Top5Accuracy: 0.9005, Time consumed:1.73s

Training Epoch: 208 [128/50000]	Loss: 0.0211	LR: 0.000110
Evaluating Network.....
Test set: Epoch: 208, Average loss: 0.0105, Top1Accuracy: 0.6962, Top3Accuracy: 0.8562, Top5Accuracy: 0.8998, Time consumed:1.74s

Training Epoch: 209 [128/50000]	Loss: 0.0551	LR: 0.000106
Evaluating Network.....
Test set: Epoch: 209, Average loss: 0.0106, Top1Accuracy: 0.6961, Top3Accuracy: 0.8547, Top5Accuracy: 0.8997, Time consumed:1.73s

Training Epoch: 210 [128/50000]	Loss: 0.0558	LR: 0.000103
Evaluating Network.....
Test set: Epoch: 210, Average loss: 0.0104, Top1Accuracy: 0.6947, Top3Accuracy: 0.8559, Top5Accuracy: 0.9005, Time consumed:1.73s

Training Epoch: 211 [128/50000]	Loss: 0.0363	LR: 0.000100
Evaluating Network.....
Test set: Epoch: 211, Average loss: 0.0104, Top1Accuracy: 0.6965, Top3Accuracy: 0.8575, Top5Accuracy: 0.9006, Time consumed:1.75s

Training Epoch: 212 [128/50000]	Loss: 0.0196	LR: 0.000097
Evaluating Network.....
Test set: Epoch: 212, Average loss: 0.0105, Top1Accuracy: 0.6951, Top3Accuracy: 0.8570, Top5Accuracy: 0.8997, Time consumed:1.74s

Training Epoch: 213 [128/50000]	Loss: 0.0416	LR: 0.000094
Evaluating Network.....
Test set: Epoch: 213, Average loss: 0.0104, Top1Accuracy: 0.6974, Top3Accuracy: 0.8564, Top5Accuracy: 0.9000, Time consumed:1.75s

Training Epoch: 214 [128/50000]	Loss: 0.0382	LR: 0.000091
Evaluating Network.....
Test set: Epoch: 214, Average loss: 0.0105, Top1Accuracy: 0.6972, Top3Accuracy: 0.8560, Top5Accuracy: 0.9001, Time consumed:1.73s

Training Epoch: 215 [128/50000]	Loss: 0.0179	LR: 0.000089
Evaluating Network.....
Test set: Epoch: 215, Average loss: 0.0105, Top1Accuracy: 0.6952, Top3Accuracy: 0.8576, Top5Accuracy: 0.8992, Time consumed:1.74s

Training Epoch: 216 [128/50000]	Loss: 0.0557	LR: 0.000086
Evaluating Network.....
Test set: Epoch: 216, Average loss: 0.0105, Top1Accuracy: 0.6940, Top3Accuracy: 0.8561, Top5Accuracy: 0.8993, Time consumed:1.72s

Training Epoch: 217 [128/50000]	Loss: 0.0525	LR: 0.000083
Evaluating Network.....
Test set: Epoch: 217, Average loss: 0.0104, Top1Accuracy: 0.6956, Top3Accuracy: 0.8575, Top5Accuracy: 0.9007, Time consumed:1.73s

Training Epoch: 218 [128/50000]	Loss: 0.0409	LR: 0.000081
Evaluating Network.....
Test set: Epoch: 218, Average loss: 0.0105, Top1Accuracy: 0.6952, Top3Accuracy: 0.8566, Top5Accuracy: 0.9005, Time consumed:1.72s

Training Epoch: 219 [128/50000]	Loss: 0.0644	LR: 0.000078
Evaluating Network.....
Test set: Epoch: 219, Average loss: 0.0105, Top1Accuracy: 0.6953, Top3Accuracy: 0.8555, Top5Accuracy: 0.8996, Time consumed:1.74s

Training Epoch: 220 [128/50000]	Loss: 0.0230	LR: 0.000076
Evaluating Network.....
Test set: Epoch: 220, Average loss: 0.0105, Top1Accuracy: 0.6964, Top3Accuracy: 0.8559, Top5Accuracy: 0.9008, Time consumed:1.72s

Training Epoch: 221 [128/50000]	Loss: 0.0571	LR: 0.000074
Evaluating Network.....
Test set: Epoch: 221, Average loss: 0.0104, Top1Accuracy: 0.6959, Top3Accuracy: 0.8561, Top5Accuracy: 0.8987, Time consumed:1.75s

Training Epoch: 222 [128/50000]	Loss: 0.0394	LR: 0.000072
Evaluating Network.....
Test set: Epoch: 222, Average loss: 0.0105, Top1Accuracy: 0.6952, Top3Accuracy: 0.8562, Top5Accuracy: 0.9005, Time consumed:1.73s

Training Epoch: 223 [128/50000]	Loss: 0.0262	LR: 0.000069
Evaluating Network.....
Test set: Epoch: 223, Average loss: 0.0105, Top1Accuracy: 0.6959, Top3Accuracy: 0.8562, Top5Accuracy: 0.9003, Time consumed:1.73s

Training Epoch: 224 [128/50000]	Loss: 0.0316	LR: 0.000067
Evaluating Network.....
Test set: Epoch: 224, Average loss: 0.0105, Top1Accuracy: 0.6953, Top3Accuracy: 0.8563, Top5Accuracy: 0.8999, Time consumed:1.73s

Training Epoch: 225 [128/50000]	Loss: 0.0217	LR: 0.000065
Evaluating Network.....
Test set: Epoch: 225, Average loss: 0.0105, Top1Accuracy: 0.6978, Top3Accuracy: 0.8564, Top5Accuracy: 0.8988, Time consumed:1.79s

Training Epoch: 226 [128/50000]	Loss: 0.0323	LR: 0.000063
Evaluating Network.....
Test set: Epoch: 226, Average loss: 0.0104, Top1Accuracy: 0.6972, Top3Accuracy: 0.8571, Top5Accuracy: 0.8996, Time consumed:1.73s

Training Epoch: 227 [128/50000]	Loss: 0.0326	LR: 0.000061
Evaluating Network.....
Test set: Epoch: 227, Average loss: 0.0105, Top1Accuracy: 0.6939, Top3Accuracy: 0.8563, Top5Accuracy: 0.9001, Time consumed:1.74s

Training Epoch: 228 [128/50000]	Loss: 0.0263	LR: 0.000060
Evaluating Network.....
Test set: Epoch: 228, Average loss: 0.0105, Top1Accuracy: 0.6934, Top3Accuracy: 0.8572, Top5Accuracy: 0.8979, Time consumed:1.73s

Training Epoch: 229 [128/50000]	Loss: 0.0393	LR: 0.000058
Evaluating Network.....
Test set: Epoch: 229, Average loss: 0.0105, Top1Accuracy: 0.6929, Top3Accuracy: 0.8548, Top5Accuracy: 0.8980, Time consumed:1.73s

Training Epoch: 230 [128/50000]	Loss: 0.0283	LR: 0.000056
Evaluating Network.....
Test set: Epoch: 230, Average loss: 0.0105, Top1Accuracy: 0.6957, Top3Accuracy: 0.8561, Top5Accuracy: 0.9003, Time consumed:1.75s

Training Epoch: 231 [128/50000]	Loss: 0.0360	LR: 0.000054
Evaluating Network.....
Test set: Epoch: 231, Average loss: 0.0105, Top1Accuracy: 0.6939, Top3Accuracy: 0.8562, Top5Accuracy: 0.9004, Time consumed:1.73s

Training Epoch: 232 [128/50000]	Loss: 0.0376	LR: 0.000053
Evaluating Network.....
Test set: Epoch: 232, Average loss: 0.0105, Top1Accuracy: 0.6938, Top3Accuracy: 0.8570, Top5Accuracy: 0.8983, Time consumed:1.73s

Training Epoch: 233 [128/50000]	Loss: 0.0386	LR: 0.000051
Evaluating Network.....
Test set: Epoch: 233, Average loss: 0.0105, Top1Accuracy: 0.6940, Top3Accuracy: 0.8566, Top5Accuracy: 0.8995, Time consumed:1.75s

Training Epoch: 234 [128/50000]	Loss: 0.0288	LR: 0.000050
Evaluating Network.....
Test set: Epoch: 234, Average loss: 0.0104, Top1Accuracy: 0.6956, Top3Accuracy: 0.8568, Top5Accuracy: 0.9002, Time consumed:1.74s

Training Epoch: 235 [128/50000]	Loss: 0.0272	LR: 0.000048
Evaluating Network.....
Test set: Epoch: 235, Average loss: 0.0106, Top1Accuracy: 0.6944, Top3Accuracy: 0.8579, Top5Accuracy: 0.8995, Time consumed:1.74s

Training Epoch: 236 [128/50000]	Loss: 0.0327	LR: 0.000047
Evaluating Network.....
Test set: Epoch: 236, Average loss: 0.0105, Top1Accuracy: 0.6944, Top3Accuracy: 0.8570, Top5Accuracy: 0.9001, Time consumed:1.75s

Training Epoch: 237 [128/50000]	Loss: 0.0364	LR: 0.000045
Evaluating Network.....
Test set: Epoch: 237, Average loss: 0.0104, Top1Accuracy: 0.6948, Top3Accuracy: 0.8565, Top5Accuracy: 0.8995, Time consumed:1.73s

Training Epoch: 238 [128/50000]	Loss: 0.0346	LR: 0.000044
Evaluating Network.....
Test set: Epoch: 238, Average loss: 0.0105, Top1Accuracy: 0.6949, Top3Accuracy: 0.8573, Top5Accuracy: 0.8991, Time consumed:1.73s

Training Epoch: 239 [128/50000]	Loss: 0.0280	LR: 0.000043
Evaluating Network.....
Test set: Epoch: 239, Average loss: 0.0104, Top1Accuracy: 0.6944, Top3Accuracy: 0.8560, Top5Accuracy: 0.9008, Time consumed:1.73s

Training Epoch: 240 [128/50000]	Loss: 0.0246	LR: 0.000041
Evaluating Network.....
Test set: Epoch: 240, Average loss: 0.0105, Top1Accuracy: 0.6958, Top3Accuracy: 0.8572, Top5Accuracy: 0.8994, Time consumed:1.74s

Training Epoch: 241 [128/50000]	Loss: 0.0365	LR: 0.000040
Evaluating Network.....
Test set: Epoch: 241, Average loss: 0.0105, Top1Accuracy: 0.6946, Top3Accuracy: 0.8570, Top5Accuracy: 0.8976, Time consumed:1.75s

Training Epoch: 242 [128/50000]	Loss: 0.0171	LR: 0.000039
Evaluating Network.....
Test set: Epoch: 242, Average loss: 0.0104, Top1Accuracy: 0.6968, Top3Accuracy: 0.8562, Top5Accuracy: 0.8996, Time consumed:1.73s

Training Epoch: 243 [128/50000]	Loss: 0.0336	LR: 0.000038
Evaluating Network.....
Test set: Epoch: 243, Average loss: 0.0104, Top1Accuracy: 0.6962, Top3Accuracy: 0.8571, Top5Accuracy: 0.8998, Time consumed:1.76s

Training Epoch: 244 [128/50000]	Loss: 0.0380	LR: 0.000037
Evaluating Network.....
Test set: Epoch: 244, Average loss: 0.0105, Top1Accuracy: 0.6949, Top3Accuracy: 0.8579, Top5Accuracy: 0.9001, Time consumed:1.76s

Training Epoch: 245 [128/50000]	Loss: 0.0299	LR: 0.000036
Evaluating Network.....
Test set: Epoch: 245, Average loss: 0.0105, Top1Accuracy: 0.6951, Top3Accuracy: 0.8550, Top5Accuracy: 0.9003, Time consumed:1.74s

Training Epoch: 246 [128/50000]	Loss: 0.0273	LR: 0.000034
Evaluating Network.....
Test set: Epoch: 246, Average loss: 0.0105, Top1Accuracy: 0.6964, Top3Accuracy: 0.8562, Top5Accuracy: 0.9005, Time consumed:1.73s

Training Epoch: 247 [128/50000]	Loss: 0.0314	LR: 0.000033
Evaluating Network.....
Test set: Epoch: 247, Average loss: 0.0106, Top1Accuracy: 0.6959, Top3Accuracy: 0.8574, Top5Accuracy: 0.9000, Time consumed:1.75s

Training Epoch: 248 [128/50000]	Loss: 0.0235	LR: 0.000032
Evaluating Network.....
Test set: Epoch: 248, Average loss: 0.0105, Top1Accuracy: 0.6962, Top3Accuracy: 0.8568, Top5Accuracy: 0.8983, Time consumed:1.74s

Training Epoch: 249 [128/50000]	Loss: 0.0252	LR: 0.000031
Evaluating Network.....
Test set: Epoch: 249, Average loss: 0.0105, Top1Accuracy: 0.6945, Top3Accuracy: 0.8555, Top5Accuracy: 0.8999, Time consumed:1.75s

Training Epoch: 250 [128/50000]	Loss: 0.0281	LR: 0.000031
Evaluating Network.....
Test set: Epoch: 250, Average loss: 0.0104, Top1Accuracy: 0.6953, Top3Accuracy: 0.8575, Top5Accuracy: 0.9001, Time consumed:1.74s

Training Epoch: 251 [128/50000]	Loss: 0.0172	LR: 0.000030
Evaluating Network.....
Test set: Epoch: 251, Average loss: 0.0105, Top1Accuracy: 0.6952, Top3Accuracy: 0.8572, Top5Accuracy: 0.9014, Time consumed:1.74s

Training Epoch: 252 [128/50000]	Loss: 0.0280	LR: 0.000029
Evaluating Network.....
Test set: Epoch: 252, Average loss: 0.0106, Top1Accuracy: 0.6952, Top3Accuracy: 0.8574, Top5Accuracy: 0.8993, Time consumed:1.74s

Training Epoch: 253 [128/50000]	Loss: 0.0392	LR: 0.000028
Evaluating Network.....
Test set: Epoch: 253, Average loss: 0.0104, Top1Accuracy: 0.6939, Top3Accuracy: 0.8568, Top5Accuracy: 0.9006, Time consumed:1.73s

Training Epoch: 254 [128/50000]	Loss: 0.0450	LR: 0.000027
Evaluating Network.....
Test set: Epoch: 254, Average loss: 0.0104, Top1Accuracy: 0.6939, Top3Accuracy: 0.8581, Top5Accuracy: 0.8993, Time consumed:1.74s

Training Epoch: 255 [128/50000]	Loss: 0.0238	LR: 0.000026
Evaluating Network.....
Test set: Epoch: 255, Average loss: 0.0104, Top1Accuracy: 0.6965, Top3Accuracy: 0.8566, Top5Accuracy: 0.9005, Time consumed:1.73s

Training Epoch: 256 [128/50000]	Loss: 0.0275	LR: 0.000025
Evaluating Network.....
Test set: Epoch: 256, Average loss: 0.0105, Top1Accuracy: 0.6956, Top3Accuracy: 0.8586, Top5Accuracy: 0.9001, Time consumed:1.73s

Training Epoch: 257 [128/50000]	Loss: 0.0451	LR: 0.000025
Evaluating Network.....
Test set: Epoch: 257, Average loss: 0.0105, Top1Accuracy: 0.6957, Top3Accuracy: 0.8583, Top5Accuracy: 0.9000, Time consumed:1.74s

Training Epoch: 258 [128/50000]	Loss: 0.0319	LR: 0.000024
Evaluating Network.....
Test set: Epoch: 258, Average loss: 0.0105, Top1Accuracy: 0.6975, Top3Accuracy: 0.8559, Top5Accuracy: 0.8985, Time consumed:1.74s

Training Epoch: 259 [128/50000]	Loss: 0.0292	LR: 0.000023
Evaluating Network.....
Test set: Epoch: 259, Average loss: 0.0105, Top1Accuracy: 0.6957, Top3Accuracy: 0.8568, Top5Accuracy: 0.9003, Time consumed:1.73s

Training Epoch: 260 [128/50000]	Loss: 0.0505	LR: 0.000022
Evaluating Network.....
Test set: Epoch: 260, Average loss: 0.0106, Top1Accuracy: 0.6950, Top3Accuracy: 0.8561, Top5Accuracy: 0.8995, Time consumed:1.73s

Training Epoch: 261 [128/50000]	Loss: 0.0393	LR: 0.000022
Evaluating Network.....
Test set: Epoch: 261, Average loss: 0.0104, Top1Accuracy: 0.6958, Top3Accuracy: 0.8563, Top5Accuracy: 0.9001, Time consumed:1.73s

Training Epoch: 262 [128/50000]	Loss: 0.0460	LR: 0.000021
Evaluating Network.....
Test set: Epoch: 262, Average loss: 0.0105, Top1Accuracy: 0.6931, Top3Accuracy: 0.8574, Top5Accuracy: 0.8992, Time consumed:1.73s

Training Epoch: 263 [128/50000]	Loss: 0.0394	LR: 0.000021
Evaluating Network.....
Test set: Epoch: 263, Average loss: 0.0105, Top1Accuracy: 0.6969, Top3Accuracy: 0.8546, Top5Accuracy: 0.9000, Time consumed:1.76s

Training Epoch: 264 [128/50000]	Loss: 0.0280	LR: 0.000020
Evaluating Network.....
Test set: Epoch: 264, Average loss: 0.0105, Top1Accuracy: 0.6954, Top3Accuracy: 0.8577, Top5Accuracy: 0.9011, Time consumed:1.76s

Training Epoch: 265 [128/50000]	Loss: 0.0429	LR: 0.000019
Evaluating Network.....
Test set: Epoch: 265, Average loss: 0.0105, Top1Accuracy: 0.6962, Top3Accuracy: 0.8567, Top5Accuracy: 0.8986, Time consumed:1.75s

Training Epoch: 266 [128/50000]	Loss: 0.0231	LR: 0.000019
Evaluating Network.....
Test set: Epoch: 266, Average loss: 0.0105, Top1Accuracy: 0.6972, Top3Accuracy: 0.8568, Top5Accuracy: 0.9001, Time consumed:1.73s

Training Epoch: 267 [128/50000]	Loss: 0.0337	LR: 0.000018
Evaluating Network.....
Test set: Epoch: 267, Average loss: 0.0105, Top1Accuracy: 0.6971, Top3Accuracy: 0.8563, Top5Accuracy: 0.9002, Time consumed:1.74s

Training Epoch: 268 [128/50000]	Loss: 0.0235	LR: 0.000018
Evaluating Network.....
Test set: Epoch: 268, Average loss: 0.0104, Top1Accuracy: 0.6941, Top3Accuracy: 0.8566, Top5Accuracy: 0.8992, Time consumed:1.73s

Training Epoch: 269 [128/50000]	Loss: 0.0492	LR: 0.000017
Evaluating Network.....
Test set: Epoch: 269, Average loss: 0.0104, Top1Accuracy: 0.6967, Top3Accuracy: 0.8576, Top5Accuracy: 0.9008, Time consumed:1.75s

Training Epoch: 270 [128/50000]	Loss: 0.0357	LR: 0.000017
Evaluating Network.....
Test set: Epoch: 270, Average loss: 0.0106, Top1Accuracy: 0.6974, Top3Accuracy: 0.8561, Top5Accuracy: 0.8993, Time consumed:1.73s

Training Epoch: 271 [128/50000]	Loss: 0.0453	LR: 0.000016
Evaluating Network.....
Test set: Epoch: 271, Average loss: 0.0105, Top1Accuracy: 0.6956, Top3Accuracy: 0.8572, Top5Accuracy: 0.8994, Time consumed:1.75s

Training Epoch: 272 [128/50000]	Loss: 0.0338	LR: 0.000016
Evaluating Network.....
Test set: Epoch: 272, Average loss: 0.0104, Top1Accuracy: 0.6957, Top3Accuracy: 0.8560, Top5Accuracy: 0.9000, Time consumed:1.73s

Training Epoch: 273 [128/50000]	Loss: 0.0955	LR: 0.000015
Evaluating Network.....
Test set: Epoch: 273, Average loss: 0.0104, Top1Accuracy: 0.6961, Top3Accuracy: 0.8556, Top5Accuracy: 0.8994, Time consumed:1.74s

Training Epoch: 274 [128/50000]	Loss: 0.0241	LR: 0.000015
Evaluating Network.....
Test set: Epoch: 274, Average loss: 0.0105, Top1Accuracy: 0.6945, Top3Accuracy: 0.8552, Top5Accuracy: 0.9004, Time consumed:1.75s

Training Epoch: 275 [128/50000]	Loss: 0.0406	LR: 0.000014
Evaluating Network.....
Test set: Epoch: 275, Average loss: 0.0104, Top1Accuracy: 0.6959, Top3Accuracy: 0.8552, Top5Accuracy: 0.9007, Time consumed:1.74s

Training Epoch: 276 [128/50000]	Loss: 0.0359	LR: 0.000014
Evaluating Network.....
Test set: Epoch: 276, Average loss: 0.0105, Top1Accuracy: 0.6954, Top3Accuracy: 0.8562, Top5Accuracy: 0.8989, Time consumed:1.73s

Training Epoch: 277 [128/50000]	Loss: 0.0215	LR: 0.000013
Evaluating Network.....
Test set: Epoch: 277, Average loss: 0.0104, Top1Accuracy: 0.6955, Top3Accuracy: 0.8553, Top5Accuracy: 0.8995, Time consumed:1.73s

Training Epoch: 278 [128/50000]	Loss: 0.0286	LR: 0.000013
Evaluating Network.....
Test set: Epoch: 278, Average loss: 0.0105, Top1Accuracy: 0.6975, Top3Accuracy: 0.8553, Top5Accuracy: 0.8997, Time consumed:1.73s

Training Epoch: 279 [128/50000]	Loss: 0.0231	LR: 0.000013
Evaluating Network.....
Test set: Epoch: 279, Average loss: 0.0105, Top1Accuracy: 0.6958, Top3Accuracy: 0.8549, Top5Accuracy: 0.9001, Time consumed:1.73s

Training Epoch: 280 [128/50000]	Loss: 0.0194	LR: 0.000012
Evaluating Network.....
Test set: Epoch: 280, Average loss: 0.0104, Top1Accuracy: 0.6952, Top3Accuracy: 0.8569, Top5Accuracy: 0.9001, Time consumed:1.73s

Training Epoch: 281 [128/50000]	Loss: 0.0714	LR: 0.000012
Evaluating Network.....
Test set: Epoch: 281, Average loss: 0.0104, Top1Accuracy: 0.6957, Top3Accuracy: 0.8551, Top5Accuracy: 0.9001, Time consumed:1.74s

Training Epoch: 282 [128/50000]	Loss: 0.0242	LR: 0.000012
Evaluating Network.....
Test set: Epoch: 282, Average loss: 0.0105, Top1Accuracy: 0.6952, Top3Accuracy: 0.8566, Top5Accuracy: 0.8998, Time consumed:1.73s

Training Epoch: 283 [128/50000]	Loss: 0.0514	LR: 0.000011
Evaluating Network.....
Test set: Epoch: 283, Average loss: 0.0104, Top1Accuracy: 0.6976, Top3Accuracy: 0.8564, Top5Accuracy: 0.8995, Time consumed:1.75s

Training Epoch: 284 [128/50000]	Loss: 0.0397	LR: 0.000011
Evaluating Network.....
Test set: Epoch: 284, Average loss: 0.0104, Top1Accuracy: 0.6966, Top3Accuracy: 0.8558, Top5Accuracy: 0.9003, Time consumed:1.79s

Training Epoch: 285 [128/50000]	Loss: 0.0330	LR: 0.000011
Evaluating Network.....
Test set: Epoch: 285, Average loss: 0.0104, Top1Accuracy: 0.6954, Top3Accuracy: 0.8565, Top5Accuracy: 0.8993, Time consumed:1.74s

Training Epoch: 286 [128/50000]	Loss: 0.0512	LR: 0.000010
Evaluating Network.....
Test set: Epoch: 286, Average loss: 0.0105, Top1Accuracy: 0.6960, Top3Accuracy: 0.8560, Top5Accuracy: 0.8993, Time consumed:1.73s

Training Epoch: 287 [128/50000]	Loss: 0.0256	LR: 0.000010
Evaluating Network.....
Test set: Epoch: 287, Average loss: 0.0105, Top1Accuracy: 0.6962, Top3Accuracy: 0.8558, Top5Accuracy: 0.8992, Time consumed:1.74s

Training Epoch: 288 [128/50000]	Loss: 0.0284	LR: 0.000010
Evaluating Network.....
Test set: Epoch: 288, Average loss: 0.0105, Top1Accuracy: 0.6947, Top3Accuracy: 0.8546, Top5Accuracy: 0.8989, Time consumed:1.73s

Training Epoch: 289 [128/50000]	Loss: 0.0376	LR: 0.000009
Evaluating Network.....
Test set: Epoch: 289, Average loss: 0.0105, Top1Accuracy: 0.6952, Top3Accuracy: 0.8569, Top5Accuracy: 0.9004, Time consumed:1.73s

Training Epoch: 290 [128/50000]	Loss: 0.0293	LR: 0.000009
Evaluating Network.....
Test set: Epoch: 290, Average loss: 0.0105, Top1Accuracy: 0.6954, Top3Accuracy: 0.8552, Top5Accuracy: 0.8998, Time consumed:1.74s

Training Epoch: 291 [128/50000]	Loss: 0.0373	LR: 0.000009
Evaluating Network.....
Test set: Epoch: 291, Average loss: 0.0105, Top1Accuracy: 0.6949, Top3Accuracy: 0.8554, Top5Accuracy: 0.8994, Time consumed:1.75s

Training Epoch: 292 [128/50000]	Loss: 0.0241	LR: 0.000008
Evaluating Network.....
Test set: Epoch: 292, Average loss: 0.0106, Top1Accuracy: 0.6950, Top3Accuracy: 0.8562, Top5Accuracy: 0.8997, Time consumed:1.75s

Training Epoch: 293 [128/50000]	Loss: 0.0445	LR: 0.000008
Evaluating Network.....
Test set: Epoch: 293, Average loss: 0.0105, Top1Accuracy: 0.6968, Top3Accuracy: 0.8573, Top5Accuracy: 0.8999, Time consumed:1.74s

Training Epoch: 294 [128/50000]	Loss: 0.0340	LR: 0.000008
Evaluating Network.....
Test set: Epoch: 294, Average loss: 0.0105, Top1Accuracy: 0.6946, Top3Accuracy: 0.8556, Top5Accuracy: 0.8998, Time consumed:1.73s

Training Epoch: 295 [128/50000]	Loss: 0.0261	LR: 0.000008
Evaluating Network.....
Test set: Epoch: 295, Average loss: 0.0104, Top1Accuracy: 0.6931, Top3Accuracy: 0.8561, Top5Accuracy: 0.8989, Time consumed:1.73s

Training Epoch: 296 [128/50000]	Loss: 0.0364	LR: 0.000008
Evaluating Network.....
Test set: Epoch: 296, Average loss: 0.0104, Top1Accuracy: 0.6956, Top3Accuracy: 0.8544, Top5Accuracy: 0.8989, Time consumed:1.74s

Training Epoch: 297 [128/50000]	Loss: 0.0398	LR: 0.000007
Evaluating Network.....
Test set: Epoch: 297, Average loss: 0.0105, Top1Accuracy: 0.6962, Top3Accuracy: 0.8555, Top5Accuracy: 0.9003, Time consumed:1.74s

Training Epoch: 298 [128/50000]	Loss: 0.0485	LR: 0.000007
Evaluating Network.....
Test set: Epoch: 298, Average loss: 0.0105, Top1Accuracy: 0.6956, Top3Accuracy: 0.8578, Top5Accuracy: 0.8991, Time consumed:1.74s

Training Epoch: 299 [128/50000]	Loss: 0.0399	LR: 0.000007
Evaluating Network.....
Test set: Epoch: 299, Average loss: 0.0105, Top1Accuracy: 0.6973, Top3Accuracy: 0.8571, Top5Accuracy: 0.9011, Time consumed:1.74s

Training Epoch: 300 [128/50000]	Loss: 0.0387	LR: 0.000007
Evaluating Network.....
Test set: Epoch: 300, Average loss: 0.0104, Top1Accuracy: 0.6960, Top3Accuracy: 0.8563, Top5Accuracy: 0.8998, Time consumed:1.73s

Training Epoch: 301 [128/50000]	Loss: 0.0360	LR: 0.000006
Evaluating Network.....
Test set: Epoch: 301, Average loss: 0.0105, Top1Accuracy: 0.6952, Top3Accuracy: 0.8568, Top5Accuracy: 0.8995, Time consumed:1.73s

Training Epoch: 302 [128/50000]	Loss: 0.0229	LR: 0.000006
Evaluating Network.....
Test set: Epoch: 302, Average loss: 0.0104, Top1Accuracy: 0.6959, Top3Accuracy: 0.8561, Top5Accuracy: 0.9004, Time consumed:1.76s

Training Epoch: 303 [128/50000]	Loss: 0.0246	LR: 0.000006
Evaluating Network.....
Test set: Epoch: 303, Average loss: 0.0105, Top1Accuracy: 0.6946, Top3Accuracy: 0.8570, Top5Accuracy: 0.8987, Time consumed:1.74s

Training Epoch: 304 [128/50000]	Loss: 0.0352	LR: 0.000006
Evaluating Network.....
Test set: Epoch: 304, Average loss: 0.0105, Top1Accuracy: 0.6939, Top3Accuracy: 0.8559, Top5Accuracy: 0.8983, Time consumed:1.73s

Training Epoch: 305 [128/50000]	Loss: 0.0262	LR: 0.000006
Evaluating Network.....
Test set: Epoch: 305, Average loss: 0.0105, Top1Accuracy: 0.6963, Top3Accuracy: 0.8566, Top5Accuracy: 0.9008, Time consumed:1.77s

Training Epoch: 306 [128/50000]	Loss: 0.0480	LR: 0.000006
Evaluating Network.....
Test set: Epoch: 306, Average loss: 0.0106, Top1Accuracy: 0.6948, Top3Accuracy: 0.8567, Top5Accuracy: 0.9002, Time consumed:1.72s

Training Epoch: 307 [128/50000]	Loss: 0.0471	LR: 0.000005
Evaluating Network.....
Test set: Epoch: 307, Average loss: 0.0105, Top1Accuracy: 0.6966, Top3Accuracy: 0.8547, Top5Accuracy: 0.8995, Time consumed:1.73s

Training Epoch: 308 [128/50000]	Loss: 0.0358	LR: 0.000005
Evaluating Network.....
Test set: Epoch: 308, Average loss: 0.0105, Top1Accuracy: 0.6956, Top3Accuracy: 0.8563, Top5Accuracy: 0.8992, Time consumed:1.72s

Training Epoch: 309 [128/50000]	Loss: 0.0331	LR: 0.000005
Evaluating Network.....
Test set: Epoch: 309, Average loss: 0.0104, Top1Accuracy: 0.6942, Top3Accuracy: 0.8566, Top5Accuracy: 0.8992, Time consumed:1.75s

Training Epoch: 310 [128/50000]	Loss: 0.0257	LR: 0.000005
Evaluating Network.....
Test set: Epoch: 310, Average loss: 0.0104, Top1Accuracy: 0.6957, Top3Accuracy: 0.8572, Top5Accuracy: 0.8996, Time consumed:1.73s

Training Epoch: 311 [128/50000]	Loss: 0.0356	LR: 0.000005
Evaluating Network.....
Test set: Epoch: 311, Average loss: 0.0105, Top1Accuracy: 0.6973, Top3Accuracy: 0.8566, Top5Accuracy: 0.9000, Time consumed:1.74s

Training Epoch: 312 [128/50000]	Loss: 0.0393	LR: 0.000005
Evaluating Network.....
Test set: Epoch: 312, Average loss: 0.0104, Top1Accuracy: 0.6958, Top3Accuracy: 0.8572, Top5Accuracy: 0.8999, Time consumed:1.74s

Training Epoch: 313 [128/50000]	Loss: 0.0288	LR: 0.000004
Evaluating Network.....
Test set: Epoch: 313, Average loss: 0.0105, Top1Accuracy: 0.6969, Top3Accuracy: 0.8560, Top5Accuracy: 0.9009, Time consumed:1.74s

Training Epoch: 314 [128/50000]	Loss: 0.0292	LR: 0.000004
Evaluating Network.....
Test set: Epoch: 314, Average loss: 0.0104, Top1Accuracy: 0.6958, Top3Accuracy: 0.8560, Top5Accuracy: 0.8988, Time consumed:1.72s

Training Epoch: 315 [128/50000]	Loss: 0.0285	LR: 0.000004
Evaluating Network.....
Test set: Epoch: 315, Average loss: 0.0104, Top1Accuracy: 0.6953, Top3Accuracy: 0.8560, Top5Accuracy: 0.8987, Time consumed:1.74s

Training Epoch: 316 [128/50000]	Loss: 0.0456	LR: 0.000004
Evaluating Network.....
Test set: Epoch: 316, Average loss: 0.0104, Top1Accuracy: 0.6945, Top3Accuracy: 0.8556, Top5Accuracy: 0.8993, Time consumed:1.72s

Training Epoch: 317 [128/50000]	Loss: 0.0254	LR: 0.000004
Evaluating Network.....
Test set: Epoch: 317, Average loss: 0.0105, Top1Accuracy: 0.6945, Top3Accuracy: 0.8560, Top5Accuracy: 0.8994, Time consumed:1.73s

Training Epoch: 318 [128/50000]	Loss: 0.0709	LR: 0.000004
Evaluating Network.....
Test set: Epoch: 318, Average loss: 0.0105, Top1Accuracy: 0.6957, Top3Accuracy: 0.8567, Top5Accuracy: 0.8998, Time consumed:1.76s

Training Epoch: 319 [128/50000]	Loss: 0.0286	LR: 0.000004
Evaluating Network.....
Test set: Epoch: 319, Average loss: 0.0104, Top1Accuracy: 0.6962, Top3Accuracy: 0.8555, Top5Accuracy: 0.9001, Time consumed:1.73s

Training Epoch: 320 [128/50000]	Loss: 0.0339	LR: 0.000004
Evaluating Network.....
Test set: Epoch: 320, Average loss: 0.0105, Top1Accuracy: 0.6956, Top3Accuracy: 0.8579, Top5Accuracy: 0.9010, Time consumed:1.74s

Training Epoch: 321 [128/50000]	Loss: 0.0406	LR: 0.000004
Evaluating Network.....
Test set: Epoch: 321, Average loss: 0.0105, Top1Accuracy: 0.6956, Top3Accuracy: 0.8553, Top5Accuracy: 0.9006, Time consumed:1.73s

Training Epoch: 322 [128/50000]	Loss: 0.0289	LR: 0.000003
Evaluating Network.....
Test set: Epoch: 322, Average loss: 0.0105, Top1Accuracy: 0.6961, Top3Accuracy: 0.8556, Top5Accuracy: 0.8999, Time consumed:1.75s

Training Epoch: 323 [128/50000]	Loss: 0.0149	LR: 0.000003
Evaluating Network.....
Test set: Epoch: 323, Average loss: 0.0104, Top1Accuracy: 0.6952, Top3Accuracy: 0.8569, Top5Accuracy: 0.9000, Time consumed:1.71s

Training Epoch: 324 [128/50000]	Loss: 0.0287	LR: 0.000003
Evaluating Network.....
Test set: Epoch: 324, Average loss: 0.0105, Top1Accuracy: 0.6969, Top3Accuracy: 0.8559, Top5Accuracy: 0.8991, Time consumed:1.73s

Training Epoch: 325 [128/50000]	Loss: 0.0236	LR: 0.000003
Evaluating Network.....
Test set: Epoch: 325, Average loss: 0.0104, Top1Accuracy: 0.6946, Top3Accuracy: 0.8552, Top5Accuracy: 0.8984, Time consumed:1.73s

Training Epoch: 326 [128/50000]	Loss: 0.0344	LR: 0.000003
Evaluating Network.....
Test set: Epoch: 326, Average loss: 0.0105, Top1Accuracy: 0.6954, Top3Accuracy: 0.8573, Top5Accuracy: 0.9004, Time consumed:1.73s

Training Epoch: 327 [128/50000]	Loss: 0.0290	LR: 0.000003
Evaluating Network.....
Test set: Epoch: 327, Average loss: 0.0105, Top1Accuracy: 0.6959, Top3Accuracy: 0.8560, Top5Accuracy: 0.8994, Time consumed:1.73s

Training Epoch: 328 [128/50000]	Loss: 0.0207	LR: 0.000003
Evaluating Network.....
Test set: Epoch: 328, Average loss: 0.0105, Top1Accuracy: 0.6963, Top3Accuracy: 0.8547, Top5Accuracy: 0.8995, Time consumed:1.73s

Training Epoch: 329 [128/50000]	Loss: 0.0251	LR: 0.000003
Evaluating Network.....
Test set: Epoch: 329, Average loss: 0.0105, Top1Accuracy: 0.6961, Top3Accuracy: 0.8567, Top5Accuracy: 0.9000, Time consumed:1.74s

Training Epoch: 330 [128/50000]	Loss: 0.0487	LR: 0.000003
Evaluating Network.....
Test set: Epoch: 330, Average loss: 0.0105, Top1Accuracy: 0.6951, Top3Accuracy: 0.8566, Top5Accuracy: 0.8997, Time consumed:1.74s

Training Epoch: 331 [128/50000]	Loss: 0.0274	LR: 0.000003
Evaluating Network.....
Test set: Epoch: 331, Average loss: 0.0104, Top1Accuracy: 0.6963, Top3Accuracy: 0.8566, Top5Accuracy: 0.8996, Time consumed:1.73s

Training Epoch: 332 [128/50000]	Loss: 0.0342	LR: 0.000003
Evaluating Network.....
Test set: Epoch: 332, Average loss: 0.0105, Top1Accuracy: 0.6950, Top3Accuracy: 0.8558, Top5Accuracy: 0.8994, Time consumed:1.74s

Training Epoch: 333 [128/50000]	Loss: 0.0439	LR: 0.000002
Evaluating Network.....
Test set: Epoch: 333, Average loss: 0.0105, Top1Accuracy: 0.6963, Top3Accuracy: 0.8589, Top5Accuracy: 0.8999, Time consumed:1.74s

Training Epoch: 334 [128/50000]	Loss: 0.0352	LR: 0.000002
Evaluating Network.....
Test set: Epoch: 334, Average loss: 0.0105, Top1Accuracy: 0.6943, Top3Accuracy: 0.8556, Top5Accuracy: 0.9005, Time consumed:1.75s

Training Epoch: 335 [128/50000]	Loss: 0.0657	LR: 0.000002
Evaluating Network.....
Test set: Epoch: 335, Average loss: 0.0104, Top1Accuracy: 0.6960, Top3Accuracy: 0.8565, Top5Accuracy: 0.8984, Time consumed:1.74s

Training Epoch: 336 [128/50000]	Loss: 0.0312	LR: 0.000002
Evaluating Network.....
Test set: Epoch: 336, Average loss: 0.0105, Top1Accuracy: 0.6933, Top3Accuracy: 0.8569, Top5Accuracy: 0.9001, Time consumed:1.74s

Training Epoch: 337 [128/50000]	Loss: 0.0302	LR: 0.000002
Evaluating Network.....
Test set: Epoch: 337, Average loss: 0.0104, Top1Accuracy: 0.6934, Top3Accuracy: 0.8574, Top5Accuracy: 0.8990, Time consumed:1.73s

Training Epoch: 338 [128/50000]	Loss: 0.0525	LR: 0.000002
Evaluating Network.....
Test set: Epoch: 338, Average loss: 0.0104, Top1Accuracy: 0.6953, Top3Accuracy: 0.8547, Top5Accuracy: 0.9001, Time consumed:1.72s

Training Epoch: 339 [128/50000]	Loss: 0.0399	LR: 0.000002
Evaluating Network.....
Test set: Epoch: 339, Average loss: 0.0104, Top1Accuracy: 0.6958, Top3Accuracy: 0.8566, Top5Accuracy: 0.9003, Time consumed:1.73s

Training Epoch: 340 [128/50000]	Loss: 0.0358	LR: 0.000002
Evaluating Network.....
Test set: Epoch: 340, Average loss: 0.0105, Top1Accuracy: 0.6963, Top3Accuracy: 0.8552, Top5Accuracy: 0.8986, Time consumed:1.74s

Training Epoch: 341 [128/50000]	Loss: 0.0280	LR: 0.000002
Evaluating Network.....
Test set: Epoch: 341, Average loss: 0.0104, Top1Accuracy: 0.6972, Top3Accuracy: 0.8576, Top5Accuracy: 0.9005, Time consumed:1.73s

Training Epoch: 342 [128/50000]	Loss: 0.0200	LR: 0.000002
Evaluating Network.....
Test set: Epoch: 342, Average loss: 0.0105, Top1Accuracy: 0.6948, Top3Accuracy: 0.8555, Top5Accuracy: 0.8997, Time consumed:1.74s

Training Epoch: 343 [128/50000]	Loss: 0.0202	LR: 0.000002
Evaluating Network.....
Test set: Epoch: 343, Average loss: 0.0104, Top1Accuracy: 0.6948, Top3Accuracy: 0.8559, Top5Accuracy: 0.9007, Time consumed:1.74s

Training Epoch: 344 [128/50000]	Loss: 0.0279	LR: 0.000002
Evaluating Network.....
Test set: Epoch: 344, Average loss: 0.0105, Top1Accuracy: 0.6954, Top3Accuracy: 0.8558, Top5Accuracy: 0.8994, Time consumed:1.72s

Training Epoch: 345 [128/50000]	Loss: 0.0251	LR: 0.000002
Evaluating Network.....
Test set: Epoch: 345, Average loss: 0.0105, Top1Accuracy: 0.6966, Top3Accuracy: 0.8563, Top5Accuracy: 0.9009, Time consumed:1.73s

Training Epoch: 346 [128/50000]	Loss: 0.0503	LR: 0.000002
Evaluating Network.....
Test set: Epoch: 346, Average loss: 0.0106, Top1Accuracy: 0.6931, Top3Accuracy: 0.8568, Top5Accuracy: 0.8997, Time consumed:1.72s

Training Epoch: 347 [128/50000]	Loss: 0.0344	LR: 0.000002
Evaluating Network.....
Test set: Epoch: 347, Average loss: 0.0105, Top1Accuracy: 0.6959, Top3Accuracy: 0.8563, Top5Accuracy: 0.8987, Time consumed:1.73s

Training Epoch: 348 [128/50000]	Loss: 0.0234	LR: 0.000002
Evaluating Network.....
Test set: Epoch: 348, Average loss: 0.0104, Top1Accuracy: 0.6952, Top3Accuracy: 0.8563, Top5Accuracy: 0.8993, Time consumed:1.74s

Training Epoch: 349 [128/50000]	Loss: 0.0444	LR: 0.000001
Evaluating Network.....
Test set: Epoch: 349, Average loss: 0.0105, Top1Accuracy: 0.6949, Top3Accuracy: 0.8563, Top5Accuracy: 0.9004, Time consumed:1.73s

Training Epoch: 350 [128/50000]	Loss: 0.0312	LR: 0.000001
Evaluating Network.....
Test set: Epoch: 350, Average loss: 0.0105, Top1Accuracy: 0.6956, Top3Accuracy: 0.8554, Top5Accuracy: 0.8995, Time consumed:1.73s

Training Epoch: 351 [128/50000]	Loss: 0.0526	LR: 0.000001
Evaluating Network.....
Test set: Epoch: 351, Average loss: 0.0106, Top1Accuracy: 0.6961, Top3Accuracy: 0.8555, Top5Accuracy: 0.8995, Time consumed:1.72s

Training Epoch: 352 [128/50000]	Loss: 0.0305	LR: 0.000001
Evaluating Network.....
Test set: Epoch: 352, Average loss: 0.0105, Top1Accuracy: 0.6955, Top3Accuracy: 0.8561, Top5Accuracy: 0.8984, Time consumed:1.74s

Training Epoch: 353 [128/50000]	Loss: 0.0310	LR: 0.000001
Evaluating Network.....
Test set: Epoch: 353, Average loss: 0.0104, Top1Accuracy: 0.6947, Top3Accuracy: 0.8570, Top5Accuracy: 0.8992, Time consumed:1.76s

Training Epoch: 354 [128/50000]	Loss: 0.0224	LR: 0.000001
Evaluating Network.....
Test set: Epoch: 354, Average loss: 0.0107, Top1Accuracy: 0.6945, Top3Accuracy: 0.8570, Top5Accuracy: 0.8991, Time consumed:1.73s

Training Epoch: 355 [128/50000]	Loss: 0.0432	LR: 0.000001
Evaluating Network.....
Test set: Epoch: 355, Average loss: 0.0105, Top1Accuracy: 0.6965, Top3Accuracy: 0.8553, Top5Accuracy: 0.8990, Time consumed:1.72s

Training Epoch: 356 [128/50000]	Loss: 0.0242	LR: 0.000001
Evaluating Network.....
Test set: Epoch: 356, Average loss: 0.0104, Top1Accuracy: 0.6960, Top3Accuracy: 0.8565, Top5Accuracy: 0.9006, Time consumed:1.71s

Training Epoch: 357 [128/50000]	Loss: 0.0307	LR: 0.000001
Evaluating Network.....
Test set: Epoch: 357, Average loss: 0.0106, Top1Accuracy: 0.6980, Top3Accuracy: 0.8567, Top5Accuracy: 0.8991, Time consumed:1.74s

Training Epoch: 358 [128/50000]	Loss: 0.0223	LR: 0.000001
Evaluating Network.....
Test set: Epoch: 358, Average loss: 0.0104, Top1Accuracy: 0.6958, Top3Accuracy: 0.8566, Top5Accuracy: 0.8997, Time consumed:1.72s

Training Epoch: 359 [128/50000]	Loss: 0.0439	LR: 0.000001
Evaluating Network.....
Test set: Epoch: 359, Average loss: 0.0104, Top1Accuracy: 0.6962, Top3Accuracy: 0.8553, Top5Accuracy: 0.9000, Time consumed:1.72s

Training Epoch: 360 [128/50000]	Loss: 0.0593	LR: 0.000001
Evaluating Network.....
Test set: Epoch: 360, Average loss: 0.0106, Top1Accuracy: 0.6965, Top3Accuracy: 0.8556, Top5Accuracy: 0.9005, Time consumed:1.72s

Training Epoch: 361 [128/50000]	Loss: 0.0161	LR: 0.000001
Evaluating Network.....
Test set: Epoch: 361, Average loss: 0.0105, Top1Accuracy: 0.6961, Top3Accuracy: 0.8577, Top5Accuracy: 0.8998, Time consumed:1.72s

Training Epoch: 362 [128/50000]	Loss: 0.0188	LR: 0.000001
Evaluating Network.....
Test set: Epoch: 362, Average loss: 0.0105, Top1Accuracy: 0.6947, Top3Accuracy: 0.8567, Top5Accuracy: 0.8999, Time consumed:1.74s

Training Epoch: 363 [128/50000]	Loss: 0.0325	LR: 0.000001
Evaluating Network.....
Test set: Epoch: 363, Average loss: 0.0104, Top1Accuracy: 0.6949, Top3Accuracy: 0.8568, Top5Accuracy: 0.8999, Time consumed:1.71s

Training Epoch: 364 [128/50000]	Loss: 0.0250	LR: 0.000001
Evaluating Network.....
Test set: Epoch: 364, Average loss: 0.0104, Top1Accuracy: 0.6956, Top3Accuracy: 0.8564, Top5Accuracy: 0.9003, Time consumed:1.77s

Training Epoch: 365 [128/50000]	Loss: 0.0400	LR: 0.000001
Evaluating Network.....
Test set: Epoch: 365, Average loss: 0.0105, Top1Accuracy: 0.6953, Top3Accuracy: 0.8584, Top5Accuracy: 0.8995, Time consumed:1.72s

Training Epoch: 366 [128/50000]	Loss: 0.0201	LR: 0.000001
Evaluating Network.....
Test set: Epoch: 366, Average loss: 0.0104, Top1Accuracy: 0.6955, Top3Accuracy: 0.8565, Top5Accuracy: 0.9004, Time consumed:1.72s

Training Epoch: 367 [128/50000]	Loss: 0.0471	LR: 0.000001
Evaluating Network.....
Test set: Epoch: 367, Average loss: 0.0104, Top1Accuracy: 0.6935, Top3Accuracy: 0.8562, Top5Accuracy: 0.8993, Time consumed:1.72s

Training Epoch: 368 [128/50000]	Loss: 0.0463	LR: 0.000001
Evaluating Network.....
Test set: Epoch: 368, Average loss: 0.0104, Top1Accuracy: 0.6968, Top3Accuracy: 0.8555, Top5Accuracy: 0.9007, Time consumed:1.77s

Training Epoch: 369 [128/50000]	Loss: 0.0173	LR: 0.000001
Evaluating Network.....
Test set: Epoch: 369, Average loss: 0.0104, Top1Accuracy: 0.6957, Top3Accuracy: 0.8569, Top5Accuracy: 0.9005, Time consumed:1.73s

Training Epoch: 370 [128/50000]	Loss: 0.0241	LR: 0.000001
Evaluating Network.....
Test set: Epoch: 370, Average loss: 0.0104, Top1Accuracy: 0.6954, Top3Accuracy: 0.8576, Top5Accuracy: 0.8987, Time consumed:1.72s

Training Epoch: 371 [128/50000]	Loss: 0.0330	LR: 0.000001
Evaluating Network.....
Test set: Epoch: 371, Average loss: 0.0105, Top1Accuracy: 0.6947, Top3Accuracy: 0.8565, Top5Accuracy: 0.8996, Time consumed:1.74s

Training Epoch: 372 [128/50000]	Loss: 0.0293	LR: 0.000001
Evaluating Network.....
Test set: Epoch: 372, Average loss: 0.0104, Top1Accuracy: 0.6953, Top3Accuracy: 0.8571, Top5Accuracy: 0.8996, Time consumed:1.71s

Training Epoch: 373 [128/50000]	Loss: 0.0216	LR: 0.000001
Evaluating Network.....
Test set: Epoch: 373, Average loss: 0.0105, Top1Accuracy: 0.6956, Top3Accuracy: 0.8558, Top5Accuracy: 0.8998, Time consumed:1.73s

Training Epoch: 374 [128/50000]	Loss: 0.0188	LR: 0.000001
Evaluating Network.....
Test set: Epoch: 374, Average loss: 0.0104, Top1Accuracy: 0.6935, Top3Accuracy: 0.8557, Top5Accuracy: 0.9001, Time consumed:1.73s

Training Epoch: 375 [128/50000]	Loss: 0.0131	LR: 0.000001
Evaluating Network.....
Test set: Epoch: 375, Average loss: 0.0104, Top1Accuracy: 0.6978, Top3Accuracy: 0.8567, Top5Accuracy: 0.8996, Time consumed:1.73s

Training Epoch: 376 [128/50000]	Loss: 0.0313	LR: 0.000001
Evaluating Network.....
Test set: Epoch: 376, Average loss: 0.0105, Top1Accuracy: 0.6938, Top3Accuracy: 0.8569, Top5Accuracy: 0.8980, Time consumed:1.72s

Training Epoch: 377 [128/50000]	Loss: 0.0515	LR: 0.000001
Evaluating Network.....
Test set: Epoch: 377, Average loss: 0.0105, Top1Accuracy: 0.6945, Top3Accuracy: 0.8567, Top5Accuracy: 0.8992, Time consumed:1.72s

Training Epoch: 378 [128/50000]	Loss: 0.0311	LR: 0.000001
Evaluating Network.....
Test set: Epoch: 378, Average loss: 0.0104, Top1Accuracy: 0.6964, Top3Accuracy: 0.8561, Top5Accuracy: 0.9001, Time consumed:1.74s

Training Epoch: 379 [128/50000]	Loss: 0.0293	LR: 0.000001
Evaluating Network.....
Test set: Epoch: 379, Average loss: 0.0104, Top1Accuracy: 0.6961, Top3Accuracy: 0.8569, Top5Accuracy: 0.8994, Time consumed:1.73s

Training Epoch: 380 [128/50000]	Loss: 0.0415	LR: 0.000001
Evaluating Network.....
Test set: Epoch: 380, Average loss: 0.0105, Top1Accuracy: 0.6954, Top3Accuracy: 0.8566, Top5Accuracy: 0.9003, Time consumed:1.72s

Training Epoch: 381 [128/50000]	Loss: 0.0265	LR: 0.000001
Evaluating Network.....
Test set: Epoch: 381, Average loss: 0.0104, Top1Accuracy: 0.6958, Top3Accuracy: 0.8571, Top5Accuracy: 0.9000, Time consumed:1.74s

Training Epoch: 382 [128/50000]	Loss: 0.0333	LR: 0.000001
Evaluating Network.....
Test set: Epoch: 382, Average loss: 0.0104, Top1Accuracy: 0.6964, Top3Accuracy: 0.8571, Top5Accuracy: 0.8997, Time consumed:1.73s

Training Epoch: 383 [128/50000]	Loss: 0.0379	LR: 0.000001
Evaluating Network.....
Test set: Epoch: 383, Average loss: 0.0104, Top1Accuracy: 0.6944, Top3Accuracy: 0.8571, Top5Accuracy: 0.8997, Time consumed:1.73s

Training Epoch: 384 [128/50000]	Loss: 0.0339	LR: 0.000001
Evaluating Network.....
Test set: Epoch: 384, Average loss: 0.0104, Top1Accuracy: 0.6959, Top3Accuracy: 0.8557, Top5Accuracy: 0.8987, Time consumed:1.72s

Training Epoch: 385 [128/50000]	Loss: 0.0302	LR: 0.000000
Evaluating Network.....
Test set: Epoch: 385, Average loss: 0.0104, Top1Accuracy: 0.6962, Top3Accuracy: 0.8564, Top5Accuracy: 0.9003, Time consumed:1.73s

Training Epoch: 386 [128/50000]	Loss: 0.0322	LR: 0.000000
Evaluating Network.....
Test set: Epoch: 386, Average loss: 0.0104, Top1Accuracy: 0.6940, Top3Accuracy: 0.8565, Top5Accuracy: 0.9001, Time consumed:1.72s

Training Epoch: 387 [128/50000]	Loss: 0.0351	LR: 0.000000
Evaluating Network.....
Test set: Epoch: 387, Average loss: 0.0105, Top1Accuracy: 0.6953, Top3Accuracy: 0.8581, Top5Accuracy: 0.8987, Time consumed:1.74s

Training Epoch: 388 [128/50000]	Loss: 0.0245	LR: 0.000000
Evaluating Network.....
Test set: Epoch: 388, Average loss: 0.0105, Top1Accuracy: 0.6964, Top3Accuracy: 0.8572, Top5Accuracy: 0.8996, Time consumed:1.71s

Training Epoch: 389 [128/50000]	Loss: 0.0161	LR: 0.000000
Evaluating Network.....
Test set: Epoch: 389, Average loss: 0.0105, Top1Accuracy: 0.6957, Top3Accuracy: 0.8553, Top5Accuracy: 0.8986, Time consumed:1.73s

Training Epoch: 390 [128/50000]	Loss: 0.0284	LR: 0.000000
Evaluating Network.....
Test set: Epoch: 390, Average loss: 0.0104, Top1Accuracy: 0.6956, Top3Accuracy: 0.8563, Top5Accuracy: 0.9015, Time consumed:1.72s

Training Epoch: 391 [128/50000]	Loss: 0.0236	LR: 0.000000
Evaluating Network.....
Test set: Epoch: 391, Average loss: 0.0105, Top1Accuracy: 0.6961, Top3Accuracy: 0.8559, Top5Accuracy: 0.9002, Time consumed:1.74s

Training Epoch: 392 [128/50000]	Loss: 0.0279	LR: 0.000000
Evaluating Network.....
Test set: Epoch: 392, Average loss: 0.0104, Top1Accuracy: 0.6960, Top3Accuracy: 0.8562, Top5Accuracy: 0.9001, Time consumed:1.72s

Training Epoch: 393 [128/50000]	Loss: 0.0257	LR: 0.000000
Evaluating Network.....
Test set: Epoch: 393, Average loss: 0.0104, Top1Accuracy: 0.6964, Top3Accuracy: 0.8550, Top5Accuracy: 0.8987, Time consumed:1.74s

Training Epoch: 394 [128/50000]	Loss: 0.0244	LR: 0.000000
Evaluating Network.....
Test set: Epoch: 394, Average loss: 0.0105, Top1Accuracy: 0.6944, Top3Accuracy: 0.8571, Top5Accuracy: 0.8994, Time consumed:1.70s

Training Epoch: 395 [128/50000]	Loss: 0.0282	LR: 0.000000
Evaluating Network.....
Test set: Epoch: 395, Average loss: 0.0106, Top1Accuracy: 0.6957, Top3Accuracy: 0.8569, Top5Accuracy: 0.8988, Time consumed:1.73s

Training Epoch: 396 [128/50000]	Loss: 0.0214	LR: 0.000000
Evaluating Network.....
Test set: Epoch: 396, Average loss: 0.0104, Top1Accuracy: 0.6976, Top3Accuracy: 0.8573, Top5Accuracy: 0.9000, Time consumed:1.73s

Training Epoch: 397 [128/50000]	Loss: 0.0330	LR: 0.000000
Evaluating Network.....
Test set: Epoch: 397, Average loss: 0.0105, Top1Accuracy: 0.6950, Top3Accuracy: 0.8552, Top5Accuracy: 0.8999, Time consumed:1.73s

Training Epoch: 398 [128/50000]	Loss: 0.0174	LR: 0.000000
Evaluating Network.....
Test set: Epoch: 398, Average loss: 0.0105, Top1Accuracy: 0.6949, Top3Accuracy: 0.8546, Top5Accuracy: 0.8983, Time consumed:1.73s

Training Epoch: 399 [128/50000]	Loss: 0.0277	LR: 0.000000
Evaluating Network.....
Test set: Epoch: 399, Average loss: 0.0105, Top1Accuracy: 0.6964, Top3Accuracy: 0.8561, Top5Accuracy: 0.8992, Time consumed:1.74s

Training Epoch: 400 [128/50000]	Loss: 0.0295	LR: 0.000000
Evaluating Network.....
Test set: Epoch: 400, Average loss: 0.0104, Top1Accuracy: 0.6962, Top3Accuracy: 0.8572, Top5Accuracy: 0.8999, Time consumed:1.72s

