Files already downloaded and verified
Files already downloaded and verified
Training Epoch: 1 [128/50000]	Loss: 4.6021	LR: 0.230000
Evaluating Network.....
Test set: Epoch: 1, Average loss: 0.0310, Top1Accuracy: 0.0951, Top3Accuracy: 0.2181, Top5Accuracy: 0.3139, Time consumed:1.53s

Training Epoch: 2 [128/50000]	Loss: 3.8160	LR: 0.223928
Evaluating Network.....
Test set: Epoch: 2, Average loss: 0.0270, Top1Accuracy: 0.1766, Top3Accuracy: 0.3484, Top5Accuracy: 0.4518, Time consumed:1.53s

Training Epoch: 3 [128/50000]	Loss: 3.2678	LR: 0.218016
Evaluating Network.....
Test set: Epoch: 3, Average loss: 0.0271, Top1Accuracy: 0.1906, Top3Accuracy: 0.3606, Top5Accuracy: 0.4650, Time consumed:1.54s

Training Epoch: 4 [128/50000]	Loss: 2.9267	LR: 0.212261
Evaluating Network.....
Test set: Epoch: 4, Average loss: 0.0285, Top1Accuracy: 0.1947, Top3Accuracy: 0.3703, Top5Accuracy: 0.4680, Time consumed:1.52s

Training Epoch: 5 [128/50000]	Loss: 2.6622	LR: 0.206657
Evaluating Network.....
Test set: Epoch: 5, Average loss: 0.0236, Top1Accuracy: 0.2679, Top3Accuracy: 0.4765, Top5Accuracy: 0.5805, Time consumed:1.53s

Training Epoch: 6 [128/50000]	Loss: 2.6139	LR: 0.201201
Evaluating Network.....
Test set: Epoch: 6, Average loss: 0.0228, Top1Accuracy: 0.2756, Top3Accuracy: 0.4969, Top5Accuracy: 0.6096, Time consumed:1.55s

Training Epoch: 7 [128/50000]	Loss: 2.4757	LR: 0.195890
Evaluating Network.....
Test set: Epoch: 7, Average loss: 0.0229, Top1Accuracy: 0.2838, Top3Accuracy: 0.4952, Top5Accuracy: 0.5984, Time consumed:1.54s

Training Epoch: 8 [128/50000]	Loss: 2.4019	LR: 0.190718
Evaluating Network.....
Test set: Epoch: 8, Average loss: 0.0214, Top1Accuracy: 0.3322, Top3Accuracy: 0.5324, Top5Accuracy: 0.6364, Time consumed:1.52s

Training Epoch: 9 [128/50000]	Loss: 2.4889	LR: 0.185683
Evaluating Network.....
Test set: Epoch: 9, Average loss: 0.0255, Top1Accuracy: 0.2629, Top3Accuracy: 0.4630, Top5Accuracy: 0.5689, Time consumed:1.54s

Training Epoch: 10 [128/50000]	Loss: 2.2998	LR: 0.180781
Evaluating Network.....
Test set: Epoch: 10, Average loss: 0.0213, Top1Accuracy: 0.3320, Top3Accuracy: 0.5476, Top5Accuracy: 0.6513, Time consumed:1.54s

Training Epoch: 11 [128/50000]	Loss: 2.2407	LR: 0.176008
Evaluating Network.....
Test set: Epoch: 11, Average loss: 0.0215, Top1Accuracy: 0.3152, Top3Accuracy: 0.5261, Top5Accuracy: 0.6308, Time consumed:1.53s

Training Epoch: 12 [128/50000]	Loss: 2.2645	LR: 0.171362
Evaluating Network.....
Test set: Epoch: 12, Average loss: 0.0209, Top1Accuracy: 0.3315, Top3Accuracy: 0.5521, Top5Accuracy: 0.6553, Time consumed:1.53s

Training Epoch: 13 [128/50000]	Loss: 2.2068	LR: 0.166838
Evaluating Network.....
Test set: Epoch: 13, Average loss: 0.0268, Top1Accuracy: 0.2639, Top3Accuracy: 0.4518, Top5Accuracy: 0.5479, Time consumed:1.65s

Training Epoch: 14 [128/50000]	Loss: 2.0816	LR: 0.162433
Evaluating Network.....
Test set: Epoch: 14, Average loss: 0.0221, Top1Accuracy: 0.3234, Top3Accuracy: 0.5477, Top5Accuracy: 0.6535, Time consumed:1.53s

Training Epoch: 15 [128/50000]	Loss: 2.0257	LR: 0.158145
Evaluating Network.....
Test set: Epoch: 15, Average loss: 0.0200, Top1Accuracy: 0.3545, Top3Accuracy: 0.5800, Top5Accuracy: 0.6840, Time consumed:1.53s

Training Epoch: 16 [128/50000]	Loss: 2.2642	LR: 0.153970
Evaluating Network.....
Test set: Epoch: 16, Average loss: 0.0195, Top1Accuracy: 0.3785, Top3Accuracy: 0.5975, Top5Accuracy: 0.6927, Time consumed:1.52s

Training Epoch: 17 [128/50000]	Loss: 2.1835	LR: 0.149905
Evaluating Network.....
Test set: Epoch: 17, Average loss: 0.0245, Top1Accuracy: 0.3166, Top3Accuracy: 0.5118, Top5Accuracy: 0.6119, Time consumed:1.53s

Training Epoch: 18 [128/50000]	Loss: 2.0714	LR: 0.145948
Evaluating Network.....
Test set: Epoch: 18, Average loss: 0.0177, Top1Accuracy: 0.4145, Top3Accuracy: 0.6349, Top5Accuracy: 0.7304, Time consumed:1.53s

Training Epoch: 19 [128/50000]	Loss: 2.0771	LR: 0.142095
Evaluating Network.....
Test set: Epoch: 19, Average loss: 0.0203, Top1Accuracy: 0.3769, Top3Accuracy: 0.5868, Top5Accuracy: 0.6891, Time consumed:1.54s

Training Epoch: 20 [128/50000]	Loss: 1.8802	LR: 0.138343
Evaluating Network.....
Test set: Epoch: 20, Average loss: 0.0193, Top1Accuracy: 0.3934, Top3Accuracy: 0.6070, Top5Accuracy: 0.7037, Time consumed:1.59s

Training Epoch: 21 [128/50000]	Loss: 1.8837	LR: 0.134691
Evaluating Network.....
Test set: Epoch: 21, Average loss: 0.0174, Top1Accuracy: 0.4222, Top3Accuracy: 0.6489, Top5Accuracy: 0.7441, Time consumed:1.52s

Training Epoch: 22 [128/50000]	Loss: 1.7341	LR: 0.131135
Evaluating Network.....
Test set: Epoch: 22, Average loss: 0.0177, Top1Accuracy: 0.4247, Top3Accuracy: 0.6454, Top5Accuracy: 0.7421, Time consumed:1.53s

Training Epoch: 23 [128/50000]	Loss: 1.7992	LR: 0.127673
Evaluating Network.....
Test set: Epoch: 23, Average loss: 0.0222, Top1Accuracy: 0.3283, Top3Accuracy: 0.5422, Top5Accuracy: 0.6434, Time consumed:1.52s

Training Epoch: 24 [128/50000]	Loss: 1.9540	LR: 0.124303
Evaluating Network.....
Test set: Epoch: 24, Average loss: 0.0186, Top1Accuracy: 0.4107, Top3Accuracy: 0.6319, Top5Accuracy: 0.7206, Time consumed:1.54s

Training Epoch: 25 [128/50000]	Loss: 1.9563	LR: 0.121021
Evaluating Network.....
Test set: Epoch: 25, Average loss: 0.0172, Top1Accuracy: 0.4300, Top3Accuracy: 0.6556, Top5Accuracy: 0.7537, Time consumed:1.53s

Training Epoch: 26 [128/50000]	Loss: 1.6198	LR: 0.117826
Evaluating Network.....
Test set: Epoch: 26, Average loss: 0.0164, Top1Accuracy: 0.4541, Top3Accuracy: 0.6775, Top5Accuracy: 0.7654, Time consumed:1.52s

Training Epoch: 27 [128/50000]	Loss: 1.6715	LR: 0.114716
Evaluating Network.....
Test set: Epoch: 27, Average loss: 0.0174, Top1Accuracy: 0.4200, Top3Accuracy: 0.6466, Top5Accuracy: 0.7395, Time consumed:1.54s

Training Epoch: 28 [128/50000]	Loss: 1.8931	LR: 0.111687
Evaluating Network.....
Test set: Epoch: 28, Average loss: 0.0164, Top1Accuracy: 0.4535, Top3Accuracy: 0.6735, Top5Accuracy: 0.7624, Time consumed:1.54s

Training Epoch: 29 [128/50000]	Loss: 1.8916	LR: 0.108739
Evaluating Network.....
Test set: Epoch: 29, Average loss: 0.0180, Top1Accuracy: 0.4165, Top3Accuracy: 0.6384, Top5Accuracy: 0.7277, Time consumed:1.54s

Training Epoch: 30 [128/50000]	Loss: 1.9140	LR: 0.105868
Evaluating Network.....
Test set: Epoch: 30, Average loss: 0.0207, Top1Accuracy: 0.3744, Top3Accuracy: 0.5884, Top5Accuracy: 0.6868, Time consumed:1.54s

Training Epoch: 31 [128/50000]	Loss: 1.8683	LR: 0.103073
Evaluating Network.....
Test set: Epoch: 31, Average loss: 0.0178, Top1Accuracy: 0.4154, Top3Accuracy: 0.6401, Top5Accuracy: 0.7422, Time consumed:1.54s

Training Epoch: 32 [128/50000]	Loss: 1.5387	LR: 0.100352
Evaluating Network.....
Test set: Epoch: 32, Average loss: 0.0175, Top1Accuracy: 0.4361, Top3Accuracy: 0.6604, Top5Accuracy: 0.7467, Time consumed:1.41s

Training Epoch: 33 [128/50000]	Loss: 1.7142	LR: 0.097703
Evaluating Network.....
Test set: Epoch: 33, Average loss: 0.0165, Top1Accuracy: 0.4621, Top3Accuracy: 0.6839, Top5Accuracy: 0.7720, Time consumed:1.53s

Training Epoch: 34 [128/50000]	Loss: 1.5978	LR: 0.095123
Evaluating Network.....
Test set: Epoch: 34, Average loss: 0.0200, Top1Accuracy: 0.3927, Top3Accuracy: 0.6086, Top5Accuracy: 0.7034, Time consumed:1.52s

Training Epoch: 35 [128/50000]	Loss: 1.4463	LR: 0.092612
Evaluating Network.....
Test set: Epoch: 35, Average loss: 0.0165, Top1Accuracy: 0.4493, Top3Accuracy: 0.6749, Top5Accuracy: 0.7630, Time consumed:1.39s

Training Epoch: 36 [128/50000]	Loss: 1.6643	LR: 0.090167
Evaluating Network.....
Test set: Epoch: 36, Average loss: 0.0157, Top1Accuracy: 0.4779, Top3Accuracy: 0.6959, Top5Accuracy: 0.7843, Time consumed:1.53s

Training Epoch: 37 [128/50000]	Loss: 1.7823	LR: 0.087787
Evaluating Network.....
Test set: Epoch: 37, Average loss: 0.0158, Top1Accuracy: 0.4761, Top3Accuracy: 0.6930, Top5Accuracy: 0.7783, Time consumed:1.54s

Training Epoch: 38 [128/50000]	Loss: 1.9357	LR: 0.085469
Evaluating Network.....
Test set: Epoch: 38, Average loss: 0.0182, Top1Accuracy: 0.4294, Top3Accuracy: 0.6446, Top5Accuracy: 0.7326, Time consumed:1.36s

Training Epoch: 39 [128/50000]	Loss: 1.8080	LR: 0.083213
Evaluating Network.....
Test set: Epoch: 39, Average loss: 0.0164, Top1Accuracy: 0.4533, Top3Accuracy: 0.6848, Top5Accuracy: 0.7740, Time consumed:1.58s

Training Epoch: 40 [128/50000]	Loss: 1.6876	LR: 0.081016
Evaluating Network.....
Test set: Epoch: 40, Average loss: 0.0157, Top1Accuracy: 0.4786, Top3Accuracy: 0.7021, Top5Accuracy: 0.7869, Time consumed:1.53s

Training Epoch: 41 [128/50000]	Loss: 1.6290	LR: 0.078877
Evaluating Network.....
Test set: Epoch: 41, Average loss: 0.0168, Top1Accuracy: 0.4564, Top3Accuracy: 0.6801, Top5Accuracy: 0.7700, Time consumed:1.46s

Training Epoch: 42 [128/50000]	Loss: 1.7014	LR: 0.076795
Evaluating Network.....
Test set: Epoch: 42, Average loss: 0.0153, Top1Accuracy: 0.4896, Top3Accuracy: 0.7133, Top5Accuracy: 0.8000, Time consumed:1.53s

Training Epoch: 43 [128/50000]	Loss: 1.4776	LR: 0.074767
Evaluating Network.....
Test set: Epoch: 43, Average loss: 0.0161, Top1Accuracy: 0.4660, Top3Accuracy: 0.6853, Top5Accuracy: 0.7749, Time consumed:1.53s

Training Epoch: 44 [128/50000]	Loss: 1.5817	LR: 0.072793
Evaluating Network.....
Test set: Epoch: 44, Average loss: 0.0173, Top1Accuracy: 0.4562, Top3Accuracy: 0.6735, Top5Accuracy: 0.7644, Time consumed:1.41s

Training Epoch: 45 [128/50000]	Loss: 1.5643	LR: 0.070872
Evaluating Network.....
Test set: Epoch: 45, Average loss: 0.0160, Top1Accuracy: 0.4849, Top3Accuracy: 0.6985, Top5Accuracy: 0.7832, Time consumed:1.52s

Training Epoch: 46 [128/50000]	Loss: 1.6896	LR: 0.069001
Evaluating Network.....
Test set: Epoch: 46, Average loss: 0.0165, Top1Accuracy: 0.4656, Top3Accuracy: 0.6891, Top5Accuracy: 0.7766, Time consumed:1.52s

Training Epoch: 47 [128/50000]	Loss: 1.4310	LR: 0.067179
Evaluating Network.....
Test set: Epoch: 47, Average loss: 0.0164, Top1Accuracy: 0.4726, Top3Accuracy: 0.6967, Top5Accuracy: 0.7851, Time consumed:1.39s

Training Epoch: 48 [128/50000]	Loss: 1.3589	LR: 0.065406
Evaluating Network.....
Test set: Epoch: 48, Average loss: 0.0169, Top1Accuracy: 0.4557, Top3Accuracy: 0.6729, Top5Accuracy: 0.7641, Time consumed:1.55s

Training Epoch: 49 [128/50000]	Loss: 1.2693	LR: 0.063679
Evaluating Network.....
Test set: Epoch: 49, Average loss: 0.0142, Top1Accuracy: 0.5221, Top3Accuracy: 0.7315, Top5Accuracy: 0.8105, Time consumed:1.53s

Training Epoch: 50 [128/50000]	Loss: 1.3515	LR: 0.061998
Evaluating Network.....
Test set: Epoch: 50, Average loss: 0.0155, Top1Accuracy: 0.4972, Top3Accuracy: 0.7209, Top5Accuracy: 0.8041, Time consumed:1.44s

Training Epoch: 51 [128/50000]	Loss: 1.6024	LR: 0.060361
Evaluating Network.....
Test set: Epoch: 51, Average loss: 0.0138, Top1Accuracy: 0.5290, Top3Accuracy: 0.7418, Top5Accuracy: 0.8256, Time consumed:1.53s

Training Epoch: 52 [128/50000]	Loss: 1.4217	LR: 0.058767
Evaluating Network.....
Test set: Epoch: 52, Average loss: 0.0144, Top1Accuracy: 0.5157, Top3Accuracy: 0.7353, Top5Accuracy: 0.8169, Time consumed:1.53s

Training Epoch: 53 [128/50000]	Loss: 1.3281	LR: 0.057216
Evaluating Network.....
Test set: Epoch: 53, Average loss: 0.0144, Top1Accuracy: 0.5179, Top3Accuracy: 0.7304, Top5Accuracy: 0.8079, Time consumed:1.39s

Training Epoch: 54 [128/50000]	Loss: 1.3332	LR: 0.055705
Evaluating Network.....
Test set: Epoch: 54, Average loss: 0.0155, Top1Accuracy: 0.4832, Top3Accuracy: 0.7034, Top5Accuracy: 0.7865, Time consumed:1.53s

Training Epoch: 55 [128/50000]	Loss: 1.0909	LR: 0.054235
Evaluating Network.....
Test set: Epoch: 55, Average loss: 0.0137, Top1Accuracy: 0.5323, Top3Accuracy: 0.7415, Top5Accuracy: 0.8227, Time consumed:1.55s

Training Epoch: 56 [128/50000]	Loss: 1.5951	LR: 0.052803
Evaluating Network.....
Test set: Epoch: 56, Average loss: 0.0149, Top1Accuracy: 0.5067, Top3Accuracy: 0.7236, Top5Accuracy: 0.8064, Time consumed:1.39s

Training Epoch: 57 [128/50000]	Loss: 1.4621	LR: 0.051409
Evaluating Network.....
Test set: Epoch: 57, Average loss: 0.0135, Top1Accuracy: 0.5396, Top3Accuracy: 0.7507, Top5Accuracy: 0.8250, Time consumed:1.53s

Training Epoch: 58 [128/50000]	Loss: 1.5737	LR: 0.050052
Evaluating Network.....
Test set: Epoch: 58, Average loss: 0.0154, Top1Accuracy: 0.5002, Top3Accuracy: 0.7159, Top5Accuracy: 0.8001, Time consumed:1.53s

Training Epoch: 59 [128/50000]	Loss: 1.2914	LR: 0.048730
Evaluating Network.....
Test set: Epoch: 59, Average loss: 0.0145, Top1Accuracy: 0.5244, Top3Accuracy: 0.7379, Top5Accuracy: 0.8192, Time consumed:1.39s

Training Epoch: 60 [128/50000]	Loss: 1.3146	LR: 0.047444
Evaluating Network.....
Test set: Epoch: 60, Average loss: 0.0124, Top1Accuracy: 0.5696, Top3Accuracy: 0.7836, Top5Accuracy: 0.8569, Time consumed:1.53s

Training Epoch: 61 [128/50000]	Loss: 1.5204	LR: 0.046191
Evaluating Network.....
Test set: Epoch: 61, Average loss: 0.0134, Top1Accuracy: 0.5541, Top3Accuracy: 0.7561, Top5Accuracy: 0.8318, Time consumed:1.52s

Training Epoch: 62 [128/50000]	Loss: 1.1553	LR: 0.044972
Evaluating Network.....
Test set: Epoch: 62, Average loss: 0.0139, Top1Accuracy: 0.5437, Top3Accuracy: 0.7470, Top5Accuracy: 0.8238, Time consumed:1.40s

Training Epoch: 63 [128/50000]	Loss: 1.4380	LR: 0.043785
Evaluating Network.....
Test set: Epoch: 63, Average loss: 0.0132, Top1Accuracy: 0.5546, Top3Accuracy: 0.7601, Top5Accuracy: 0.8375, Time consumed:1.54s

Training Epoch: 64 [128/50000]	Loss: 1.5275	LR: 0.042629
Evaluating Network.....
Test set: Epoch: 64, Average loss: 0.0126, Top1Accuracy: 0.5640, Top3Accuracy: 0.7745, Top5Accuracy: 0.8503, Time consumed:1.53s

Training Epoch: 65 [128/50000]	Loss: 1.2186	LR: 0.041503
Evaluating Network.....
Test set: Epoch: 65, Average loss: 0.0119, Top1Accuracy: 0.5838, Top3Accuracy: 0.7875, Top5Accuracy: 0.8566, Time consumed:1.46s

Training Epoch: 66 [128/50000]	Loss: 1.3856	LR: 0.040408
Evaluating Network.....
Test set: Epoch: 66, Average loss: 0.0144, Top1Accuracy: 0.5276, Top3Accuracy: 0.7391, Top5Accuracy: 0.8225, Time consumed:1.56s

Training Epoch: 67 [128/50000]	Loss: 1.5038	LR: 0.039341
Evaluating Network.....
Test set: Epoch: 67, Average loss: 0.0138, Top1Accuracy: 0.5370, Top3Accuracy: 0.7506, Top5Accuracy: 0.8271, Time consumed:1.53s

Training Epoch: 68 [128/50000]	Loss: 1.1169	LR: 0.038302
Evaluating Network.....
Test set: Epoch: 68, Average loss: 0.0132, Top1Accuracy: 0.5557, Top3Accuracy: 0.7683, Top5Accuracy: 0.8396, Time consumed:1.39s

Training Epoch: 69 [128/50000]	Loss: 1.4430	LR: 0.037291
Evaluating Network.....
Test set: Epoch: 69, Average loss: 0.0133, Top1Accuracy: 0.5518, Top3Accuracy: 0.7644, Top5Accuracy: 0.8376, Time consumed:1.54s

Training Epoch: 70 [128/50000]	Loss: 1.0883	LR: 0.036307
Evaluating Network.....
Test set: Epoch: 70, Average loss: 0.0134, Top1Accuracy: 0.5546, Top3Accuracy: 0.7632, Top5Accuracy: 0.8374, Time consumed:1.54s

Training Epoch: 71 [128/50000]	Loss: 1.1748	LR: 0.035348
Evaluating Network.....
Test set: Epoch: 71, Average loss: 0.0120, Top1Accuracy: 0.5814, Top3Accuracy: 0.7906, Top5Accuracy: 0.8625, Time consumed:1.40s

Training Epoch: 72 [128/50000]	Loss: 1.1688	LR: 0.034415
Evaluating Network.....
Test set: Epoch: 72, Average loss: 0.0129, Top1Accuracy: 0.5646, Top3Accuracy: 0.7727, Top5Accuracy: 0.8431, Time consumed:1.53s

Training Epoch: 73 [128/50000]	Loss: 1.1986	LR: 0.033506
Evaluating Network.....
Test set: Epoch: 73, Average loss: 0.0122, Top1Accuracy: 0.5847, Top3Accuracy: 0.7840, Top5Accuracy: 0.8530, Time consumed:1.53s

Training Epoch: 74 [128/50000]	Loss: 1.2541	LR: 0.032622
Evaluating Network.....
Test set: Epoch: 74, Average loss: 0.0126, Top1Accuracy: 0.5702, Top3Accuracy: 0.7761, Top5Accuracy: 0.8502, Time consumed:1.40s

Training Epoch: 75 [128/50000]	Loss: 1.2277	LR: 0.031761
Evaluating Network.....
Test set: Epoch: 75, Average loss: 0.0121, Top1Accuracy: 0.5875, Top3Accuracy: 0.7872, Top5Accuracy: 0.8548, Time consumed:1.56s

Training Epoch: 76 [128/50000]	Loss: 1.2061	LR: 0.030922
Evaluating Network.....
Test set: Epoch: 76, Average loss: 0.0126, Top1Accuracy: 0.5702, Top3Accuracy: 0.7783, Top5Accuracy: 0.8520, Time consumed:1.57s

Training Epoch: 77 [128/50000]	Loss: 1.2896	LR: 0.030106
Evaluating Network.....
Test set: Epoch: 77, Average loss: 0.0123, Top1Accuracy: 0.5772, Top3Accuracy: 0.7818, Top5Accuracy: 0.8538, Time consumed:1.38s

Training Epoch: 78 [128/50000]	Loss: 1.2730	LR: 0.029311
Evaluating Network.....
Test set: Epoch: 78, Average loss: 0.0142, Top1Accuracy: 0.5453, Top3Accuracy: 0.7547, Top5Accuracy: 0.8264, Time consumed:1.53s

Training Epoch: 79 [128/50000]	Loss: 0.9763	LR: 0.028537
Evaluating Network.....
Test set: Epoch: 79, Average loss: 0.0118, Top1Accuracy: 0.5963, Top3Accuracy: 0.7951, Top5Accuracy: 0.8626, Time consumed:1.53s

Training Epoch: 80 [128/50000]	Loss: 1.1953	LR: 0.027784
Evaluating Network.....
Test set: Epoch: 80, Average loss: 0.0124, Top1Accuracy: 0.5767, Top3Accuracy: 0.7834, Top5Accuracy: 0.8567, Time consumed:1.41s

Training Epoch: 81 [128/50000]	Loss: 1.1395	LR: 0.027050
Evaluating Network.....
Test set: Epoch: 81, Average loss: 0.0132, Top1Accuracy: 0.5603, Top3Accuracy: 0.7648, Top5Accuracy: 0.8407, Time consumed:1.53s

Training Epoch: 82 [128/50000]	Loss: 1.0827	LR: 0.026336
Evaluating Network.....
Test set: Epoch: 82, Average loss: 0.0124, Top1Accuracy: 0.5735, Top3Accuracy: 0.7838, Top5Accuracy: 0.8507, Time consumed:1.54s

Training Epoch: 83 [128/50000]	Loss: 0.9698	LR: 0.025641
Evaluating Network.....
Test set: Epoch: 83, Average loss: 0.0121, Top1Accuracy: 0.5951, Top3Accuracy: 0.7930, Top5Accuracy: 0.8609, Time consumed:1.39s

Training Epoch: 84 [128/50000]	Loss: 0.9673	LR: 0.024964
Evaluating Network.....
Test set: Epoch: 84, Average loss: 0.0123, Top1Accuracy: 0.5937, Top3Accuracy: 0.7945, Top5Accuracy: 0.8634, Time consumed:1.53s

Training Epoch: 85 [128/50000]	Loss: 1.1415	LR: 0.024305
Evaluating Network.....
Test set: Epoch: 85, Average loss: 0.0124, Top1Accuracy: 0.5867, Top3Accuracy: 0.7878, Top5Accuracy: 0.8554, Time consumed:1.53s

Training Epoch: 86 [128/50000]	Loss: 1.1862	LR: 0.023663
Evaluating Network.....
Test set: Epoch: 86, Average loss: 0.0115, Top1Accuracy: 0.6046, Top3Accuracy: 0.8060, Top5Accuracy: 0.8738, Time consumed:1.39s

Training Epoch: 87 [128/50000]	Loss: 0.8252	LR: 0.023039
Evaluating Network.....
Test set: Epoch: 87, Average loss: 0.0126, Top1Accuracy: 0.5842, Top3Accuracy: 0.7830, Top5Accuracy: 0.8495, Time consumed:1.55s

Training Epoch: 88 [128/50000]	Loss: 1.0186	LR: 0.022430
Evaluating Network.....
Test set: Epoch: 88, Average loss: 0.0117, Top1Accuracy: 0.5992, Top3Accuracy: 0.8014, Top5Accuracy: 0.8657, Time consumed:1.58s

Training Epoch: 89 [128/50000]	Loss: 1.0780	LR: 0.021838
Evaluating Network.....
Test set: Epoch: 89, Average loss: 0.0110, Top1Accuracy: 0.6245, Top3Accuracy: 0.8184, Top5Accuracy: 0.8780, Time consumed:1.41s

Training Epoch: 90 [128/50000]	Loss: 0.9200	LR: 0.021262
Evaluating Network.....
Test set: Epoch: 90, Average loss: 0.0123, Top1Accuracy: 0.5914, Top3Accuracy: 0.7898, Top5Accuracy: 0.8555, Time consumed:1.54s

Training Epoch: 91 [128/50000]	Loss: 0.9095	LR: 0.020700
Evaluating Network.....
Test set: Epoch: 91, Average loss: 0.0119, Top1Accuracy: 0.6040, Top3Accuracy: 0.7958, Top5Accuracy: 0.8650, Time consumed:1.60s

Training Epoch: 92 [128/50000]	Loss: 0.8935	LR: 0.020154
Evaluating Network.....
Test set: Epoch: 92, Average loss: 0.0114, Top1Accuracy: 0.6143, Top3Accuracy: 0.8116, Top5Accuracy: 0.8767, Time consumed:1.39s

Training Epoch: 93 [128/50000]	Loss: 0.9987	LR: 0.019622
Evaluating Network.....
Test set: Epoch: 93, Average loss: 0.0117, Top1Accuracy: 0.6029, Top3Accuracy: 0.8073, Top5Accuracy: 0.8746, Time consumed:1.53s

Training Epoch: 94 [128/50000]	Loss: 1.1393	LR: 0.019104
Evaluating Network.....
Test set: Epoch: 94, Average loss: 0.0115, Top1Accuracy: 0.6099, Top3Accuracy: 0.8091, Top5Accuracy: 0.8700, Time consumed:1.54s

Training Epoch: 95 [128/50000]	Loss: 0.9641	LR: 0.018599
Evaluating Network.....
Test set: Epoch: 95, Average loss: 0.0113, Top1Accuracy: 0.6153, Top3Accuracy: 0.8138, Top5Accuracy: 0.8783, Time consumed:1.39s

Training Epoch: 96 [128/50000]	Loss: 1.0575	LR: 0.018108
Evaluating Network.....
Test set: Epoch: 96, Average loss: 0.0112, Top1Accuracy: 0.6201, Top3Accuracy: 0.8157, Top5Accuracy: 0.8805, Time consumed:1.52s

Training Epoch: 97 [128/50000]	Loss: 0.8380	LR: 0.017630
Evaluating Network.....
Test set: Epoch: 97, Average loss: 0.0114, Top1Accuracy: 0.6121, Top3Accuracy: 0.8155, Top5Accuracy: 0.8772, Time consumed:1.53s

Training Epoch: 98 [128/50000]	Loss: 0.8720	LR: 0.017165
Evaluating Network.....
Test set: Epoch: 98, Average loss: 0.0111, Top1Accuracy: 0.6245, Top3Accuracy: 0.8142, Top5Accuracy: 0.8821, Time consumed:1.40s

Training Epoch: 99 [128/50000]	Loss: 0.9322	LR: 0.016712
Evaluating Network.....
Test set: Epoch: 99, Average loss: 0.0110, Top1Accuracy: 0.6269, Top3Accuracy: 0.8208, Top5Accuracy: 0.8801, Time consumed:1.53s

Training Epoch: 100 [128/50000]	Loss: 0.8947	LR: 0.016271
Evaluating Network.....
Test set: Epoch: 100, Average loss: 0.0111, Top1Accuracy: 0.6163, Top3Accuracy: 0.8172, Top5Accuracy: 0.8778, Time consumed:1.53s

Training Epoch: 101 [128/50000]	Loss: 0.7082	LR: 0.015841
Evaluating Network.....
Test set: Epoch: 101, Average loss: 0.0113, Top1Accuracy: 0.6215, Top3Accuracy: 0.8164, Top5Accuracy: 0.8786, Time consumed:1.40s

Training Epoch: 102 [128/50000]	Loss: 0.9422	LR: 0.015423
Evaluating Network.....
Test set: Epoch: 102, Average loss: 0.0112, Top1Accuracy: 0.6207, Top3Accuracy: 0.8177, Top5Accuracy: 0.8798, Time consumed:1.54s

Training Epoch: 103 [128/50000]	Loss: 0.6470	LR: 0.015016
Evaluating Network.....
Test set: Epoch: 103, Average loss: 0.0108, Top1Accuracy: 0.6345, Top3Accuracy: 0.8252, Top5Accuracy: 0.8869, Time consumed:1.53s

Training Epoch: 104 [128/50000]	Loss: 0.9909	LR: 0.014619
Evaluating Network.....
Test set: Epoch: 104, Average loss: 0.0110, Top1Accuracy: 0.6303, Top3Accuracy: 0.8263, Top5Accuracy: 0.8857, Time consumed:1.41s

Training Epoch: 105 [128/50000]	Loss: 0.7609	LR: 0.014233
Evaluating Network.....
Test set: Epoch: 105, Average loss: 0.0107, Top1Accuracy: 0.6357, Top3Accuracy: 0.8229, Top5Accuracy: 0.8838, Time consumed:1.54s

Training Epoch: 106 [128/50000]	Loss: 0.7964	LR: 0.013858
Evaluating Network.....
Test set: Epoch: 106, Average loss: 0.0109, Top1Accuracy: 0.6270, Top3Accuracy: 0.8195, Top5Accuracy: 0.8819, Time consumed:1.54s

Training Epoch: 107 [128/50000]	Loss: 1.0225	LR: 0.013492
Evaluating Network.....
Test set: Epoch: 107, Average loss: 0.0116, Top1Accuracy: 0.6169, Top3Accuracy: 0.8103, Top5Accuracy: 0.8742, Time consumed:1.40s

Training Epoch: 108 [128/50000]	Loss: 0.9763	LR: 0.013136
Evaluating Network.....
Test set: Epoch: 108, Average loss: 0.0106, Top1Accuracy: 0.6379, Top3Accuracy: 0.8270, Top5Accuracy: 0.8867, Time consumed:1.57s

Training Epoch: 109 [128/50000]	Loss: 0.8901	LR: 0.012789
Evaluating Network.....
Test set: Epoch: 109, Average loss: 0.0112, Top1Accuracy: 0.6324, Top3Accuracy: 0.8244, Top5Accuracy: 0.8841, Time consumed:1.53s

Training Epoch: 110 [128/50000]	Loss: 1.0074	LR: 0.012451
Evaluating Network.....
Test set: Epoch: 110, Average loss: 0.0110, Top1Accuracy: 0.6228, Top3Accuracy: 0.8178, Top5Accuracy: 0.8806, Time consumed:1.40s

Training Epoch: 111 [128/50000]	Loss: 0.7205	LR: 0.012122
Evaluating Network.....
Test set: Epoch: 111, Average loss: 0.0108, Top1Accuracy: 0.6343, Top3Accuracy: 0.8306, Top5Accuracy: 0.8897, Time consumed:1.53s

Training Epoch: 112 [128/50000]	Loss: 0.8471	LR: 0.011802
Evaluating Network.....
Test set: Epoch: 112, Average loss: 0.0104, Top1Accuracy: 0.6420, Top3Accuracy: 0.8326, Top5Accuracy: 0.8927, Time consumed:1.53s

Training Epoch: 113 [128/50000]	Loss: 0.7119	LR: 0.011491
Evaluating Network.....
Test set: Epoch: 113, Average loss: 0.0109, Top1Accuracy: 0.6396, Top3Accuracy: 0.8254, Top5Accuracy: 0.8850, Time consumed:1.43s

Training Epoch: 114 [128/50000]	Loss: 0.5935	LR: 0.011187
Evaluating Network.....
Test set: Epoch: 114, Average loss: 0.0108, Top1Accuracy: 0.6400, Top3Accuracy: 0.8270, Top5Accuracy: 0.8885, Time consumed:1.53s

Training Epoch: 115 [128/50000]	Loss: 0.6432	LR: 0.010892
Evaluating Network.....
Test set: Epoch: 115, Average loss: 0.0105, Top1Accuracy: 0.6445, Top3Accuracy: 0.8303, Top5Accuracy: 0.8904, Time consumed:1.54s

Training Epoch: 116 [128/50000]	Loss: 0.7235	LR: 0.010605
Evaluating Network.....
Test set: Epoch: 116, Average loss: 0.0111, Top1Accuracy: 0.6349, Top3Accuracy: 0.8281, Top5Accuracy: 0.8869, Time consumed:1.35s

Training Epoch: 117 [128/50000]	Loss: 0.7250	LR: 0.010325
Evaluating Network.....
Test set: Epoch: 117, Average loss: 0.0107, Top1Accuracy: 0.6405, Top3Accuracy: 0.8330, Top5Accuracy: 0.8929, Time consumed:1.54s

Training Epoch: 118 [128/50000]	Loss: 0.7779	LR: 0.010052
Evaluating Network.....
Test set: Epoch: 118, Average loss: 0.0110, Top1Accuracy: 0.6405, Top3Accuracy: 0.8233, Top5Accuracy: 0.8817, Time consumed:1.57s

Training Epoch: 119 [128/50000]	Loss: 0.6529	LR: 0.009787
Evaluating Network.....
Test set: Epoch: 119, Average loss: 0.0109, Top1Accuracy: 0.6418, Top3Accuracy: 0.8306, Top5Accuracy: 0.8870, Time consumed:1.33s

Training Epoch: 120 [128/50000]	Loss: 0.5686	LR: 0.009528
Evaluating Network.....
Test set: Epoch: 120, Average loss: 0.0110, Top1Accuracy: 0.6348, Top3Accuracy: 0.8217, Top5Accuracy: 0.8832, Time consumed:1.53s

Training Epoch: 121 [128/50000]	Loss: 0.8081	LR: 0.009277
Evaluating Network.....
Test set: Epoch: 121, Average loss: 0.0106, Top1Accuracy: 0.6491, Top3Accuracy: 0.8363, Top5Accuracy: 0.8944, Time consumed:1.58s

Training Epoch: 122 [128/50000]	Loss: 0.7047	LR: 0.009032
Evaluating Network.....
Test set: Epoch: 122, Average loss: 0.0105, Top1Accuracy: 0.6443, Top3Accuracy: 0.8366, Top5Accuracy: 0.8947, Time consumed:1.31s

Training Epoch: 123 [128/50000]	Loss: 0.5408	LR: 0.008793
Evaluating Network.....
Test set: Epoch: 123, Average loss: 0.0106, Top1Accuracy: 0.6499, Top3Accuracy: 0.8374, Top5Accuracy: 0.8891, Time consumed:1.53s

Training Epoch: 124 [128/50000]	Loss: 0.7054	LR: 0.008561
Evaluating Network.....
Test set: Epoch: 124, Average loss: 0.0101, Top1Accuracy: 0.6614, Top3Accuracy: 0.8441, Top5Accuracy: 0.8977, Time consumed:1.53s

Training Epoch: 125 [128/50000]	Loss: 0.5604	LR: 0.008335
Evaluating Network.....
Test set: Epoch: 125, Average loss: 0.0103, Top1Accuracy: 0.6544, Top3Accuracy: 0.8401, Top5Accuracy: 0.8962, Time consumed:1.40s

Training Epoch: 126 [128/50000]	Loss: 0.6158	LR: 0.008115
Evaluating Network.....
Test set: Epoch: 126, Average loss: 0.0108, Top1Accuracy: 0.6417, Top3Accuracy: 0.8324, Top5Accuracy: 0.8925, Time consumed:1.54s

Training Epoch: 127 [128/50000]	Loss: 0.5377	LR: 0.007901
Evaluating Network.....
Test set: Epoch: 127, Average loss: 0.0105, Top1Accuracy: 0.6541, Top3Accuracy: 0.8396, Top5Accuracy: 0.8945, Time consumed:1.53s

Training Epoch: 128 [128/50000]	Loss: 0.5454	LR: 0.007692
Evaluating Network.....
Test set: Epoch: 128, Average loss: 0.0108, Top1Accuracy: 0.6472, Top3Accuracy: 0.8347, Top5Accuracy: 0.8910, Time consumed:1.48s

Training Epoch: 129 [128/50000]	Loss: 0.8492	LR: 0.007489
Evaluating Network.....
Test set: Epoch: 129, Average loss: 0.0105, Top1Accuracy: 0.6504, Top3Accuracy: 0.8386, Top5Accuracy: 0.8940, Time consumed:1.71s

Training Epoch: 130 [128/50000]	Loss: 0.6860	LR: 0.007292
Evaluating Network.....
Test set: Epoch: 130, Average loss: 0.0103, Top1Accuracy: 0.6596, Top3Accuracy: 0.8452, Top5Accuracy: 0.8984, Time consumed:1.54s

Training Epoch: 131 [128/50000]	Loss: 0.6570	LR: 0.007099
Evaluating Network.....
Test set: Epoch: 131, Average loss: 0.0105, Top1Accuracy: 0.6519, Top3Accuracy: 0.8347, Top5Accuracy: 0.8941, Time consumed:1.58s

Training Epoch: 132 [128/50000]	Loss: 0.5616	LR: 0.006912
Evaluating Network.....
Test set: Epoch: 132, Average loss: 0.0109, Top1Accuracy: 0.6468, Top3Accuracy: 0.8299, Top5Accuracy: 0.8910, Time consumed:1.54s

Training Epoch: 133 [128/50000]	Loss: 0.8107	LR: 0.006729
Evaluating Network.....
Test set: Epoch: 133, Average loss: 0.0106, Top1Accuracy: 0.6514, Top3Accuracy: 0.8348, Top5Accuracy: 0.8909, Time consumed:1.53s

Training Epoch: 134 [128/50000]	Loss: 0.5202	LR: 0.006552
Evaluating Network.....
Test set: Epoch: 134, Average loss: 0.0105, Top1Accuracy: 0.6493, Top3Accuracy: 0.8406, Top5Accuracy: 0.8975, Time consumed:1.53s

Training Epoch: 135 [128/50000]	Loss: 0.7962	LR: 0.006379
Evaluating Network.....
Test set: Epoch: 135, Average loss: 0.0106, Top1Accuracy: 0.6526, Top3Accuracy: 0.8373, Top5Accuracy: 0.8936, Time consumed:1.51s

Training Epoch: 136 [128/50000]	Loss: 0.5894	LR: 0.006210
Evaluating Network.....
Test set: Epoch: 136, Average loss: 0.0104, Top1Accuracy: 0.6556, Top3Accuracy: 0.8374, Top5Accuracy: 0.8967, Time consumed:1.52s

Training Epoch: 137 [128/50000]	Loss: 0.6393	LR: 0.006046
Evaluating Network.....
Test set: Epoch: 137, Average loss: 0.0103, Top1Accuracy: 0.6612, Top3Accuracy: 0.8452, Top5Accuracy: 0.9007, Time consumed:1.53s

Training Epoch: 138 [128/50000]	Loss: 0.6440	LR: 0.005887
Evaluating Network.....
Test set: Epoch: 138, Average loss: 0.0105, Top1Accuracy: 0.6567, Top3Accuracy: 0.8434, Top5Accuracy: 0.8993, Time consumed:1.54s

Training Epoch: 139 [128/50000]	Loss: 0.5907	LR: 0.005731
Evaluating Network.....
Test set: Epoch: 139, Average loss: 0.0105, Top1Accuracy: 0.6556, Top3Accuracy: 0.8426, Top5Accuracy: 0.8981, Time consumed:1.54s

Training Epoch: 140 [128/50000]	Loss: 0.5046	LR: 0.005580
Evaluating Network.....
Test set: Epoch: 140, Average loss: 0.0105, Top1Accuracy: 0.6559, Top3Accuracy: 0.8437, Top5Accuracy: 0.8994, Time consumed:1.53s

Training Epoch: 141 [128/50000]	Loss: 0.6629	LR: 0.005433
Evaluating Network.....
Test set: Epoch: 141, Average loss: 0.0101, Top1Accuracy: 0.6658, Top3Accuracy: 0.8489, Top5Accuracy: 0.9015, Time consumed:1.56s

Training Epoch: 142 [128/50000]	Loss: 0.4442	LR: 0.005289
Evaluating Network.....
Test set: Epoch: 142, Average loss: 0.0102, Top1Accuracy: 0.6676, Top3Accuracy: 0.8450, Top5Accuracy: 0.8995, Time consumed:1.55s

Training Epoch: 143 [128/50000]	Loss: 0.5462	LR: 0.005150
Evaluating Network.....
Test set: Epoch: 143, Average loss: 0.0100, Top1Accuracy: 0.6701, Top3Accuracy: 0.8523, Top5Accuracy: 0.9065, Time consumed:1.53s

Training Epoch: 144 [128/50000]	Loss: 0.6586	LR: 0.005014
Evaluating Network.....
Test set: Epoch: 144, Average loss: 0.0103, Top1Accuracy: 0.6647, Top3Accuracy: 0.8460, Top5Accuracy: 0.9008, Time consumed:1.58s

Training Epoch: 145 [128/50000]	Loss: 0.5059	LR: 0.004881
Evaluating Network.....
Test set: Epoch: 145, Average loss: 0.0104, Top1Accuracy: 0.6623, Top3Accuracy: 0.8446, Top5Accuracy: 0.9001, Time consumed:1.54s

Training Epoch: 146 [128/50000]	Loss: 0.4932	LR: 0.004752
Evaluating Network.....
Test set: Epoch: 146, Average loss: 0.0102, Top1Accuracy: 0.6669, Top3Accuracy: 0.8511, Top5Accuracy: 0.9050, Time consumed:1.53s

Training Epoch: 147 [128/50000]	Loss: 0.4934	LR: 0.004627
Evaluating Network.....
Test set: Epoch: 147, Average loss: 0.0102, Top1Accuracy: 0.6667, Top3Accuracy: 0.8503, Top5Accuracy: 0.9008, Time consumed:1.52s

Training Epoch: 148 [128/50000]	Loss: 0.4335	LR: 0.004505
Evaluating Network.....
Test set: Epoch: 148, Average loss: 0.0104, Top1Accuracy: 0.6615, Top3Accuracy: 0.8469, Top5Accuracy: 0.8997, Time consumed:1.54s

Training Epoch: 149 [128/50000]	Loss: 0.5622	LR: 0.004386
Evaluating Network.....
Test set: Epoch: 149, Average loss: 0.0106, Top1Accuracy: 0.6571, Top3Accuracy: 0.8430, Top5Accuracy: 0.8983, Time consumed:1.52s

Training Epoch: 150 [128/50000]	Loss: 0.4682	LR: 0.004270
Evaluating Network.....
Test set: Epoch: 150, Average loss: 0.0103, Top1Accuracy: 0.6678, Top3Accuracy: 0.8502, Top5Accuracy: 0.9020, Time consumed:1.53s

Training Epoch: 151 [128/50000]	Loss: 0.3344	LR: 0.004157
Evaluating Network.....
Test set: Epoch: 151, Average loss: 0.0105, Top1Accuracy: 0.6640, Top3Accuracy: 0.8466, Top5Accuracy: 0.8988, Time consumed:1.53s

Training Epoch: 152 [128/50000]	Loss: 0.5129	LR: 0.004048
Evaluating Network.....
Test set: Epoch: 152, Average loss: 0.0106, Top1Accuracy: 0.6637, Top3Accuracy: 0.8433, Top5Accuracy: 0.8977, Time consumed:1.53s

Training Epoch: 153 [128/50000]	Loss: 0.4859	LR: 0.003941
Evaluating Network.....
Test set: Epoch: 153, Average loss: 0.0103, Top1Accuracy: 0.6706, Top3Accuracy: 0.8488, Top5Accuracy: 0.9007, Time consumed:1.52s

Training Epoch: 154 [128/50000]	Loss: 0.4003	LR: 0.003837
Evaluating Network.....
Test set: Epoch: 154, Average loss: 0.0104, Top1Accuracy: 0.6664, Top3Accuracy: 0.8498, Top5Accuracy: 0.8994, Time consumed:1.53s

Training Epoch: 155 [128/50000]	Loss: 0.5162	LR: 0.003735
Evaluating Network.....
Test set: Epoch: 155, Average loss: 0.0108, Top1Accuracy: 0.6556, Top3Accuracy: 0.8439, Top5Accuracy: 0.9005, Time consumed:1.54s

Training Epoch: 156 [128/50000]	Loss: 0.4633	LR: 0.003637
Evaluating Network.....
Test set: Epoch: 156, Average loss: 0.0103, Top1Accuracy: 0.6709, Top3Accuracy: 0.8485, Top5Accuracy: 0.9000, Time consumed:1.52s

Training Epoch: 157 [128/50000]	Loss: 0.3719	LR: 0.003541
Evaluating Network.....
Test set: Epoch: 157, Average loss: 0.0106, Top1Accuracy: 0.6585, Top3Accuracy: 0.8424, Top5Accuracy: 0.8978, Time consumed:1.57s

Training Epoch: 158 [128/50000]	Loss: 0.3612	LR: 0.003447
Evaluating Network.....
Test set: Epoch: 158, Average loss: 0.0103, Top1Accuracy: 0.6709, Top3Accuracy: 0.8487, Top5Accuracy: 0.8995, Time consumed:1.54s

Training Epoch: 159 [128/50000]	Loss: 0.3546	LR: 0.003356
Evaluating Network.....
Test set: Epoch: 159, Average loss: 0.0106, Top1Accuracy: 0.6607, Top3Accuracy: 0.8455, Top5Accuracy: 0.8992, Time consumed:1.53s

Training Epoch: 160 [128/50000]	Loss: 0.3068	LR: 0.003268
Evaluating Network.....
Test set: Epoch: 160, Average loss: 0.0106, Top1Accuracy: 0.6658, Top3Accuracy: 0.8460, Top5Accuracy: 0.9015, Time consumed:1.53s

Training Epoch: 161 [128/50000]	Loss: 0.3633	LR: 0.003181
Evaluating Network.....
Test set: Epoch: 161, Average loss: 0.0104, Top1Accuracy: 0.6692, Top3Accuracy: 0.8464, Top5Accuracy: 0.8991, Time consumed:1.53s

Training Epoch: 162 [128/50000]	Loss: 0.4327	LR: 0.003097
Evaluating Network.....
Test set: Epoch: 162, Average loss: 0.0104, Top1Accuracy: 0.6710, Top3Accuracy: 0.8490, Top5Accuracy: 0.9010, Time consumed:1.53s

Training Epoch: 163 [128/50000]	Loss: 0.5029	LR: 0.003016
Evaluating Network.....
Test set: Epoch: 163, Average loss: 0.0104, Top1Accuracy: 0.6746, Top3Accuracy: 0.8485, Top5Accuracy: 0.9008, Time consumed:1.52s

Training Epoch: 164 [128/50000]	Loss: 0.3454	LR: 0.002936
Evaluating Network.....
Test set: Epoch: 164, Average loss: 0.0105, Top1Accuracy: 0.6666, Top3Accuracy: 0.8473, Top5Accuracy: 0.8986, Time consumed:1.53s

Training Epoch: 165 [128/50000]	Loss: 0.4132	LR: 0.002859
Evaluating Network.....
Test set: Epoch: 165, Average loss: 0.0106, Top1Accuracy: 0.6681, Top3Accuracy: 0.8497, Top5Accuracy: 0.9003, Time consumed:1.53s

Training Epoch: 166 [128/50000]	Loss: 0.4138	LR: 0.002783
Evaluating Network.....
Test set: Epoch: 166, Average loss: 0.0103, Top1Accuracy: 0.6709, Top3Accuracy: 0.8506, Top5Accuracy: 0.9007, Time consumed:1.52s

Training Epoch: 167 [128/50000]	Loss: 0.3628	LR: 0.002710
Evaluating Network.....
Test set: Epoch: 167, Average loss: 0.0104, Top1Accuracy: 0.6742, Top3Accuracy: 0.8494, Top5Accuracy: 0.9016, Time consumed:1.81s

Training Epoch: 168 [128/50000]	Loss: 0.5263	LR: 0.002638
Evaluating Network.....
Test set: Epoch: 168, Average loss: 0.0104, Top1Accuracy: 0.6704, Top3Accuracy: 0.8484, Top5Accuracy: 0.9017, Time consumed:1.53s

Training Epoch: 169 [128/50000]	Loss: 0.2892	LR: 0.002568
Evaluating Network.....
Test set: Epoch: 169, Average loss: 0.0101, Top1Accuracy: 0.6783, Top3Accuracy: 0.8541, Top5Accuracy: 0.9048, Time consumed:1.56s

Training Epoch: 170 [128/50000]	Loss: 0.3270	LR: 0.002501
Evaluating Network.....
Test set: Epoch: 170, Average loss: 0.0106, Top1Accuracy: 0.6686, Top3Accuracy: 0.8456, Top5Accuracy: 0.9003, Time consumed:1.53s

Training Epoch: 171 [128/50000]	Loss: 0.3701	LR: 0.002435
Evaluating Network.....
Test set: Epoch: 171, Average loss: 0.0105, Top1Accuracy: 0.6688, Top3Accuracy: 0.8443, Top5Accuracy: 0.9032, Time consumed:1.54s

Training Epoch: 172 [128/50000]	Loss: 0.4652	LR: 0.002370
Evaluating Network.....
Test set: Epoch: 172, Average loss: 0.0107, Top1Accuracy: 0.6659, Top3Accuracy: 0.8439, Top5Accuracy: 0.9006, Time consumed:1.58s

Training Epoch: 173 [128/50000]	Loss: 0.3513	LR: 0.002308
Evaluating Network.....
Test set: Epoch: 173, Average loss: 0.0105, Top1Accuracy: 0.6713, Top3Accuracy: 0.8500, Top5Accuracy: 0.9007, Time consumed:1.54s

Training Epoch: 174 [128/50000]	Loss: 0.3708	LR: 0.002247
Evaluating Network.....
Test set: Epoch: 174, Average loss: 0.0105, Top1Accuracy: 0.6681, Top3Accuracy: 0.8456, Top5Accuracy: 0.9003, Time consumed:1.54s

Training Epoch: 175 [128/50000]	Loss: 0.3677	LR: 0.002187
Evaluating Network.....
Test set: Epoch: 175, Average loss: 0.0104, Top1Accuracy: 0.6722, Top3Accuracy: 0.8486, Top5Accuracy: 0.9006, Time consumed:1.53s

Training Epoch: 176 [128/50000]	Loss: 0.3757	LR: 0.002130
Evaluating Network.....
Test set: Epoch: 176, Average loss: 0.0104, Top1Accuracy: 0.6787, Top3Accuracy: 0.8542, Top5Accuracy: 0.9039, Time consumed:1.52s

Training Epoch: 177 [128/50000]	Loss: 0.3391	LR: 0.002074
Evaluating Network.....
Test set: Epoch: 177, Average loss: 0.0106, Top1Accuracy: 0.6712, Top3Accuracy: 0.8455, Top5Accuracy: 0.8987, Time consumed:1.53s

Training Epoch: 178 [128/50000]	Loss: 0.3610	LR: 0.002019
Evaluating Network.....
Test set: Epoch: 178, Average loss: 0.0104, Top1Accuracy: 0.6754, Top3Accuracy: 0.8493, Top5Accuracy: 0.9006, Time consumed:1.54s

Training Epoch: 179 [128/50000]	Loss: 0.3109	LR: 0.001965
Evaluating Network.....
Test set: Epoch: 179, Average loss: 0.0105, Top1Accuracy: 0.6750, Top3Accuracy: 0.8496, Top5Accuracy: 0.9019, Time consumed:1.54s

Training Epoch: 180 [128/50000]	Loss: 0.2661	LR: 0.001914
Evaluating Network.....
Test set: Epoch: 180, Average loss: 0.0105, Top1Accuracy: 0.6750, Top3Accuracy: 0.8502, Top5Accuracy: 0.9026, Time consumed:1.53s

Training Epoch: 181 [128/50000]	Loss: 0.2956	LR: 0.001863
Evaluating Network.....
Test set: Epoch: 181, Average loss: 0.0103, Top1Accuracy: 0.6781, Top3Accuracy: 0.8506, Top5Accuracy: 0.9045, Time consumed:1.53s

Training Epoch: 182 [128/50000]	Loss: 0.4075	LR: 0.001814
Evaluating Network.....
Test set: Epoch: 182, Average loss: 0.0105, Top1Accuracy: 0.6739, Top3Accuracy: 0.8539, Top5Accuracy: 0.9029, Time consumed:1.53s

Training Epoch: 183 [128/50000]	Loss: 0.3100	LR: 0.001766
Evaluating Network.....
Test set: Epoch: 183, Average loss: 0.0107, Top1Accuracy: 0.6714, Top3Accuracy: 0.8495, Top5Accuracy: 0.9011, Time consumed:1.61s

Training Epoch: 184 [128/50000]	Loss: 0.3213	LR: 0.001719
Evaluating Network.....
Test set: Epoch: 184, Average loss: 0.0103, Top1Accuracy: 0.6785, Top3Accuracy: 0.8552, Top5Accuracy: 0.9069, Time consumed:1.54s

Training Epoch: 185 [128/50000]	Loss: 0.3123	LR: 0.001674
Evaluating Network.....
Test set: Epoch: 185, Average loss: 0.0105, Top1Accuracy: 0.6772, Top3Accuracy: 0.8481, Top5Accuracy: 0.9023, Time consumed:1.54s

Training Epoch: 186 [128/50000]	Loss: 0.3053	LR: 0.001630
Evaluating Network.....
Test set: Epoch: 186, Average loss: 0.0105, Top1Accuracy: 0.6768, Top3Accuracy: 0.8497, Top5Accuracy: 0.9009, Time consumed:1.54s

Training Epoch: 187 [128/50000]	Loss: 0.3618	LR: 0.001587
Evaluating Network.....
Test set: Epoch: 187, Average loss: 0.0105, Top1Accuracy: 0.6736, Top3Accuracy: 0.8489, Top5Accuracy: 0.9004, Time consumed:1.54s

Training Epoch: 188 [128/50000]	Loss: 0.2783	LR: 0.001545
Evaluating Network.....
Test set: Epoch: 188, Average loss: 0.0105, Top1Accuracy: 0.6801, Top3Accuracy: 0.8494, Top5Accuracy: 0.9015, Time consumed:1.53s

Training Epoch: 189 [128/50000]	Loss: 0.2102	LR: 0.001504
Evaluating Network.....
Test set: Epoch: 189, Average loss: 0.0106, Top1Accuracy: 0.6741, Top3Accuracy: 0.8505, Top5Accuracy: 0.9051, Time consumed:1.53s

Training Epoch: 190 [128/50000]	Loss: 0.2688	LR: 0.001464
Evaluating Network.....
Test set: Epoch: 190, Average loss: 0.0104, Top1Accuracy: 0.6789, Top3Accuracy: 0.8504, Top5Accuracy: 0.9037, Time consumed:1.54s

Training Epoch: 191 [128/50000]	Loss: 0.2450	LR: 0.001426
Evaluating Network.....
Test set: Epoch: 191, Average loss: 0.0105, Top1Accuracy: 0.6765, Top3Accuracy: 0.8493, Top5Accuracy: 0.9033, Time consumed:1.54s

Training Epoch: 192 [128/50000]	Loss: 0.2807	LR: 0.001388
Evaluating Network.....
Test set: Epoch: 192, Average loss: 0.0105, Top1Accuracy: 0.6802, Top3Accuracy: 0.8517, Top5Accuracy: 0.9027, Time consumed:1.53s

Training Epoch: 193 [128/50000]	Loss: 0.3153	LR: 0.001351
Evaluating Network.....
Test set: Epoch: 193, Average loss: 0.0106, Top1Accuracy: 0.6783, Top3Accuracy: 0.8511, Top5Accuracy: 0.9019, Time consumed:1.55s

Training Epoch: 194 [128/50000]	Loss: 0.3031	LR: 0.001316
Evaluating Network.....
Test set: Epoch: 194, Average loss: 0.0104, Top1Accuracy: 0.6804, Top3Accuracy: 0.8516, Top5Accuracy: 0.9018, Time consumed:1.54s

Training Epoch: 195 [128/50000]	Loss: 0.2444	LR: 0.001281
Evaluating Network.....
Test set: Epoch: 195, Average loss: 0.0104, Top1Accuracy: 0.6827, Top3Accuracy: 0.8540, Top5Accuracy: 0.9043, Time consumed:1.54s

Training Epoch: 196 [128/50000]	Loss: 0.2839	LR: 0.001247
Evaluating Network.....
Test set: Epoch: 196, Average loss: 0.0105, Top1Accuracy: 0.6834, Top3Accuracy: 0.8498, Top5Accuracy: 0.9002, Time consumed:1.55s

Training Epoch: 197 [128/50000]	Loss: 0.2930	LR: 0.001214
Evaluating Network.....
Test set: Epoch: 197, Average loss: 0.0107, Top1Accuracy: 0.6773, Top3Accuracy: 0.8478, Top5Accuracy: 0.9008, Time consumed:1.53s

Training Epoch: 198 [128/50000]	Loss: 0.1471	LR: 0.001182
Evaluating Network.....
Test set: Epoch: 198, Average loss: 0.0105, Top1Accuracy: 0.6815, Top3Accuracy: 0.8541, Top5Accuracy: 0.9022, Time consumed:1.53s

Training Epoch: 199 [128/50000]	Loss: 0.2690	LR: 0.001151
Evaluating Network.....
Test set: Epoch: 199, Average loss: 0.0104, Top1Accuracy: 0.6845, Top3Accuracy: 0.8560, Top5Accuracy: 0.9062, Time consumed:1.57s

Training Epoch: 200 [128/50000]	Loss: 0.2240	LR: 0.001121
Evaluating Network.....
Test set: Epoch: 200, Average loss: 0.0106, Top1Accuracy: 0.6784, Top3Accuracy: 0.8505, Top5Accuracy: 0.9031, Time consumed:1.53s

Training Epoch: 201 [128/50000]	Loss: 0.1858	LR: 0.001091
Evaluating Network.....
Test set: Epoch: 201, Average loss: 0.0107, Top1Accuracy: 0.6756, Top3Accuracy: 0.8530, Top5Accuracy: 0.9010, Time consumed:1.52s

Training Epoch: 202 [128/50000]	Loss: 0.2303	LR: 0.001062
Evaluating Network.....
Test set: Epoch: 202, Average loss: 0.0105, Top1Accuracy: 0.6808, Top3Accuracy: 0.8521, Top5Accuracy: 0.9009, Time consumed:1.53s

Training Epoch: 203 [128/50000]	Loss: 0.2537	LR: 0.001034
Evaluating Network.....
Test set: Epoch: 203, Average loss: 0.0105, Top1Accuracy: 0.6794, Top3Accuracy: 0.8513, Top5Accuracy: 0.9044, Time consumed:1.52s

Training Epoch: 204 [128/50000]	Loss: 0.3097	LR: 0.001007
Evaluating Network.....
Test set: Epoch: 204, Average loss: 0.0107, Top1Accuracy: 0.6767, Top3Accuracy: 0.8469, Top5Accuracy: 0.9019, Time consumed:1.53s

Training Epoch: 205 [128/50000]	Loss: 0.2791	LR: 0.000980
Evaluating Network.....
Test set: Epoch: 205, Average loss: 0.0105, Top1Accuracy: 0.6773, Top3Accuracy: 0.8518, Top5Accuracy: 0.9048, Time consumed:1.56s

Training Epoch: 206 [128/50000]	Loss: 0.2115	LR: 0.000954
Evaluating Network.....
Test set: Epoch: 206, Average loss: 0.0106, Top1Accuracy: 0.6795, Top3Accuracy: 0.8504, Top5Accuracy: 0.9040, Time consumed:1.54s

Training Epoch: 207 [128/50000]	Loss: 0.2528	LR: 0.000929
Evaluating Network.....
Test set: Epoch: 207, Average loss: 0.0104, Top1Accuracy: 0.6825, Top3Accuracy: 0.8543, Top5Accuracy: 0.9071, Time consumed:1.52s

Training Epoch: 208 [128/50000]	Loss: 0.2493	LR: 0.000905
Evaluating Network.....
Test set: Epoch: 208, Average loss: 0.0105, Top1Accuracy: 0.6839, Top3Accuracy: 0.8528, Top5Accuracy: 0.9060, Time consumed:1.52s

Training Epoch: 209 [128/50000]	Loss: 0.2702	LR: 0.000881
Evaluating Network.....
Test set: Epoch: 209, Average loss: 0.0104, Top1Accuracy: 0.6845, Top3Accuracy: 0.8522, Top5Accuracy: 0.9056, Time consumed:1.54s

Training Epoch: 210 [128/50000]	Loss: 0.2546	LR: 0.000858
Evaluating Network.....
Test set: Epoch: 210, Average loss: 0.0106, Top1Accuracy: 0.6776, Top3Accuracy: 0.8545, Top5Accuracy: 0.9050, Time consumed:1.54s

Training Epoch: 211 [128/50000]	Loss: 0.2792	LR: 0.000835
Evaluating Network.....
Test set: Epoch: 211, Average loss: 0.0106, Top1Accuracy: 0.6810, Top3Accuracy: 0.8561, Top5Accuracy: 0.9069, Time consumed:1.53s

Training Epoch: 212 [128/50000]	Loss: 0.2026	LR: 0.000813
Evaluating Network.....
Test set: Epoch: 212, Average loss: 0.0106, Top1Accuracy: 0.6799, Top3Accuracy: 0.8534, Top5Accuracy: 0.9048, Time consumed:1.54s

Training Epoch: 213 [128/50000]	Loss: 0.1737	LR: 0.000791
Evaluating Network.....
Test set: Epoch: 213, Average loss: 0.0107, Top1Accuracy: 0.6813, Top3Accuracy: 0.8520, Top5Accuracy: 0.9054, Time consumed:1.53s

Training Epoch: 214 [128/50000]	Loss: 0.3061	LR: 0.000771
Evaluating Network.....
Test set: Epoch: 214, Average loss: 0.0106, Top1Accuracy: 0.6802, Top3Accuracy: 0.8525, Top5Accuracy: 0.9019, Time consumed:1.56s

Training Epoch: 215 [128/50000]	Loss: 0.2492	LR: 0.000750
Evaluating Network.....
Test set: Epoch: 215, Average loss: 0.0106, Top1Accuracy: 0.6765, Top3Accuracy: 0.8522, Top5Accuracy: 0.9035, Time consumed:1.57s

Training Epoch: 216 [128/50000]	Loss: 0.2305	LR: 0.000730
Evaluating Network.....
Test set: Epoch: 216, Average loss: 0.0106, Top1Accuracy: 0.6807, Top3Accuracy: 0.8522, Top5Accuracy: 0.9043, Time consumed:1.54s

Training Epoch: 217 [128/50000]	Loss: 0.2939	LR: 0.000711
Evaluating Network.....
Test set: Epoch: 217, Average loss: 0.0106, Top1Accuracy: 0.6803, Top3Accuracy: 0.8547, Top5Accuracy: 0.9048, Time consumed:1.53s

Training Epoch: 218 [128/50000]	Loss: 0.2236	LR: 0.000692
Evaluating Network.....
Test set: Epoch: 218, Average loss: 0.0107, Top1Accuracy: 0.6823, Top3Accuracy: 0.8549, Top5Accuracy: 0.9028, Time consumed:1.53s

Training Epoch: 219 [128/50000]	Loss: 0.2809	LR: 0.000674
Evaluating Network.....
Test set: Epoch: 219, Average loss: 0.0106, Top1Accuracy: 0.6815, Top3Accuracy: 0.8525, Top5Accuracy: 0.9034, Time consumed:1.58s

Training Epoch: 220 [128/50000]	Loss: 0.2257	LR: 0.000656
Evaluating Network.....
Test set: Epoch: 220, Average loss: 0.0105, Top1Accuracy: 0.6787, Top3Accuracy: 0.8530, Top5Accuracy: 0.9043, Time consumed:1.54s

Training Epoch: 221 [128/50000]	Loss: 0.3156	LR: 0.000639
Evaluating Network.....
Test set: Epoch: 221, Average loss: 0.0106, Top1Accuracy: 0.6825, Top3Accuracy: 0.8549, Top5Accuracy: 0.9078, Time consumed:1.53s

Training Epoch: 222 [128/50000]	Loss: 0.2759	LR: 0.000622
Evaluating Network.....
Test set: Epoch: 222, Average loss: 0.0107, Top1Accuracy: 0.6836, Top3Accuracy: 0.8550, Top5Accuracy: 0.9049, Time consumed:1.53s

Training Epoch: 223 [128/50000]	Loss: 0.1855	LR: 0.000606
Evaluating Network.....
Test set: Epoch: 223, Average loss: 0.0105, Top1Accuracy: 0.6812, Top3Accuracy: 0.8570, Top5Accuracy: 0.9035, Time consumed:1.53s

Training Epoch: 224 [128/50000]	Loss: 0.1937	LR: 0.000590
Evaluating Network.....
Test set: Epoch: 224, Average loss: 0.0107, Top1Accuracy: 0.6820, Top3Accuracy: 0.8551, Top5Accuracy: 0.9043, Time consumed:1.54s

Training Epoch: 225 [128/50000]	Loss: 0.1998	LR: 0.000574
Evaluating Network.....
Test set: Epoch: 225, Average loss: 0.0105, Top1Accuracy: 0.6824, Top3Accuracy: 0.8553, Top5Accuracy: 0.9037, Time consumed:1.39s

Training Epoch: 226 [128/50000]	Loss: 0.2419	LR: 0.000559
Evaluating Network.....
Test set: Epoch: 226, Average loss: 0.0106, Top1Accuracy: 0.6853, Top3Accuracy: 0.8570, Top5Accuracy: 0.9063, Time consumed:1.53s

Training Epoch: 227 [128/50000]	Loss: 0.2411	LR: 0.000544
Evaluating Network.....
Test set: Epoch: 227, Average loss: 0.0105, Top1Accuracy: 0.6834, Top3Accuracy: 0.8573, Top5Accuracy: 0.9066, Time consumed:1.54s

Training Epoch: 228 [128/50000]	Loss: 0.1927	LR: 0.000530
Evaluating Network.....
Test set: Epoch: 228, Average loss: 0.0105, Top1Accuracy: 0.6832, Top3Accuracy: 0.8560, Top5Accuracy: 0.9063, Time consumed:1.39s

Training Epoch: 229 [128/50000]	Loss: 0.1852	LR: 0.000516
Evaluating Network.....
Test set: Epoch: 229, Average loss: 0.0106, Top1Accuracy: 0.6813, Top3Accuracy: 0.8556, Top5Accuracy: 0.9064, Time consumed:1.53s

Training Epoch: 230 [128/50000]	Loss: 0.2321	LR: 0.000502
Evaluating Network.....
Test set: Epoch: 230, Average loss: 0.0109, Top1Accuracy: 0.6793, Top3Accuracy: 0.8541, Top5Accuracy: 0.9037, Time consumed:1.54s

Training Epoch: 231 [128/50000]	Loss: 0.2202	LR: 0.000489
Evaluating Network.....
Test set: Epoch: 231, Average loss: 0.0106, Top1Accuracy: 0.6818, Top3Accuracy: 0.8544, Top5Accuracy: 0.9035, Time consumed:1.38s

Training Epoch: 232 [128/50000]	Loss: 0.1871	LR: 0.000476
Evaluating Network.....
Test set: Epoch: 232, Average loss: 0.0106, Top1Accuracy: 0.6848, Top3Accuracy: 0.8550, Top5Accuracy: 0.9061, Time consumed:1.53s

Training Epoch: 233 [128/50000]	Loss: 0.2306	LR: 0.000463
Evaluating Network.....
Test set: Epoch: 233, Average loss: 0.0106, Top1Accuracy: 0.6860, Top3Accuracy: 0.8545, Top5Accuracy: 0.9032, Time consumed:1.53s

Training Epoch: 234 [128/50000]	Loss: 0.2003	LR: 0.000451
Evaluating Network.....
Test set: Epoch: 234, Average loss: 0.0106, Top1Accuracy: 0.6806, Top3Accuracy: 0.8573, Top5Accuracy: 0.9041, Time consumed:1.41s

Training Epoch: 235 [128/50000]	Loss: 0.1551	LR: 0.000439
Evaluating Network.....
Test set: Epoch: 235, Average loss: 0.0105, Top1Accuracy: 0.6855, Top3Accuracy: 0.8570, Top5Accuracy: 0.9052, Time consumed:1.55s

Training Epoch: 236 [128/50000]	Loss: 0.2389	LR: 0.000428
Evaluating Network.....
Test set: Epoch: 236, Average loss: 0.0107, Top1Accuracy: 0.6834, Top3Accuracy: 0.8541, Top5Accuracy: 0.9054, Time consumed:1.52s

Training Epoch: 237 [128/50000]	Loss: 0.1446	LR: 0.000416
Evaluating Network.....
Test set: Epoch: 237, Average loss: 0.0105, Top1Accuracy: 0.6841, Top3Accuracy: 0.8548, Top5Accuracy: 0.9040, Time consumed:1.40s

Training Epoch: 238 [128/50000]	Loss: 0.2680	LR: 0.000405
Evaluating Network.....
Test set: Epoch: 238, Average loss: 0.0106, Top1Accuracy: 0.6825, Top3Accuracy: 0.8536, Top5Accuracy: 0.9042, Time consumed:1.55s

Training Epoch: 239 [128/50000]	Loss: 0.1912	LR: 0.000395
Evaluating Network.....
Test set: Epoch: 239, Average loss: 0.0106, Top1Accuracy: 0.6815, Top3Accuracy: 0.8525, Top5Accuracy: 0.9030, Time consumed:1.55s

Training Epoch: 240 [128/50000]	Loss: 0.1311	LR: 0.000384
Evaluating Network.....
Test set: Epoch: 240, Average loss: 0.0107, Top1Accuracy: 0.6839, Top3Accuracy: 0.8543, Top5Accuracy: 0.9047, Time consumed:1.44s

Training Epoch: 241 [128/50000]	Loss: 0.1820	LR: 0.000374
Evaluating Network.....
Test set: Epoch: 241, Average loss: 0.0106, Top1Accuracy: 0.6842, Top3Accuracy: 0.8529, Top5Accuracy: 0.9029, Time consumed:1.54s

Training Epoch: 242 [128/50000]	Loss: 0.1847	LR: 0.000364
Evaluating Network.....
Test set: Epoch: 242, Average loss: 0.0107, Top1Accuracy: 0.6852, Top3Accuracy: 0.8526, Top5Accuracy: 0.9025, Time consumed:1.54s

Training Epoch: 243 [128/50000]	Loss: 0.2533	LR: 0.000355
Evaluating Network.....
Test set: Epoch: 243, Average loss: 0.0106, Top1Accuracy: 0.6838, Top3Accuracy: 0.8550, Top5Accuracy: 0.9038, Time consumed:1.41s

Training Epoch: 244 [128/50000]	Loss: 0.1751	LR: 0.000345
Evaluating Network.....
Test set: Epoch: 244, Average loss: 0.0107, Top1Accuracy: 0.6824, Top3Accuracy: 0.8531, Top5Accuracy: 0.9034, Time consumed:1.53s

Training Epoch: 245 [128/50000]	Loss: 0.2189	LR: 0.000336
Evaluating Network.....
Test set: Epoch: 245, Average loss: 0.0106, Top1Accuracy: 0.6839, Top3Accuracy: 0.8527, Top5Accuracy: 0.9033, Time consumed:1.53s

Training Epoch: 246 [128/50000]	Loss: 0.1884	LR: 0.000327
Evaluating Network.....
Test set: Epoch: 246, Average loss: 0.0106, Top1Accuracy: 0.6858, Top3Accuracy: 0.8542, Top5Accuracy: 0.9042, Time consumed:1.40s

Training Epoch: 247 [128/50000]	Loss: 0.1729	LR: 0.000319
Evaluating Network.....
Test set: Epoch: 247, Average loss: 0.0107, Top1Accuracy: 0.6829, Top3Accuracy: 0.8546, Top5Accuracy: 0.9033, Time consumed:1.56s

Training Epoch: 248 [128/50000]	Loss: 0.2293	LR: 0.000310
Evaluating Network.....
Test set: Epoch: 248, Average loss: 0.0107, Top1Accuracy: 0.6823, Top3Accuracy: 0.8545, Top5Accuracy: 0.9038, Time consumed:1.53s

Training Epoch: 249 [128/50000]	Loss: 0.2218	LR: 0.000302
Evaluating Network.....
Test set: Epoch: 249, Average loss: 0.0107, Top1Accuracy: 0.6808, Top3Accuracy: 0.8549, Top5Accuracy: 0.9054, Time consumed:1.44s

Training Epoch: 250 [128/50000]	Loss: 0.2152	LR: 0.000294
Evaluating Network.....
Test set: Epoch: 250, Average loss: 0.0106, Top1Accuracy: 0.6810, Top3Accuracy: 0.8528, Top5Accuracy: 0.9041, Time consumed:1.53s

Training Epoch: 251 [128/50000]	Loss: 0.1578	LR: 0.000286
Evaluating Network.....
Test set: Epoch: 251, Average loss: 0.0108, Top1Accuracy: 0.6800, Top3Accuracy: 0.8545, Top5Accuracy: 0.9038, Time consumed:1.52s

Training Epoch: 252 [128/50000]	Loss: 0.2311	LR: 0.000279
Evaluating Network.....
Test set: Epoch: 252, Average loss: 0.0107, Top1Accuracy: 0.6812, Top3Accuracy: 0.8542, Top5Accuracy: 0.9035, Time consumed:1.40s

Training Epoch: 253 [128/50000]	Loss: 0.2143	LR: 0.000271
Evaluating Network.....
Test set: Epoch: 253, Average loss: 0.0106, Top1Accuracy: 0.6821, Top3Accuracy: 0.8527, Top5Accuracy: 0.9029, Time consumed:1.54s

Training Epoch: 254 [128/50000]	Loss: 0.2954	LR: 0.000264
Evaluating Network.....
Test set: Epoch: 254, Average loss: 0.0106, Top1Accuracy: 0.6832, Top3Accuracy: 0.8552, Top5Accuracy: 0.9052, Time consumed:1.54s

Training Epoch: 255 [128/50000]	Loss: 0.2186	LR: 0.000257
Evaluating Network.....
Test set: Epoch: 255, Average loss: 0.0107, Top1Accuracy: 0.6822, Top3Accuracy: 0.8545, Top5Accuracy: 0.9044, Time consumed:1.40s

Training Epoch: 256 [128/50000]	Loss: 0.1929	LR: 0.000250
Evaluating Network.....
Test set: Epoch: 256, Average loss: 0.0107, Top1Accuracy: 0.6806, Top3Accuracy: 0.8531, Top5Accuracy: 0.9032, Time consumed:1.53s

Training Epoch: 257 [128/50000]	Loss: 0.1438	LR: 0.000244
Evaluating Network.....
Test set: Epoch: 257, Average loss: 0.0106, Top1Accuracy: 0.6801, Top3Accuracy: 0.8575, Top5Accuracy: 0.9052, Time consumed:1.54s

Training Epoch: 258 [128/50000]	Loss: 0.2324	LR: 0.000237
Evaluating Network.....
Test set: Epoch: 258, Average loss: 0.0107, Top1Accuracy: 0.6822, Top3Accuracy: 0.8560, Top5Accuracy: 0.9055, Time consumed:1.41s

Training Epoch: 259 [128/50000]	Loss: 0.1960	LR: 0.000231
Evaluating Network.....
Test set: Epoch: 259, Average loss: 0.0107, Top1Accuracy: 0.6819, Top3Accuracy: 0.8547, Top5Accuracy: 0.9044, Time consumed:1.53s

Training Epoch: 260 [128/50000]	Loss: 0.2311	LR: 0.000225
Evaluating Network.....
Test set: Epoch: 260, Average loss: 0.0106, Top1Accuracy: 0.6810, Top3Accuracy: 0.8547, Top5Accuracy: 0.9050, Time consumed:1.54s

Training Epoch: 261 [128/50000]	Loss: 0.1572	LR: 0.000219
Evaluating Network.....
Test set: Epoch: 261, Average loss: 0.0107, Top1Accuracy: 0.6829, Top3Accuracy: 0.8550, Top5Accuracy: 0.9049, Time consumed:1.40s

Training Epoch: 262 [128/50000]	Loss: 0.2931	LR: 0.000213
Evaluating Network.....
Test set: Epoch: 262, Average loss: 0.0107, Top1Accuracy: 0.6816, Top3Accuracy: 0.8524, Top5Accuracy: 0.9029, Time consumed:1.56s

Training Epoch: 263 [128/50000]	Loss: 0.1690	LR: 0.000208
Evaluating Network.....
Test set: Epoch: 263, Average loss: 0.0107, Top1Accuracy: 0.6843, Top3Accuracy: 0.8544, Top5Accuracy: 0.9048, Time consumed:1.54s

Training Epoch: 264 [128/50000]	Loss: 0.2274	LR: 0.000202
Evaluating Network.....
Test set: Epoch: 264, Average loss: 0.0107, Top1Accuracy: 0.6821, Top3Accuracy: 0.8563, Top5Accuracy: 0.9043, Time consumed:1.40s

Training Epoch: 265 [128/50000]	Loss: 0.1048	LR: 0.000197
Evaluating Network.....
Test set: Epoch: 265, Average loss: 0.0108, Top1Accuracy: 0.6819, Top3Accuracy: 0.8555, Top5Accuracy: 0.9045, Time consumed:1.57s

Training Epoch: 266 [128/50000]	Loss: 0.2169	LR: 0.000192
Evaluating Network.....
Test set: Epoch: 266, Average loss: 0.0107, Top1Accuracy: 0.6832, Top3Accuracy: 0.8537, Top5Accuracy: 0.9056, Time consumed:1.54s

Training Epoch: 267 [128/50000]	Loss: 0.1858	LR: 0.000187
Evaluating Network.....
Test set: Epoch: 267, Average loss: 0.0106, Top1Accuracy: 0.6832, Top3Accuracy: 0.8552, Top5Accuracy: 0.9052, Time consumed:1.41s

Training Epoch: 268 [128/50000]	Loss: 0.1712	LR: 0.000182
Evaluating Network.....
Test set: Epoch: 268, Average loss: 0.0108, Top1Accuracy: 0.6825, Top3Accuracy: 0.8560, Top5Accuracy: 0.9061, Time consumed:1.54s

Training Epoch: 269 [128/50000]	Loss: 0.1473	LR: 0.000177
Evaluating Network.....
Test set: Epoch: 269, Average loss: 0.0106, Top1Accuracy: 0.6814, Top3Accuracy: 0.8537, Top5Accuracy: 0.9057, Time consumed:1.54s

Training Epoch: 270 [128/50000]	Loss: 0.1841	LR: 0.000172
Evaluating Network.....
Test set: Epoch: 270, Average loss: 0.0107, Top1Accuracy: 0.6811, Top3Accuracy: 0.8547, Top5Accuracy: 0.9040, Time consumed:1.40s

Training Epoch: 271 [128/50000]	Loss: 0.1553	LR: 0.000168
Evaluating Network.....
Test set: Epoch: 271, Average loss: 0.0106, Top1Accuracy: 0.6835, Top3Accuracy: 0.8550, Top5Accuracy: 0.9047, Time consumed:1.53s

Training Epoch: 272 [128/50000]	Loss: 0.1585	LR: 0.000163
Evaluating Network.....
Test set: Epoch: 272, Average loss: 0.0106, Top1Accuracy: 0.6831, Top3Accuracy: 0.8553, Top5Accuracy: 0.9063, Time consumed:1.52s

Training Epoch: 273 [128/50000]	Loss: 0.2250	LR: 0.000159
Evaluating Network.....
Test set: Epoch: 273, Average loss: 0.0107, Top1Accuracy: 0.6804, Top3Accuracy: 0.8544, Top5Accuracy: 0.9052, Time consumed:1.44s

Training Epoch: 274 [128/50000]	Loss: 0.1799	LR: 0.000155
Evaluating Network.....
Test set: Epoch: 274, Average loss: 0.0107, Top1Accuracy: 0.6796, Top3Accuracy: 0.8533, Top5Accuracy: 0.9048, Time consumed:1.54s

Training Epoch: 275 [128/50000]	Loss: 0.1804	LR: 0.000151
Evaluating Network.....
Test set: Epoch: 275, Average loss: 0.0108, Top1Accuracy: 0.6812, Top3Accuracy: 0.8526, Top5Accuracy: 0.9040, Time consumed:1.56s

Training Epoch: 276 [128/50000]	Loss: 0.1781	LR: 0.000147
Evaluating Network.....
Test set: Epoch: 276, Average loss: 0.0107, Top1Accuracy: 0.6839, Top3Accuracy: 0.8561, Top5Accuracy: 0.9052, Time consumed:1.40s

Training Epoch: 277 [128/50000]	Loss: 0.1045	LR: 0.000143
Evaluating Network.....
Test set: Epoch: 277, Average loss: 0.0107, Top1Accuracy: 0.6833, Top3Accuracy: 0.8561, Top5Accuracy: 0.9058, Time consumed:1.54s

Training Epoch: 278 [128/50000]	Loss: 0.2608	LR: 0.000139
Evaluating Network.....
Test set: Epoch: 278, Average loss: 0.0108, Top1Accuracy: 0.6827, Top3Accuracy: 0.8571, Top5Accuracy: 0.9050, Time consumed:1.54s

Training Epoch: 279 [128/50000]	Loss: 0.1956	LR: 0.000135
Evaluating Network.....
Test set: Epoch: 279, Average loss: 0.0106, Top1Accuracy: 0.6833, Top3Accuracy: 0.8545, Top5Accuracy: 0.9054, Time consumed:1.40s

Training Epoch: 280 [128/50000]	Loss: 0.1587	LR: 0.000132
Evaluating Network.....
Test set: Epoch: 280, Average loss: 0.0106, Top1Accuracy: 0.6853, Top3Accuracy: 0.8555, Top5Accuracy: 0.9054, Time consumed:1.52s

Training Epoch: 281 [128/50000]	Loss: 0.1802	LR: 0.000128
Evaluating Network.....
Test set: Epoch: 281, Average loss: 0.0107, Top1Accuracy: 0.6825, Top3Accuracy: 0.8561, Top5Accuracy: 0.9034, Time consumed:1.52s

Training Epoch: 282 [128/50000]	Loss: 0.1756	LR: 0.000125
Evaluating Network.....
Test set: Epoch: 282, Average loss: 0.0107, Top1Accuracy: 0.6830, Top3Accuracy: 0.8550, Top5Accuracy: 0.9034, Time consumed:1.39s

Training Epoch: 283 [128/50000]	Loss: 0.1457	LR: 0.000122
Evaluating Network.....
Test set: Epoch: 283, Average loss: 0.0106, Top1Accuracy: 0.6827, Top3Accuracy: 0.8557, Top5Accuracy: 0.9052, Time consumed:1.55s

Training Epoch: 284 [128/50000]	Loss: 0.2801	LR: 0.000118
Evaluating Network.....
Test set: Epoch: 284, Average loss: 0.0107, Top1Accuracy: 0.6832, Top3Accuracy: 0.8568, Top5Accuracy: 0.9040, Time consumed:1.53s

Training Epoch: 285 [128/50000]	Loss: 0.1812	LR: 0.000115
Evaluating Network.....
Test set: Epoch: 285, Average loss: 0.0108, Top1Accuracy: 0.6821, Top3Accuracy: 0.8556, Top5Accuracy: 0.9039, Time consumed:1.39s

Training Epoch: 286 [128/50000]	Loss: 0.2656	LR: 0.000112
Evaluating Network.....
Test set: Epoch: 286, Average loss: 0.0107, Top1Accuracy: 0.6828, Top3Accuracy: 0.8565, Top5Accuracy: 0.9038, Time consumed:1.53s

Training Epoch: 287 [128/50000]	Loss: 0.2310	LR: 0.000109
Evaluating Network.....
Test set: Epoch: 287, Average loss: 0.0107, Top1Accuracy: 0.6805, Top3Accuracy: 0.8557, Top5Accuracy: 0.9043, Time consumed:1.54s

Training Epoch: 288 [128/50000]	Loss: 0.2036	LR: 0.000106
Evaluating Network.....
Test set: Epoch: 288, Average loss: 0.0107, Top1Accuracy: 0.6833, Top3Accuracy: 0.8564, Top5Accuracy: 0.9062, Time consumed:1.40s

Training Epoch: 289 [128/50000]	Loss: 0.1796	LR: 0.000104
Evaluating Network.....
Test set: Epoch: 289, Average loss: 0.0106, Top1Accuracy: 0.6841, Top3Accuracy: 0.8567, Top5Accuracy: 0.9033, Time consumed:1.55s

Training Epoch: 290 [128/50000]	Loss: 0.2923	LR: 0.000101
Evaluating Network.....
Test set: Epoch: 290, Average loss: 0.0108, Top1Accuracy: 0.6828, Top3Accuracy: 0.8550, Top5Accuracy: 0.9042, Time consumed:1.54s

Training Epoch: 291 [128/50000]	Loss: 0.1740	LR: 0.000098
Evaluating Network.....
Test set: Epoch: 291, Average loss: 0.0108, Top1Accuracy: 0.6827, Top3Accuracy: 0.8565, Top5Accuracy: 0.9043, Time consumed:1.40s

Training Epoch: 292 [128/50000]	Loss: 0.1854	LR: 0.000096
Evaluating Network.....
Test set: Epoch: 292, Average loss: 0.0107, Top1Accuracy: 0.6838, Top3Accuracy: 0.8548, Top5Accuracy: 0.9054, Time consumed:1.53s

Training Epoch: 293 [128/50000]	Loss: 0.1899	LR: 0.000093
Evaluating Network.....
Test set: Epoch: 293, Average loss: 0.0107, Top1Accuracy: 0.6813, Top3Accuracy: 0.8543, Top5Accuracy: 0.9050, Time consumed:1.53s

Training Epoch: 294 [128/50000]	Loss: 0.2159	LR: 0.000091
Evaluating Network.....
Test set: Epoch: 294, Average loss: 0.0107, Top1Accuracy: 0.6819, Top3Accuracy: 0.8567, Top5Accuracy: 0.9034, Time consumed:1.41s

Training Epoch: 295 [128/50000]	Loss: 0.1702	LR: 0.000088
Evaluating Network.....
Test set: Epoch: 295, Average loss: 0.0106, Top1Accuracy: 0.6818, Top3Accuracy: 0.8548, Top5Accuracy: 0.9043, Time consumed:1.53s

Training Epoch: 296 [128/50000]	Loss: 0.1676	LR: 0.000086
Evaluating Network.....
Test set: Epoch: 296, Average loss: 0.0108, Top1Accuracy: 0.6838, Top3Accuracy: 0.8552, Top5Accuracy: 0.9061, Time consumed:1.53s

Training Epoch: 297 [128/50000]	Loss: 0.1313	LR: 0.000084
Evaluating Network.....
Test set: Epoch: 297, Average loss: 0.0107, Top1Accuracy: 0.6805, Top3Accuracy: 0.8544, Top5Accuracy: 0.9049, Time consumed:1.44s

Training Epoch: 298 [128/50000]	Loss: 0.1245	LR: 0.000081
Evaluating Network.....
Test set: Epoch: 298, Average loss: 0.0108, Top1Accuracy: 0.6847, Top3Accuracy: 0.8557, Top5Accuracy: 0.9054, Time consumed:1.53s

Training Epoch: 299 [128/50000]	Loss: 0.0907	LR: 0.000079
Evaluating Network.....
Test set: Epoch: 299, Average loss: 0.0107, Top1Accuracy: 0.6847, Top3Accuracy: 0.8553, Top5Accuracy: 0.9037, Time consumed:1.53s

Training Epoch: 300 [128/50000]	Loss: 0.2722	LR: 0.000077
Evaluating Network.....
Test set: Epoch: 300, Average loss: 0.0107, Top1Accuracy: 0.6830, Top3Accuracy: 0.8554, Top5Accuracy: 0.9048, Time consumed:1.39s

Training Epoch: 301 [128/50000]	Loss: 0.1885	LR: 0.000075
Evaluating Network.....
Test set: Epoch: 301, Average loss: 0.0108, Top1Accuracy: 0.6842, Top3Accuracy: 0.8532, Top5Accuracy: 0.9033, Time consumed:1.58s

Training Epoch: 302 [128/50000]	Loss: 0.1926	LR: 0.000073
Evaluating Network.....
Test set: Epoch: 302, Average loss: 0.0107, Top1Accuracy: 0.6842, Top3Accuracy: 0.8548, Top5Accuracy: 0.9040, Time consumed:1.52s

Training Epoch: 303 [128/50000]	Loss: 0.1010	LR: 0.000071
Evaluating Network.....
Test set: Epoch: 303, Average loss: 0.0106, Top1Accuracy: 0.6832, Top3Accuracy: 0.8560, Top5Accuracy: 0.9041, Time consumed:1.40s

Training Epoch: 304 [128/50000]	Loss: 0.2191	LR: 0.000069
Evaluating Network.....
Test set: Epoch: 304, Average loss: 0.0107, Top1Accuracy: 0.6837, Top3Accuracy: 0.8566, Top5Accuracy: 0.9037, Time consumed:1.53s

Training Epoch: 305 [128/50000]	Loss: 0.1584	LR: 0.000068
Evaluating Network.....
Test set: Epoch: 305, Average loss: 0.0107, Top1Accuracy: 0.6826, Top3Accuracy: 0.8540, Top5Accuracy: 0.9046, Time consumed:1.54s

Training Epoch: 306 [128/50000]	Loss: 0.2347	LR: 0.000066
Evaluating Network.....
Test set: Epoch: 306, Average loss: 0.0106, Top1Accuracy: 0.6850, Top3Accuracy: 0.8553, Top5Accuracy: 0.9061, Time consumed:1.39s

Training Epoch: 307 [128/50000]	Loss: 0.1809	LR: 0.000064
Evaluating Network.....
Test set: Epoch: 307, Average loss: 0.0107, Top1Accuracy: 0.6829, Top3Accuracy: 0.8552, Top5Accuracy: 0.9043, Time consumed:1.53s

Training Epoch: 308 [128/50000]	Loss: 0.1485	LR: 0.000062
Evaluating Network.....
Test set: Epoch: 308, Average loss: 0.0107, Top1Accuracy: 0.6838, Top3Accuracy: 0.8557, Top5Accuracy: 0.9054, Time consumed:1.53s

Training Epoch: 309 [128/50000]	Loss: 0.1667	LR: 0.000061
Evaluating Network.....
Test set: Epoch: 309, Average loss: 0.0108, Top1Accuracy: 0.6838, Top3Accuracy: 0.8546, Top5Accuracy: 0.9059, Time consumed:1.37s

Training Epoch: 310 [128/50000]	Loss: 0.1886	LR: 0.000059
Evaluating Network.....
Test set: Epoch: 310, Average loss: 0.0107, Top1Accuracy: 0.6827, Top3Accuracy: 0.8570, Top5Accuracy: 0.9042, Time consumed:1.55s

Training Epoch: 311 [128/50000]	Loss: 0.1498	LR: 0.000058
Evaluating Network.....
Test set: Epoch: 311, Average loss: 0.0108, Top1Accuracy: 0.6833, Top3Accuracy: 0.8546, Top5Accuracy: 0.9038, Time consumed:1.54s

Training Epoch: 312 [128/50000]	Loss: 0.1905	LR: 0.000056
Evaluating Network.....
Test set: Epoch: 312, Average loss: 0.0107, Top1Accuracy: 0.6838, Top3Accuracy: 0.8553, Top5Accuracy: 0.9047, Time consumed:1.32s

Training Epoch: 313 [128/50000]	Loss: 0.1534	LR: 0.000055
Evaluating Network.....
Test set: Epoch: 313, Average loss: 0.0107, Top1Accuracy: 0.6838, Top3Accuracy: 0.8562, Top5Accuracy: 0.9049, Time consumed:1.53s

Training Epoch: 314 [128/50000]	Loss: 0.1740	LR: 0.000053
Evaluating Network.....
Test set: Epoch: 314, Average loss: 0.0107, Top1Accuracy: 0.6824, Top3Accuracy: 0.8559, Top5Accuracy: 0.9050, Time consumed:1.53s

Training Epoch: 315 [128/50000]	Loss: 0.1778	LR: 0.000052
Evaluating Network.....
Test set: Epoch: 315, Average loss: 0.0107, Top1Accuracy: 0.6841, Top3Accuracy: 0.8551, Top5Accuracy: 0.9050, Time consumed:1.36s

Training Epoch: 316 [128/50000]	Loss: 0.1355	LR: 0.000050
Evaluating Network.....
Test set: Epoch: 316, Average loss: 0.0107, Top1Accuracy: 0.6828, Top3Accuracy: 0.8567, Top5Accuracy: 0.9054, Time consumed:1.53s

Training Epoch: 317 [128/50000]	Loss: 0.1398	LR: 0.000049
Evaluating Network.....
Test set: Epoch: 317, Average loss: 0.0108, Top1Accuracy: 0.6831, Top3Accuracy: 0.8561, Top5Accuracy: 0.9059, Time consumed:1.53s

Training Epoch: 318 [128/50000]	Loss: 0.1782	LR: 0.000048
Evaluating Network.....
Test set: Epoch: 318, Average loss: 0.0108, Top1Accuracy: 0.6819, Top3Accuracy: 0.8554, Top5Accuracy: 0.9045, Time consumed:1.39s

Training Epoch: 319 [128/50000]	Loss: 0.1276	LR: 0.000046
Evaluating Network.....
Test set: Epoch: 319, Average loss: 0.0106, Top1Accuracy: 0.6833, Top3Accuracy: 0.8546, Top5Accuracy: 0.9043, Time consumed:1.52s

Training Epoch: 320 [128/50000]	Loss: 0.2094	LR: 0.000045
Evaluating Network.....
Test set: Epoch: 320, Average loss: 0.0107, Top1Accuracy: 0.6828, Top3Accuracy: 0.8554, Top5Accuracy: 0.9047, Time consumed:1.53s

Training Epoch: 321 [128/50000]	Loss: 0.1761	LR: 0.000044
Evaluating Network.....
Test set: Epoch: 321, Average loss: 0.0107, Top1Accuracy: 0.6831, Top3Accuracy: 0.8550, Top5Accuracy: 0.9053, Time consumed:1.41s

Training Epoch: 322 [128/50000]	Loss: 0.1679	LR: 0.000043
Evaluating Network.....
Test set: Epoch: 322, Average loss: 0.0108, Top1Accuracy: 0.6838, Top3Accuracy: 0.8556, Top5Accuracy: 0.9044, Time consumed:1.54s

Training Epoch: 323 [128/50000]	Loss: 0.1668	LR: 0.000042
Evaluating Network.....
Test set: Epoch: 323, Average loss: 0.0107, Top1Accuracy: 0.6837, Top3Accuracy: 0.8545, Top5Accuracy: 0.9037, Time consumed:1.53s

Training Epoch: 324 [128/50000]	Loss: 0.1637	LR: 0.000041
Evaluating Network.....
Test set: Epoch: 324, Average loss: 0.0106, Top1Accuracy: 0.6849, Top3Accuracy: 0.8531, Top5Accuracy: 0.9043, Time consumed:1.53s

Training Epoch: 325 [128/50000]	Loss: 0.1281	LR: 0.000040
Evaluating Network.....
Test set: Epoch: 325, Average loss: 0.0107, Top1Accuracy: 0.6839, Top3Accuracy: 0.8547, Top5Accuracy: 0.9045, Time consumed:1.54s

Training Epoch: 326 [128/50000]	Loss: 0.1851	LR: 0.000038
Evaluating Network.....
Test set: Epoch: 326, Average loss: 0.0107, Top1Accuracy: 0.6826, Top3Accuracy: 0.8546, Top5Accuracy: 0.9060, Time consumed:1.56s

Training Epoch: 327 [128/50000]	Loss: 0.2222	LR: 0.000037
Evaluating Network.....
Test set: Epoch: 327, Average loss: 0.0108, Top1Accuracy: 0.6830, Top3Accuracy: 0.8557, Top5Accuracy: 0.9053, Time consumed:1.52s

Training Epoch: 328 [128/50000]	Loss: 0.1441	LR: 0.000036
Evaluating Network.....
Test set: Epoch: 328, Average loss: 0.0108, Top1Accuracy: 0.6817, Top3Accuracy: 0.8537, Top5Accuracy: 0.9052, Time consumed:1.54s

Training Epoch: 329 [128/50000]	Loss: 0.2157	LR: 0.000036
Evaluating Network.....
Test set: Epoch: 329, Average loss: 0.0107, Top1Accuracy: 0.6838, Top3Accuracy: 0.8538, Top5Accuracy: 0.9043, Time consumed:1.53s

Training Epoch: 330 [128/50000]	Loss: 0.1865	LR: 0.000035
Evaluating Network.....
Test set: Epoch: 330, Average loss: 0.0108, Top1Accuracy: 0.6814, Top3Accuracy: 0.8552, Top5Accuracy: 0.9045, Time consumed:1.52s

Training Epoch: 331 [128/50000]	Loss: 0.1982	LR: 0.000034
Evaluating Network.....
Test set: Epoch: 331, Average loss: 0.0107, Top1Accuracy: 0.6830, Top3Accuracy: 0.8554, Top5Accuracy: 0.9057, Time consumed:1.52s

Training Epoch: 332 [128/50000]	Loss: 0.1271	LR: 0.000033
Evaluating Network.....
Test set: Epoch: 332, Average loss: 0.0107, Top1Accuracy: 0.6832, Top3Accuracy: 0.8531, Top5Accuracy: 0.9035, Time consumed:1.53s

Training Epoch: 333 [128/50000]	Loss: 0.2677	LR: 0.000032
Evaluating Network.....
Test set: Epoch: 333, Average loss: 0.0107, Top1Accuracy: 0.6847, Top3Accuracy: 0.8567, Top5Accuracy: 0.9069, Time consumed:1.56s

Training Epoch: 334 [128/50000]	Loss: 0.2520	LR: 0.000031
Evaluating Network.....
Test set: Epoch: 334, Average loss: 0.0108, Top1Accuracy: 0.6835, Top3Accuracy: 0.8559, Top5Accuracy: 0.9056, Time consumed:1.53s

Training Epoch: 335 [128/50000]	Loss: 0.2106	LR: 0.000030
Evaluating Network.....
Test set: Epoch: 335, Average loss: 0.0107, Top1Accuracy: 0.6834, Top3Accuracy: 0.8561, Top5Accuracy: 0.9049, Time consumed:1.53s

Training Epoch: 336 [128/50000]	Loss: 0.2291	LR: 0.000029
Evaluating Network.....
Test set: Epoch: 336, Average loss: 0.0108, Top1Accuracy: 0.6838, Top3Accuracy: 0.8564, Top5Accuracy: 0.9057, Time consumed:1.54s

Training Epoch: 337 [128/50000]	Loss: 0.1213	LR: 0.000029
Evaluating Network.....
Test set: Epoch: 337, Average loss: 0.0107, Top1Accuracy: 0.6849, Top3Accuracy: 0.8565, Top5Accuracy: 0.9053, Time consumed:1.53s

Training Epoch: 338 [128/50000]	Loss: 0.1676	LR: 0.000028
Evaluating Network.....
Test set: Epoch: 338, Average loss: 0.0107, Top1Accuracy: 0.6843, Top3Accuracy: 0.8561, Top5Accuracy: 0.9053, Time consumed:1.52s

Training Epoch: 339 [128/50000]	Loss: 0.1329	LR: 0.000027
Evaluating Network.....
Test set: Epoch: 339, Average loss: 0.0107, Top1Accuracy: 0.6837, Top3Accuracy: 0.8553, Top5Accuracy: 0.9039, Time consumed:1.53s

Training Epoch: 340 [128/50000]	Loss: 0.1887	LR: 0.000026
Evaluating Network.....
Test set: Epoch: 340, Average loss: 0.0106, Top1Accuracy: 0.6838, Top3Accuracy: 0.8560, Top5Accuracy: 0.9060, Time consumed:1.52s

Training Epoch: 341 [128/50000]	Loss: 0.2013	LR: 0.000026
Evaluating Network.....
Test set: Epoch: 341, Average loss: 0.0106, Top1Accuracy: 0.6852, Top3Accuracy: 0.8563, Top5Accuracy: 0.9053, Time consumed:1.57s

Training Epoch: 342 [128/50000]	Loss: 0.1615	LR: 0.000025
Evaluating Network.....
Test set: Epoch: 342, Average loss: 0.0107, Top1Accuracy: 0.6834, Top3Accuracy: 0.8552, Top5Accuracy: 0.9065, Time consumed:1.53s

Training Epoch: 343 [128/50000]	Loss: 0.1919	LR: 0.000024
Evaluating Network.....
Test set: Epoch: 343, Average loss: 0.0107, Top1Accuracy: 0.6843, Top3Accuracy: 0.8553, Top5Accuracy: 0.9055, Time consumed:1.60s

Training Epoch: 344 [128/50000]	Loss: 0.1123	LR: 0.000024
Evaluating Network.....
Test set: Epoch: 344, Average loss: 0.0107, Top1Accuracy: 0.6845, Top3Accuracy: 0.8551, Top5Accuracy: 0.9055, Time consumed:1.54s

Training Epoch: 345 [128/50000]	Loss: 0.1486	LR: 0.000023
Evaluating Network.....
Test set: Epoch: 345, Average loss: 0.0107, Top1Accuracy: 0.6846, Top3Accuracy: 0.8537, Top5Accuracy: 0.9047, Time consumed:1.54s

Training Epoch: 346 [128/50000]	Loss: 0.2301	LR: 0.000023
Evaluating Network.....
Test set: Epoch: 346, Average loss: 0.0107, Top1Accuracy: 0.6844, Top3Accuracy: 0.8553, Top5Accuracy: 0.9056, Time consumed:1.53s

Training Epoch: 347 [128/50000]	Loss: 0.1146	LR: 0.000022
Evaluating Network.....
Test set: Epoch: 347, Average loss: 0.0106, Top1Accuracy: 0.6856, Top3Accuracy: 0.8574, Top5Accuracy: 0.9055, Time consumed:1.53s

Training Epoch: 348 [128/50000]	Loss: 0.1753	LR: 0.000021
Evaluating Network.....
Test set: Epoch: 348, Average loss: 0.0107, Top1Accuracy: 0.6836, Top3Accuracy: 0.8544, Top5Accuracy: 0.9064, Time consumed:1.53s

Training Epoch: 349 [128/50000]	Loss: 0.2919	LR: 0.000021
Evaluating Network.....
Test set: Epoch: 349, Average loss: 0.0107, Top1Accuracy: 0.6838, Top3Accuracy: 0.8554, Top5Accuracy: 0.9041, Time consumed:1.53s

Training Epoch: 350 [128/50000]	Loss: 0.1578	LR: 0.000020
Evaluating Network.....
Test set: Epoch: 350, Average loss: 0.0107, Top1Accuracy: 0.6842, Top3Accuracy: 0.8557, Top5Accuracy: 0.9052, Time consumed:1.53s

Training Epoch: 351 [128/50000]	Loss: 0.1783	LR: 0.000020
Evaluating Network.....
Test set: Epoch: 351, Average loss: 0.0109, Top1Accuracy: 0.6846, Top3Accuracy: 0.8564, Top5Accuracy: 0.9049, Time consumed:1.53s

Training Epoch: 352 [128/50000]	Loss: 0.1947	LR: 0.000019
Evaluating Network.....
Test set: Epoch: 352, Average loss: 0.0108, Top1Accuracy: 0.6833, Top3Accuracy: 0.8544, Top5Accuracy: 0.9051, Time consumed:1.52s

Training Epoch: 353 [128/50000]	Loss: 0.1806	LR: 0.000019
Evaluating Network.....
Test set: Epoch: 353, Average loss: 0.0107, Top1Accuracy: 0.6860, Top3Accuracy: 0.8557, Top5Accuracy: 0.9056, Time consumed:1.53s

Training Epoch: 354 [128/50000]	Loss: 0.1179	LR: 0.000018
Evaluating Network.....
Test set: Epoch: 354, Average loss: 0.0107, Top1Accuracy: 0.6842, Top3Accuracy: 0.8556, Top5Accuracy: 0.9067, Time consumed:1.55s

Training Epoch: 355 [128/50000]	Loss: 0.1415	LR: 0.000018
Evaluating Network.....
Test set: Epoch: 355, Average loss: 0.0107, Top1Accuracy: 0.6839, Top3Accuracy: 0.8554, Top5Accuracy: 0.9041, Time consumed:1.52s

Training Epoch: 356 [128/50000]	Loss: 0.1632	LR: 0.000017
Evaluating Network.....
Test set: Epoch: 356, Average loss: 0.0107, Top1Accuracy: 0.6839, Top3Accuracy: 0.8550, Top5Accuracy: 0.9052, Time consumed:1.53s

Training Epoch: 357 [128/50000]	Loss: 0.2926	LR: 0.000017
Evaluating Network.....
Test set: Epoch: 357, Average loss: 0.0107, Top1Accuracy: 0.6841, Top3Accuracy: 0.8560, Top5Accuracy: 0.9049, Time consumed:1.52s

Training Epoch: 358 [128/50000]	Loss: 0.1195	LR: 0.000016
Evaluating Network.....
Test set: Epoch: 358, Average loss: 0.0107, Top1Accuracy: 0.6843, Top3Accuracy: 0.8561, Top5Accuracy: 0.9050, Time consumed:1.53s

Training Epoch: 359 [128/50000]	Loss: 0.1445	LR: 0.000016
Evaluating Network.....
Test set: Epoch: 359, Average loss: 0.0108, Top1Accuracy: 0.6832, Top3Accuracy: 0.8547, Top5Accuracy: 0.9048, Time consumed:1.53s

Training Epoch: 360 [128/50000]	Loss: 0.1685	LR: 0.000016
Evaluating Network.....
Test set: Epoch: 360, Average loss: 0.0108, Top1Accuracy: 0.6857, Top3Accuracy: 0.8569, Top5Accuracy: 0.9046, Time consumed:1.54s

Training Epoch: 361 [128/50000]	Loss: 0.1240	LR: 0.000015
Evaluating Network.....
Test set: Epoch: 361, Average loss: 0.0107, Top1Accuracy: 0.6843, Top3Accuracy: 0.8564, Top5Accuracy: 0.9051, Time consumed:1.53s

Training Epoch: 362 [128/50000]	Loss: 0.1164	LR: 0.000015
Evaluating Network.....
Test set: Epoch: 362, Average loss: 0.0108, Top1Accuracy: 0.6846, Top3Accuracy: 0.8549, Top5Accuracy: 0.9046, Time consumed:1.53s

Training Epoch: 363 [128/50000]	Loss: 0.1826	LR: 0.000014
Evaluating Network.....
Test set: Epoch: 363, Average loss: 0.0106, Top1Accuracy: 0.6845, Top3Accuracy: 0.8565, Top5Accuracy: 0.9051, Time consumed:1.57s

Training Epoch: 364 [128/50000]	Loss: 0.1766	LR: 0.000014
Evaluating Network.....
Test set: Epoch: 364, Average loss: 0.0107, Top1Accuracy: 0.6837, Top3Accuracy: 0.8558, Top5Accuracy: 0.9050, Time consumed:1.53s

Training Epoch: 365 [128/50000]	Loss: 0.1777	LR: 0.000014
Evaluating Network.....
Test set: Epoch: 365, Average loss: 0.0107, Top1Accuracy: 0.6844, Top3Accuracy: 0.8561, Top5Accuracy: 0.9056, Time consumed:1.54s

Training Epoch: 366 [128/50000]	Loss: 0.1445	LR: 0.000013
Evaluating Network.....
Test set: Epoch: 366, Average loss: 0.0106, Top1Accuracy: 0.6847, Top3Accuracy: 0.8558, Top5Accuracy: 0.9052, Time consumed:1.54s

Training Epoch: 367 [128/50000]	Loss: 0.2379	LR: 0.000013
Evaluating Network.....
Test set: Epoch: 367, Average loss: 0.0107, Top1Accuracy: 0.6814, Top3Accuracy: 0.8554, Top5Accuracy: 0.9045, Time consumed:1.53s

Training Epoch: 368 [128/50000]	Loss: 0.1767	LR: 0.000013
Evaluating Network.....
Test set: Epoch: 368, Average loss: 0.0108, Top1Accuracy: 0.6849, Top3Accuracy: 0.8561, Top5Accuracy: 0.9057, Time consumed:1.54s

Training Epoch: 369 [128/50000]	Loss: 0.2380	LR: 0.000012
Evaluating Network.....
Test set: Epoch: 369, Average loss: 0.0107, Top1Accuracy: 0.6837, Top3Accuracy: 0.8552, Top5Accuracy: 0.9062, Time consumed:1.54s

Training Epoch: 370 [128/50000]	Loss: 0.2282	LR: 0.000012
Evaluating Network.....
Test set: Epoch: 370, Average loss: 0.0107, Top1Accuracy: 0.6842, Top3Accuracy: 0.8548, Top5Accuracy: 0.9066, Time consumed:1.54s

Training Epoch: 371 [128/50000]	Loss: 0.1524	LR: 0.000012
Evaluating Network.....
Test set: Epoch: 371, Average loss: 0.0108, Top1Accuracy: 0.6839, Top3Accuracy: 0.8552, Top5Accuracy: 0.9043, Time consumed:1.53s

Training Epoch: 372 [128/50000]	Loss: 0.1407	LR: 0.000011
Evaluating Network.....
Test set: Epoch: 372, Average loss: 0.0107, Top1Accuracy: 0.6826, Top3Accuracy: 0.8559, Top5Accuracy: 0.9045, Time consumed:1.53s

Training Epoch: 373 [128/50000]	Loss: 0.1683	LR: 0.000011
Evaluating Network.....
Test set: Epoch: 373, Average loss: 0.0107, Top1Accuracy: 0.6850, Top3Accuracy: 0.8538, Top5Accuracy: 0.9064, Time consumed:1.53s

Training Epoch: 374 [128/50000]	Loss: 0.2034	LR: 0.000011
Evaluating Network.....
Test set: Epoch: 374, Average loss: 0.0107, Top1Accuracy: 0.6819, Top3Accuracy: 0.8564, Top5Accuracy: 0.9056, Time consumed:1.52s

Training Epoch: 375 [128/50000]	Loss: 0.1467	LR: 0.000010
Evaluating Network.....
Test set: Epoch: 375, Average loss: 0.0107, Top1Accuracy: 0.6843, Top3Accuracy: 0.8563, Top5Accuracy: 0.9056, Time consumed:1.54s

Training Epoch: 376 [128/50000]	Loss: 0.2085	LR: 0.000010
Evaluating Network.....
Test set: Epoch: 376, Average loss: 0.0107, Top1Accuracy: 0.6828, Top3Accuracy: 0.8551, Top5Accuracy: 0.9061, Time consumed:1.54s

Training Epoch: 377 [128/50000]	Loss: 0.2124	LR: 0.000010
Evaluating Network.....
Test set: Epoch: 377, Average loss: 0.0108, Top1Accuracy: 0.6816, Top3Accuracy: 0.8554, Top5Accuracy: 0.9041, Time consumed:1.52s

Training Epoch: 378 [128/50000]	Loss: 0.1869	LR: 0.000010
Evaluating Network.....
Test set: Epoch: 378, Average loss: 0.0108, Top1Accuracy: 0.6839, Top3Accuracy: 0.8546, Top5Accuracy: 0.9056, Time consumed:1.53s

Training Epoch: 379 [128/50000]	Loss: 0.2681	LR: 0.000009
Evaluating Network.....
Test set: Epoch: 379, Average loss: 0.0107, Top1Accuracy: 0.6838, Top3Accuracy: 0.8564, Top5Accuracy: 0.9056, Time consumed:1.53s

Training Epoch: 380 [128/50000]	Loss: 0.2397	LR: 0.000009
Evaluating Network.....
Test set: Epoch: 380, Average loss: 0.0107, Top1Accuracy: 0.6819, Top3Accuracy: 0.8559, Top5Accuracy: 0.9046, Time consumed:1.54s

Training Epoch: 381 [128/50000]	Loss: 0.1534	LR: 0.000009
Evaluating Network.....
Test set: Epoch: 381, Average loss: 0.0108, Top1Accuracy: 0.6830, Top3Accuracy: 0.8551, Top5Accuracy: 0.9059, Time consumed:1.53s

Training Epoch: 382 [128/50000]	Loss: 0.1675	LR: 0.000009
Evaluating Network.....
Test set: Epoch: 382, Average loss: 0.0108, Top1Accuracy: 0.6849, Top3Accuracy: 0.8568, Top5Accuracy: 0.9062, Time consumed:1.53s

Training Epoch: 383 [128/50000]	Loss: 0.2011	LR: 0.000008
Evaluating Network.....
Test set: Epoch: 383, Average loss: 0.0108, Top1Accuracy: 0.6857, Top3Accuracy: 0.8558, Top5Accuracy: 0.9044, Time consumed:1.54s

Training Epoch: 384 [128/50000]	Loss: 0.1613	LR: 0.000008
Evaluating Network.....
Test set: Epoch: 384, Average loss: 0.0108, Top1Accuracy: 0.6842, Top3Accuracy: 0.8558, Top5Accuracy: 0.9053, Time consumed:1.53s

Training Epoch: 385 [128/50000]	Loss: 0.1804	LR: 0.000008
Evaluating Network.....
Test set: Epoch: 385, Average loss: 0.0107, Top1Accuracy: 0.6837, Top3Accuracy: 0.8556, Top5Accuracy: 0.9055, Time consumed:1.53s

Training Epoch: 386 [128/50000]	Loss: 0.1314	LR: 0.000008
Evaluating Network.....
Test set: Epoch: 386, Average loss: 0.0108, Top1Accuracy: 0.6815, Top3Accuracy: 0.8553, Top5Accuracy: 0.9041, Time consumed:1.55s

Training Epoch: 387 [128/50000]	Loss: 0.1540	LR: 0.000008
Evaluating Network.....
Test set: Epoch: 387, Average loss: 0.0107, Top1Accuracy: 0.6830, Top3Accuracy: 0.8559, Top5Accuracy: 0.9046, Time consumed:1.54s

Training Epoch: 388 [128/50000]	Loss: 0.1026	LR: 0.000007
Evaluating Network.....
Test set: Epoch: 388, Average loss: 0.0107, Top1Accuracy: 0.6830, Top3Accuracy: 0.8553, Top5Accuracy: 0.9049, Time consumed:1.52s

Training Epoch: 389 [128/50000]	Loss: 0.1614	LR: 0.000007
Evaluating Network.....
Test set: Epoch: 389, Average loss: 0.0108, Top1Accuracy: 0.6842, Top3Accuracy: 0.8561, Top5Accuracy: 0.9055, Time consumed:1.53s

Training Epoch: 390 [128/50000]	Loss: 0.2205	LR: 0.000007
Evaluating Network.....
Test set: Epoch: 390, Average loss: 0.0109, Top1Accuracy: 0.6839, Top3Accuracy: 0.8554, Top5Accuracy: 0.9052, Time consumed:1.53s

Training Epoch: 391 [128/50000]	Loss: 0.1678	LR: 0.000007
Evaluating Network.....
Test set: Epoch: 391, Average loss: 0.0107, Top1Accuracy: 0.6838, Top3Accuracy: 0.8536, Top5Accuracy: 0.9045, Time consumed:1.60s

Training Epoch: 392 [128/50000]	Loss: 0.1725	LR: 0.000007
Evaluating Network.....
Test set: Epoch: 392, Average loss: 0.0107, Top1Accuracy: 0.6827, Top3Accuracy: 0.8565, Top5Accuracy: 0.9046, Time consumed:1.54s

Training Epoch: 393 [128/50000]	Loss: 0.2062	LR: 0.000006
Evaluating Network.....
Test set: Epoch: 393, Average loss: 0.0107, Top1Accuracy: 0.6829, Top3Accuracy: 0.8547, Top5Accuracy: 0.9047, Time consumed:1.56s

Training Epoch: 394 [128/50000]	Loss: 0.1353	LR: 0.000006
Evaluating Network.....
Test set: Epoch: 394, Average loss: 0.0108, Top1Accuracy: 0.6819, Top3Accuracy: 0.8550, Top5Accuracy: 0.9043, Time consumed:1.45s

Training Epoch: 395 [128/50000]	Loss: 0.1776	LR: 0.000006
Evaluating Network.....
Test set: Epoch: 395, Average loss: 0.0107, Top1Accuracy: 0.6822, Top3Accuracy: 0.8544, Top5Accuracy: 0.9041, Time consumed:1.53s

Training Epoch: 396 [128/50000]	Loss: 0.1032	LR: 0.000006
Evaluating Network.....
Test set: Epoch: 396, Average loss: 0.0108, Top1Accuracy: 0.6836, Top3Accuracy: 0.8566, Top5Accuracy: 0.9054, Time consumed:1.55s

Training Epoch: 397 [128/50000]	Loss: 0.1658	LR: 0.000006
Evaluating Network.....
Test set: Epoch: 397, Average loss: 0.0108, Top1Accuracy: 0.6829, Top3Accuracy: 0.8546, Top5Accuracy: 0.9045, Time consumed:1.55s

Training Epoch: 398 [128/50000]	Loss: 0.1669	LR: 0.000006
Evaluating Network.....
Test set: Epoch: 398, Average loss: 0.0107, Top1Accuracy: 0.6829, Top3Accuracy: 0.8550, Top5Accuracy: 0.9064, Time consumed:1.53s

Training Epoch: 399 [128/50000]	Loss: 0.2265	LR: 0.000005
Evaluating Network.....
Test set: Epoch: 399, Average loss: 0.0107, Top1Accuracy: 0.6824, Top3Accuracy: 0.8542, Top5Accuracy: 0.9051, Time consumed:1.53s

Training Epoch: 400 [128/50000]	Loss: 0.1486	LR: 0.000005
Evaluating Network.....
Test set: Epoch: 400, Average loss: 0.0107, Top1Accuracy: 0.6851, Top3Accuracy: 0.8558, Top5Accuracy: 0.9050, Time consumed:1.46s

